<!DOCTYPE html PUBLIC "-//W3C//DTD XHTML 1.1//EN" "https://www.w3.org/TR/xhtml11/DTD/xhtml11.dtd">
<html xmlns="https://www.w3.org/1999/xhtml">
<head>
<meta http-equiv="content-type" content="text/html; charset=UTF-8"/>
<title>TestNG Report</title>
<style type="text/css">table {margin-bottom:10px;border-collapse:collapse;empty-cells:show}th,td {border:1px solid #009;padding:.25em .5em}th {vertical-align:bottom}td {vertical-align:top}table a {font-weight:bold}.stripe td {background-color: #E6EBF9}.num {text-align:right}.passedodd td {background-color: #3F3}.passedeven td {background-color: #0A0}.skippedodd td {background-color: #DDD}.skippedeven td {background-color: #CCC}.failedodd td,.attn {background-color: #F33}.failedeven td,.stripe .attn {background-color: #D00}.stacktrace {white-space:pre;font-family:monospace}.totop {font-size:85%;text-align:center;border-bottom:2px solid #000}.invisible {display:none}</style>
</head>
<body>
<table>
<tr><th>Test</th><th># Passed</th><th># Skipped</th><th># Retried</th><th># Failed</th><th>Time (ms)</th><th>Included Groups</th><th>Excluded Groups</th></tr>
<tr><th colspan="8">Suite</th></tr>
<tr><td><a href="#t0">Firefox Test</a></td><td class="num">0</td><td class="num attn">9</td><td class="num">0</td><td class="num">0</td><td class="num">456,272</td><td></td><td></td></tr>
<tr class="stripe"><td><a href="#t1">Chrome Test</a></td><td class="num">8</td><td class="num">0</td><td class="num">0</td><td class="num attn">1</td><td class="num">568,389</td><td></td><td></td></tr>
<tr><td><a href="#t2">Edge Test</a></td><td class="num">7</td><td class="num">0</td><td class="num">0</td><td class="num attn">2</td><td class="num">573,586</td><td></td><td></td></tr>
<tr><th>Total</th><th class="num">15</th><th class="num attn">9</th><th class="num">0</th><th class="num attn">3</th><th class="num">1,598,247</th><th colspan="2"></th></tr>
</table>
<table id='summary'><thead><tr><th>Class</th><th>Method</th><th>Start</th><th>Time (ms)</th></tr></thead><tbody><tr><th colspan="4">Suite</th></tr></tbody><tbody id="t0"><tr><th colspan="4">Firefox Test &#8212; failed (configuration methods)</th></tr><tr class="failedeven"><td rowspan="1">amazonTestNGPackage.VerifyElementsPresentOnScreen</td><td><a href="#m0">launchBrowser</a></td><td rowspan="1">1714616995451</td><td rowspan="1">215110</td></tr><tr><th colspan="4">Firefox Test &#8212; skipped (configuration methods)</th></tr><tr class="skippedeven"><td rowspan="5">amazonTestNGPackage.VerifyAccountsAndLists</td><td><a href="#m1">CaptureScreenshotofFailedTest</a></td><td rowspan="1">1714617214200</td><td rowspan="1">-1714617214200</td></tr><tr class="skippedeven"><td><a href="#m2">InitilisationOfPom</a></td><td rowspan="1">1714617213962</td><td rowspan="1">-1714617213962</td></tr><tr class="skippedeven"><td><a href="#m3">Signup</a></td><td rowspan="1">1714617214178</td><td rowspan="1">-1714617214178</td></tr><tr class="skippedeven"><td><a href="#m4">afterclass</a></td><td rowspan="1">1714617214204</td><td rowspan="1">-1714617214204</td></tr><tr class="skippedeven"><td><a href="#m5">closeBrowser</a></td><td rowspan="1">1714617217369</td><td rowspan="1">-1714617217369</td></tr><tr class="skippedodd"><td rowspan="5">amazonTestNGPackage.VerifyAddToCartScenario</td><td><a href="#m6">CaptureScreenshotofFailedTest</a></td><td rowspan="1">1714617215780</td><td rowspan="1">-1714617215780</td></tr><tr class="skippedodd"><td><a href="#m7">InitilisationOfPom</a></td><td rowspan="1">1714617215767</td><td rowspan="1">-1714617215767</td></tr><tr class="skippedodd"><td><a href="#m8">Signup</a></td><td rowspan="1">1714617215770</td><td rowspan="1">-1714617215770</td></tr><tr class="skippedodd"><td><a href="#m9">afterclass</a></td><td rowspan="1">1714617215782</td><td rowspan="1">-1714617215782</td></tr><tr class="skippedodd"><td><a href="#m10">closeBrowser</a></td><td rowspan="1">1714617217379</td><td rowspan="1">-1714617217379</td></tr><tr class="skippedeven"><td rowspan="5">amazonTestNGPackage.VerifyElementsPresentOnScreen</td><td><a href="#m11">CaptureScreenshotofFailedTest</a></td><td rowspan="1">1714617217364</td><td rowspan="1">-1714617217364</td></tr><tr class="skippedeven"><td><a href="#m12">InitilisationOfPom</a></td><td rowspan="1">1714617215294</td><td rowspan="1">-1714617215294</td></tr><tr class="skippedeven"><td><a href="#m13">Signup</a></td><td rowspan="1">1714617217344</td><td rowspan="1">-1714617217344</td></tr><tr class="skippedeven"><td><a href="#m14">afterclass</a></td><td rowspan="1">1714617217365</td><td rowspan="1">-1714617217365</td></tr><tr class="skippedeven"><td><a href="#m15">closeBrowser</a></td><td rowspan="1">1714617217381</td><td rowspan="1">-1714617217381</td></tr><tr class="skippedodd"><td rowspan="6">amazonTestNGPackage.VerifyIncreaseInQuantityNumberOnAddingSameItem</td><td><a href="#m16">CaptureScreenshotofFailedTest</a></td><td rowspan="1">1714617215215</td><td rowspan="1">-1714617215215</td></tr><tr class="skippedodd"><td><a href="#m17">InitilisationOfPom</a></td><td rowspan="1">1714617214212</td><td rowspan="1">-1714617214212</td></tr><tr class="skippedodd"><td><a href="#m18">Signup</a></td><td rowspan="1">1714617215201</td><td rowspan="1">-1714617215201</td></tr><tr class="skippedodd"><td><a href="#m19">afterclass</a></td><td rowspan="1">1714617215219</td><td rowspan="1">-1714617215219</td></tr><tr class="skippedodd"><td><a href="#m20">closeBrowser</a></td><td rowspan="1">1714617217402</td><td rowspan="1">-1714617217402</td></tr><tr class="skippedodd"><td><a href="#m21">launchBrowser</a></td><td rowspan="1">1714617210929</td><td rowspan="1">-1714617210929</td></tr><tr class="skippedeven"><td rowspan="6">amazonTestNGPackage.VerifyProductRating</td><td><a href="#m22">CaptureScreenshotofFailedTest</a></td><td rowspan="1">1714617215363</td><td rowspan="1">-1714617215363</td></tr><tr class="skippedeven"><td><a href="#m23">InitilisationOfPom</a></td><td rowspan="1">1714617215266</td><td rowspan="1">-1714617215266</td></tr><tr class="skippedeven"><td><a href="#m24">Signup</a></td><td rowspan="1">1714617215315</td><td rowspan="1">-1714617215315</td></tr><tr class="skippedeven"><td><a href="#m25">afterclass</a></td><td rowspan="1">1714617215426</td><td rowspan="1">-1714617215426</td></tr><tr class="skippedeven"><td><a href="#m26">closeBrowser</a></td><td rowspan="1">1714617217464</td><td rowspan="1">-1714617217464</td></tr><tr class="skippedeven"><td><a href="#m27">launchBrowser</a></td><td rowspan="1">1714617210948</td><td rowspan="1">-1714617210948</td></tr><tr class="skippedodd"><td rowspan="6">amazonTestNGPackage.VerifyRemoveElementAddedInCart</td><td><a href="#m28">CaptureScreenshotofFailedTest</a></td><td rowspan="1">1714617215760</td><td rowspan="1">-1714617215760</td></tr><tr class="skippedodd"><td><a href="#m29">InitilisationOfPom</a></td><td rowspan="1">1714617215486</td><td rowspan="1">-1714617215486</td></tr><tr class="skippedodd"><td><a href="#m30">Signup</a></td><td rowspan="1">1714617215747</td><td rowspan="1">-1714617215747</td></tr><tr class="skippedodd"><td><a href="#m31">afterclass</a></td><td rowspan="1">1714617215764</td><td rowspan="1">-1714617215764</td></tr><tr class="skippedodd"><td><a href="#m32">closeBrowser</a></td><td rowspan="1">1714617217480</td><td rowspan="1">-1714617217480</td></tr><tr class="skippedodd"><td><a href="#m33">launchBrowser</a></td><td rowspan="1">1714617210959</td><td rowspan="1">-1714617210959</td></tr><tr class="skippedeven"><td rowspan="6">amazonTestNGPackage.VerifyScrollingDownActionForShareButton</td><td><a href="#m34">CaptureScreenshotofFailedTest</a></td><td rowspan="1">1714617212728</td><td rowspan="1">-1714617212728</td></tr><tr class="skippedeven"><td><a href="#m35">InitilisationOfPom</a></td><td rowspan="1">1714617212433</td><td rowspan="1">-1714617212433</td></tr><tr class="skippedeven"><td><a href="#m36">Signup</a></td><td rowspan="1">1714617212451</td><td rowspan="1">-1714617212451</td></tr><tr class="skippedeven"><td><a href="#m37">afterclass</a></td><td rowspan="1">1714617212731</td><td rowspan="1">-1714617212731</td></tr><tr class="skippedeven"><td><a href="#m38">closeBrowser</a></td><td rowspan="1">1714617217561</td><td rowspan="1">-1714617217561</td></tr><tr class="skippedeven"><td><a href="#m39">launchBrowser</a></td><td rowspan="1">1714617210997</td><td rowspan="1">-1714617210997</td></tr><tr class="skippedodd"><td rowspan="6">amazonTestNGPackage.VerifyTotalAmountIsDisplyedToUser</td><td><a href="#m40">CaptureScreenshotofFailedTest</a></td><td rowspan="1">1714617215237</td><td rowspan="1">-1714617215237</td></tr><tr class="skippedodd"><td><a href="#m41">InitilisationOfPom</a></td><td rowspan="1">1714617215223</td><td rowspan="1">-1714617215223</td></tr><tr class="skippedodd"><td><a href="#m42">Signup</a></td><td rowspan="1">1714617215227</td><td rowspan="1">-1714617215227</td></tr><tr class="skippedodd"><td><a href="#m43">afterclass</a></td><td rowspan="1">1714617217348</td><td rowspan="1">-1714617217348</td></tr><tr class="skippedodd"><td><a href="#m44">closeBrowser</a></td><td rowspan="1">1714617217578</td><td rowspan="1">-1714617217578</td></tr><tr class="skippedodd"><td><a href="#m45">launchBrowser</a></td><td rowspan="1">1714617211315</td><td rowspan="1">-1714617211315</td></tr><tr class="skippedeven"><td rowspan="4">testclasses.TestNGTest</td><td><a href="#m46">afterClass</a></td><td rowspan="1">1714617215287</td><td rowspan="1">-1714617215287</td></tr><tr class="skippedeven"><td><a href="#m47">afterMethod</a></td><td rowspan="1">1714617215283</td><td rowspan="1">-1714617215283</td></tr><tr class="skippedeven"><td><a href="#m48">beforeClass</a></td><td rowspan="1">1714617213961</td><td rowspan="1">-1714617213961</td></tr><tr class="skippedeven"><td><a href="#m49">beforeMethod</a></td><td rowspan="1">1714617215268</td><td rowspan="1">-1714617215268</td></tr><tr><th colspan="4">Firefox Test &#8212; skipped</th></tr><tr class="skippedeven"><td rowspan="1">amazonTestNGPackage.VerifyAccountsAndLists</td><td><a href="#m50">clickAccountsAndLists</a></td><td rowspan="1">1714617214185</td><td rowspan="1">0</td></tr><tr class="skippedodd"><td rowspan="1">amazonTestNGPackage.VerifyAddToCartScenario</td><td><a href="#m51">verifyAddToCart</a></td><td rowspan="1">1714617215772</td><td rowspan="1">0</td></tr><tr class="skippedeven"><td rowspan="1">amazonTestNGPackage.VerifyElementsPresentOnScreen</td><td><a href="#m52">checkAutoSuggestion</a></td><td rowspan="1">1714617217348</td><td rowspan="1">0</td></tr><tr class="skippedodd"><td rowspan="1">amazonTestNGPackage.VerifyIncreaseInQuantityNumberOnAddingSameItem</td><td><a href="#m53">verification</a></td><td rowspan="1">1714617215209</td><td rowspan="1">0</td></tr><tr class="skippedeven"><td rowspan="1">amazonTestNGPackage.VerifyProductRating</td><td><a href="#m54">checkAutoSuggestion</a></td><td rowspan="1">1714617215319</td><td rowspan="1">1</td></tr><tr class="skippedodd"><td rowspan="1">amazonTestNGPackage.VerifyRemoveElementAddedInCart</td><td><a href="#m55">methods</a></td><td rowspan="1">1714617215751</td><td rowspan="1">0</td></tr><tr class="skippedeven"><td rowspan="1">amazonTestNGPackage.VerifyScrollingDownActionForShareButton</td><td><a href="#m56">clickAccountsAndLists</a></td><td rowspan="1">1714617212692</td><td rowspan="1">1</td></tr><tr class="skippedodd"><td rowspan="1">amazonTestNGPackage.VerifyTotalAmountIsDisplyedToUser</td><td><a href="#m57">verifyTotalAmountDisplayed</a></td><td rowspan="1">1714617215230</td><td rowspan="1">0</td></tr><tr class="skippedeven"><td rowspan="1">testclasses.TestNGTest</td><td><a href="#m58">test</a></td><td rowspan="1">1714617215272</td><td rowspan="1">0</td></tr></tbody>
<tbody id="t1"><tr><th colspan="4">Chrome Test &#8212; failed</th></tr><tr class="failedeven"><td rowspan="1">amazonTestNGPackage.VerifyAddToCartScenario</td><td><a href="#m59">verifyAddToCart</a></td><td rowspan="1">1714617071251</td><td rowspan="1">63640</td></tr><tr><th colspan="4">Chrome Test &#8212; passed</th></tr><tr class="passedeven"><td rowspan="1">amazonTestNGPackage.VerifyAccountsAndLists</td><td><a href="#m60">clickAccountsAndLists</a></td><td rowspan="1">1714616802288</td><td rowspan="1">31410</td></tr><tr class="passedodd"><td rowspan="1">amazonTestNGPackage.VerifyElementsPresentOnScreen</td><td><a href="#m61">checkAutoSuggestion</a></td><td rowspan="1">1714616957834</td><td rowspan="1">124964</td></tr><tr class="passedeven"><td rowspan="1">amazonTestNGPackage.VerifyIncreaseInQuantityNumberOnAddingSameItem</td><td><a href="#m62">verification</a></td><td rowspan="1">1714616802122</td><td rowspan="1">137777</td></tr><tr class="passedodd"><td rowspan="1">amazonTestNGPackage.VerifyProductRating</td><td><a href="#m63">checkAutoSuggestion</a></td><td rowspan="1">1714616844625</td><td rowspan="1">205594</td></tr><tr class="passedeven"><td rowspan="1">amazonTestNGPackage.VerifyRemoveElementAddedInCart</td><td><a href="#m64">methods</a></td><td rowspan="1">1714617045697</td><td rowspan="1">249060</td></tr><tr class="passedodd"><td rowspan="1">amazonTestNGPackage.VerifyScrollingDownActionForShareButton</td><td><a href="#m65">clickAccountsAndLists</a></td><td rowspan="1">1714616800818</td><td rowspan="1">26382</td></tr><tr class="passedeven"><td rowspan="1">amazonTestNGPackage.VerifyTotalAmountIsDisplyedToUser</td><td><a href="#m66">verifyTotalAmountDisplayed</a></td><td rowspan="1">1714616829769</td><td rowspan="1">210548</td></tr><tr class="passedodd"><td rowspan="1">testclasses.TestNGTest</td><td><a href="#m67">test</a></td><td rowspan="1">1714616794921</td><td rowspan="1">15</td></tr></tbody>
<tbody id="t2"><tr><th colspan="4">Edge Test &#8212; failed</th></tr><tr class="failedeven"><td rowspan="1">amazonTestNGPackage.VerifyRemoveElementAddedInCart</td><td><a href="#m68">methods</a></td><td rowspan="1">1714617081394</td><td rowspan="1">153054</td></tr><tr class="failedodd"><td rowspan="1">amazonTestNGPackage.VerifyTotalAmountIsDisplyedToUser</td><td><a href="#m69">verifyTotalAmountDisplayed</a></td><td rowspan="1">1714616962678</td><td rowspan="1">223384</td></tr><tr><th colspan="4">Edge Test &#8212; passed</th></tr><tr class="passedeven"><td rowspan="1">amazonTestNGPackage.VerifyAccountsAndLists</td><td><a href="#m70">clickAccountsAndLists</a></td><td rowspan="1">1714616935148</td><td rowspan="1">33230</td></tr><tr class="passedodd"><td rowspan="1">amazonTestNGPackage.VerifyAddToCartScenario</td><td><a href="#m71">verifyAddToCart</a></td><td rowspan="1">1714617115794</td><td rowspan="1">179558</td></tr><tr class="passedeven"><td rowspan="1">amazonTestNGPackage.VerifyElementsPresentOnScreen</td><td><a href="#m72">checkAutoSuggestion</a></td><td rowspan="1">1714617040753</td><td rowspan="1">57370</td></tr><tr class="passedodd"><td rowspan="1">amazonTestNGPackage.VerifyIncreaseInQuantityNumberOnAddingSameItem</td><td><a href="#m73">verification</a></td><td rowspan="1">1714616923678</td><td rowspan="1">123998</td></tr><tr class="passedeven"><td rowspan="1">amazonTestNGPackage.VerifyProductRating</td><td><a href="#m74">checkAutoSuggestion</a></td><td rowspan="1">1714616969367</td><td rowspan="1">66914</td></tr><tr class="passedodd"><td rowspan="1">amazonTestNGPackage.VerifyScrollingDownActionForShareButton</td><td><a href="#m75">clickAccountsAndLists</a></td><td rowspan="1">1714616911382</td><td rowspan="1">30286</td></tr><tr class="passedeven"><td rowspan="1">testclasses.TestNGTest</td><td><a href="#m76">test</a></td><td rowspan="1">1714616893312</td><td rowspan="1">62</td></tr></tbody>
</table>
<h2>Firefox Test</h2><h3 id="m0">amazonTestNGPackage.VerifyElementsPresentOnScreen#launchBrowser</h3><table class="result"><tr class="param"><th>Parameter #1</th></tr><tr class="param stripe"><td>Firefox</td></tr><tr><th>Exception</th></tr><tr><td><div class="stacktrace">org.openqa.selenium.SessionNotCreatedException: Could not start a new session. Possible causes are invalid address of the remote server or browser start-up failure. 
Host info: host: &apos;DESKTOP-FSSQCH0&apos;, ip: &apos;192.168.1.6&apos;
	at org.openqa.selenium.remote.RemoteWebDriver.execute(RemoteWebDriver.java:536)
	at org.openqa.selenium.remote.RemoteWebDriver.startSession(RemoteWebDriver.java:232)
	at org.openqa.selenium.remote.RemoteWebDriver.&lt;init&gt;(RemoteWebDriver.java:161)
	at org.openqa.selenium.firefox.FirefoxDriver.&lt;init&gt;(FirefoxDriver.java:155)
	at org.openqa.selenium.firefox.FirefoxDriver.&lt;init&gt;(FirefoxDriver.java:150)
	at org.openqa.selenium.firefox.FirefoxDriver.&lt;init&gt;(FirefoxDriver.java:133)
	at org.openqa.selenium.firefox.FirefoxDriver.&lt;init&gt;(FirefoxDriver.java:128)
	at org.openqa.selenium.firefox.FirefoxDriver.&lt;init&gt;(FirefoxDriver.java:113)
	at org.openqa.selenium.firefox.FirefoxDriver.&lt;init&gt;(FirefoxDriver.java:103)
	at browsersetting.Browsers.openFirefoxBrowser(Browsers.java:17)
	at amazonTestNGPackage.VerifyElementsPresentOnScreen.launchBrowser(VerifyElementsPresentOnScreen.java:35)
	at java.base/java.util.concurrent.FutureTask.run(FutureTask.java:317)
	at java.base/java.util.concurrent.ThreadPoolExecutor.runWorker(ThreadPoolExecutor.java:1144)
	at java.base/java.util.concurrent.ThreadPoolExecutor$Worker.run(ThreadPoolExecutor.java:642)
	at java.base/java.lang.Thread.run(Thread.java:1623)
Caused by: org.openqa.selenium.TimeoutException: java.util.concurrent.TimeoutException
Build info: version: &apos;4.19.1&apos;, revision: &apos;abe0ee07dc&apos;
System info: os.name: &apos;Windows 11&apos;, os.arch: &apos;amd64&apos;, os.version: &apos;10.0&apos;, java.version: &apos;20.0.1&apos;
Driver info: driver.version: FirefoxDriver
	at org.openqa.selenium.remote.http.jdk.JdkHttpClient.execute0(JdkHttpClient.java:396)
	at org.openqa.selenium.remote.http.AddSeleniumUserAgent.lambda$apply$0(AddSeleniumUserAgent.java:42)
	at org.openqa.selenium.remote.http.Filter.lambda$andFinally$1(Filter.java:55)
	at org.openqa.selenium.remote.http.jdk.JdkHttpClient.execute(JdkHttpClient.java:352)
	at org.openqa.selenium.remote.ProtocolHandshake.createSession(ProtocolHandshake.java:89)
	at org.openqa.selenium.remote.ProtocolHandshake.createSession(ProtocolHandshake.java:75)
	at org.openqa.selenium.remote.ProtocolHandshake.createSession(ProtocolHandshake.java:61)
	at org.openqa.selenium.remote.HttpCommandExecutor.execute(HttpCommandExecutor.java:162)
	at org.openqa.selenium.remote.service.DriverCommandExecutor.invokeExecute(DriverCommandExecutor.java:216)
	at org.openqa.selenium.remote.service.DriverCommandExecutor.execute(DriverCommandExecutor.java:174)
	at org.openqa.selenium.remote.RemoteWebDriver.execute(RemoteWebDriver.java:518)
	... 27 more
Caused by: java.util.concurrent.TimeoutException
	at java.base/java.util.concurrent.CompletableFuture.timedGet(CompletableFuture.java:1960)
	at java.base/java.util.concurrent.CompletableFuture.get(CompletableFuture.java:2095)
	at org.openqa.selenium.remote.http.jdk.JdkHttpClient.execute0(JdkHttpClient.java:379)
	... 37 more
... Removed 13 stack frames</div></td></tr></table><p class="totop"><a href="#summary">back to summary</a></p>
<h3 id="m1">amazonTestNGPackage.VerifyAccountsAndLists#CaptureScreenshotofFailedTest</h3><table class="result"><tr><th class="invisible"/></tr></table><p class="totop"><a href="#summary">back to summary</a></p>
<h3 id="m2">amazonTestNGPackage.VerifyAccountsAndLists#InitilisationOfPom</h3><table class="result"><tr><th class="invisible"/></tr></table><p class="totop"><a href="#summary">back to summary</a></p>
<h3 id="m3">amazonTestNGPackage.VerifyAccountsAndLists#Signup</h3><table class="result"><tr><th class="invisible"/></tr></table><p class="totop"><a href="#summary">back to summary</a></p>
<h3 id="m4">amazonTestNGPackage.VerifyAccountsAndLists#afterclass</h3><table class="result"><tr><th class="invisible"/></tr></table><p class="totop"><a href="#summary">back to summary</a></p>
<h3 id="m5">amazonTestNGPackage.VerifyAccountsAndLists#closeBrowser</h3><table class="result"><tr><th class="invisible"/></tr></table><p class="totop"><a href="#summary">back to summary</a></p>
<h3 id="m6">amazonTestNGPackage.VerifyAddToCartScenario#CaptureScreenshotofFailedTest</h3><table class="result"><tr><th class="invisible"/></tr></table><p class="totop"><a href="#summary">back to summary</a></p>
<h3 id="m7">amazonTestNGPackage.VerifyAddToCartScenario#InitilisationOfPom</h3><table class="result"><tr><th class="invisible"/></tr></table><p class="totop"><a href="#summary">back to summary</a></p>
<h3 id="m8">amazonTestNGPackage.VerifyAddToCartScenario#Signup</h3><table class="result"><tr><th class="invisible"/></tr></table><p class="totop"><a href="#summary">back to summary</a></p>
<h3 id="m9">amazonTestNGPackage.VerifyAddToCartScenario#afterclass</h3><table class="result"><tr><th class="invisible"/></tr></table><p class="totop"><a href="#summary">back to summary</a></p>
<h3 id="m10">amazonTestNGPackage.VerifyAddToCartScenario#closeBrowser</h3><table class="result"><tr><th class="invisible"/></tr></table><p class="totop"><a href="#summary">back to summary</a></p>
<h3 id="m11">amazonTestNGPackage.VerifyElementsPresentOnScreen#CaptureScreenshotofFailedTest</h3><table class="result"><tr><th class="invisible"/></tr></table><p class="totop"><a href="#summary">back to summary</a></p>
<h3 id="m12">amazonTestNGPackage.VerifyElementsPresentOnScreen#InitilisationOfPom</h3><table class="result"><tr><th class="invisible"/></tr></table><p class="totop"><a href="#summary">back to summary</a></p>
<h3 id="m13">amazonTestNGPackage.VerifyElementsPresentOnScreen#Signup</h3><table class="result"><tr><th class="invisible"/></tr></table><p class="totop"><a href="#summary">back to summary</a></p>
<h3 id="m14">amazonTestNGPackage.VerifyElementsPresentOnScreen#afterclass</h3><table class="result"><tr><th class="invisible"/></tr></table><p class="totop"><a href="#summary">back to summary</a></p>
<h3 id="m15">amazonTestNGPackage.VerifyElementsPresentOnScreen#closeBrowser</h3><table class="result"><tr><th class="invisible"/></tr></table><p class="totop"><a href="#summary">back to summary</a></p>
<h3 id="m16">amazonTestNGPackage.VerifyIncreaseInQuantityNumberOnAddingSameItem#CaptureScreenshotofFailedTest</h3><table class="result"><tr><th class="invisible"/></tr></table><p class="totop"><a href="#summary">back to summary</a></p>
<h3 id="m17">amazonTestNGPackage.VerifyIncreaseInQuantityNumberOnAddingSameItem#InitilisationOfPom</h3><table class="result"><tr><th class="invisible"/></tr></table><p class="totop"><a href="#summary">back to summary</a></p>
<h3 id="m18">amazonTestNGPackage.VerifyIncreaseInQuantityNumberOnAddingSameItem#Signup</h3><table class="result"><tr><th class="invisible"/></tr></table><p class="totop"><a href="#summary">back to summary</a></p>
<h3 id="m19">amazonTestNGPackage.VerifyIncreaseInQuantityNumberOnAddingSameItem#afterclass</h3><table class="result"><tr><th class="invisible"/></tr></table><p class="totop"><a href="#summary">back to summary</a></p>
<h3 id="m20">amazonTestNGPackage.VerifyIncreaseInQuantityNumberOnAddingSameItem#closeBrowser</h3><table class="result"><tr><th class="invisible"/></tr></table><p class="totop"><a href="#summary">back to summary</a></p>
<h3 id="m21">amazonTestNGPackage.VerifyIncreaseInQuantityNumberOnAddingSameItem#launchBrowser</h3><table class="result"><tr><th class="invisible"/></tr></table><p class="totop"><a href="#summary">back to summary</a></p>
<h3 id="m22">amazonTestNGPackage.VerifyProductRating#CaptureScreenshotofFailedTest</h3><table class="result"><tr><th class="invisible"/></tr></table><p class="totop"><a href="#summary">back to summary</a></p>
<h3 id="m23">amazonTestNGPackage.VerifyProductRating#InitilisationOfPom</h3><table class="result"><tr><th class="invisible"/></tr></table><p class="totop"><a href="#summary">back to summary</a></p>
<h3 id="m24">amazonTestNGPackage.VerifyProductRating#Signup</h3><table class="result"><tr><th class="invisible"/></tr></table><p class="totop"><a href="#summary">back to summary</a></p>
<h3 id="m25">amazonTestNGPackage.VerifyProductRating#afterclass</h3><table class="result"><tr><th class="invisible"/></tr></table><p class="totop"><a href="#summary">back to summary</a></p>
<h3 id="m26">amazonTestNGPackage.VerifyProductRating#closeBrowser</h3><table class="result"><tr><th class="invisible"/></tr></table><p class="totop"><a href="#summary">back to summary</a></p>
<h3 id="m27">amazonTestNGPackage.VerifyProductRating#launchBrowser</h3><table class="result"><tr><th class="invisible"/></tr></table><p class="totop"><a href="#summary">back to summary</a></p>
<h3 id="m28">amazonTestNGPackage.VerifyRemoveElementAddedInCart#CaptureScreenshotofFailedTest</h3><table class="result"><tr><th class="invisible"/></tr></table><p class="totop"><a href="#summary">back to summary</a></p>
<h3 id="m29">amazonTestNGPackage.VerifyRemoveElementAddedInCart#InitilisationOfPom</h3><table class="result"><tr><th class="invisible"/></tr></table><p class="totop"><a href="#summary">back to summary</a></p>
<h3 id="m30">amazonTestNGPackage.VerifyRemoveElementAddedInCart#Signup</h3><table class="result"><tr><th class="invisible"/></tr></table><p class="totop"><a href="#summary">back to summary</a></p>
<h3 id="m31">amazonTestNGPackage.VerifyRemoveElementAddedInCart#afterclass</h3><table class="result"><tr><th class="invisible"/></tr></table><p class="totop"><a href="#summary">back to summary</a></p>
<h3 id="m32">amazonTestNGPackage.VerifyRemoveElementAddedInCart#closeBrowser</h3><table class="result"><tr><th class="invisible"/></tr></table><p class="totop"><a href="#summary">back to summary</a></p>
<h3 id="m33">amazonTestNGPackage.VerifyRemoveElementAddedInCart#launchBrowser</h3><table class="result"><tr><th class="invisible"/></tr></table><p class="totop"><a href="#summary">back to summary</a></p>
<h3 id="m34">amazonTestNGPackage.VerifyScrollingDownActionForShareButton#CaptureScreenshotofFailedTest</h3><table class="result"><tr><th class="invisible"/></tr></table><p class="totop"><a href="#summary">back to summary</a></p>
<h3 id="m35">amazonTestNGPackage.VerifyScrollingDownActionForShareButton#InitilisationOfPom</h3><table class="result"><tr><th class="invisible"/></tr></table><p class="totop"><a href="#summary">back to summary</a></p>
<h3 id="m36">amazonTestNGPackage.VerifyScrollingDownActionForShareButton#Signup</h3><table class="result"><tr><th class="invisible"/></tr></table><p class="totop"><a href="#summary">back to summary</a></p>
<h3 id="m37">amazonTestNGPackage.VerifyScrollingDownActionForShareButton#afterclass</h3><table class="result"><tr><th class="invisible"/></tr></table><p class="totop"><a href="#summary">back to summary</a></p>
<h3 id="m38">amazonTestNGPackage.VerifyScrollingDownActionForShareButton#closeBrowser</h3><table class="result"><tr><th class="invisible"/></tr></table><p class="totop"><a href="#summary">back to summary</a></p>
<h3 id="m39">amazonTestNGPackage.VerifyScrollingDownActionForShareButton#launchBrowser</h3><table class="result"><tr><th class="invisible"/></tr></table><p class="totop"><a href="#summary">back to summary</a></p>
<h3 id="m40">amazonTestNGPackage.VerifyTotalAmountIsDisplyedToUser#CaptureScreenshotofFailedTest</h3><table class="result"><tr><th class="invisible"/></tr></table><p class="totop"><a href="#summary">back to summary</a></p>
<h3 id="m41">amazonTestNGPackage.VerifyTotalAmountIsDisplyedToUser#InitilisationOfPom</h3><table class="result"><tr><th class="invisible"/></tr></table><p class="totop"><a href="#summary">back to summary</a></p>
<h3 id="m42">amazonTestNGPackage.VerifyTotalAmountIsDisplyedToUser#Signup</h3><table class="result"><tr><th class="invisible"/></tr></table><p class="totop"><a href="#summary">back to summary</a></p>
<h3 id="m43">amazonTestNGPackage.VerifyTotalAmountIsDisplyedToUser#afterclass</h3><table class="result"><tr><th class="invisible"/></tr></table><p class="totop"><a href="#summary">back to summary</a></p>
<h3 id="m44">amazonTestNGPackage.VerifyTotalAmountIsDisplyedToUser#closeBrowser</h3><table class="result"><tr><th class="invisible"/></tr></table><p class="totop"><a href="#summary">back to summary</a></p>
<h3 id="m45">amazonTestNGPackage.VerifyTotalAmountIsDisplyedToUser#launchBrowser</h3><table class="result"><tr><th class="invisible"/></tr></table><p class="totop"><a href="#summary">back to summary</a></p>
<h3 id="m46">testclasses.TestNGTest#afterClass</h3><table class="result"><tr><th class="invisible"/></tr></table><p class="totop"><a href="#summary">back to summary</a></p>
<h3 id="m47">testclasses.TestNGTest#afterMethod</h3><table class="result"><tr><th class="invisible"/></tr></table><p class="totop"><a href="#summary">back to summary</a></p>
<h3 id="m48">testclasses.TestNGTest#beforeClass</h3><table class="result"><tr><th class="invisible"/></tr></table><p class="totop"><a href="#summary">back to summary</a></p>
<h3 id="m49">testclasses.TestNGTest#beforeMethod</h3><table class="result"><tr><th class="invisible"/></tr></table><p class="totop"><a href="#summary">back to summary</a></p>
<h3 id="m50">amazonTestNGPackage.VerifyAccountsAndLists#clickAccountsAndLists</h3><table class="result"><tr><th>Exception</th></tr><tr><td><div class="stacktrace">org.openqa.selenium.SessionNotCreatedException: Could not start a new session. Possible causes are invalid address of the remote server or browser start-up failure. 
Host info: host: &apos;DESKTOP-FSSQCH0&apos;, ip: &apos;192.168.1.6&apos;
	at org.openqa.selenium.remote.RemoteWebDriver.execute(RemoteWebDriver.java:536)
	at org.openqa.selenium.remote.RemoteWebDriver.startSession(RemoteWebDriver.java:232)
	at org.openqa.selenium.remote.RemoteWebDriver.&lt;init&gt;(RemoteWebDriver.java:161)
	at org.openqa.selenium.firefox.FirefoxDriver.&lt;init&gt;(FirefoxDriver.java:155)
	at org.openqa.selenium.firefox.FirefoxDriver.&lt;init&gt;(FirefoxDriver.java:150)
	at org.openqa.selenium.firefox.FirefoxDriver.&lt;init&gt;(FirefoxDriver.java:133)
	at org.openqa.selenium.firefox.FirefoxDriver.&lt;init&gt;(FirefoxDriver.java:128)
	at org.openqa.selenium.firefox.FirefoxDriver.&lt;init&gt;(FirefoxDriver.java:113)
	at org.openqa.selenium.firefox.FirefoxDriver.&lt;init&gt;(FirefoxDriver.java:103)
	at browsersetting.Browsers.openFirefoxBrowser(Browsers.java:17)
	at amazonTestNGPackage.VerifyElementsPresentOnScreen.launchBrowser(VerifyElementsPresentOnScreen.java:35)
	at java.base/java.util.concurrent.FutureTask.run(FutureTask.java:317)
	at java.base/java.util.concurrent.ThreadPoolExecutor.runWorker(ThreadPoolExecutor.java:1144)
	at java.base/java.util.concurrent.ThreadPoolExecutor$Worker.run(ThreadPoolExecutor.java:642)
	at java.base/java.lang.Thread.run(Thread.java:1623)
Caused by: org.openqa.selenium.TimeoutException: java.util.concurrent.TimeoutException
Build info: version: &apos;4.19.1&apos;, revision: &apos;abe0ee07dc&apos;
System info: os.name: &apos;Windows 11&apos;, os.arch: &apos;amd64&apos;, os.version: &apos;10.0&apos;, java.version: &apos;20.0.1&apos;
Driver info: driver.version: FirefoxDriver
	at org.openqa.selenium.remote.http.jdk.JdkHttpClient.execute0(JdkHttpClient.java:396)
	at org.openqa.selenium.remote.http.AddSeleniumUserAgent.lambda$apply$0(AddSeleniumUserAgent.java:42)
	at org.openqa.selenium.remote.http.Filter.lambda$andFinally$1(Filter.java:55)
	at org.openqa.selenium.remote.http.jdk.JdkHttpClient.execute(JdkHttpClient.java:352)
	at org.openqa.selenium.remote.ProtocolHandshake.createSession(ProtocolHandshake.java:89)
	at org.openqa.selenium.remote.ProtocolHandshake.createSession(ProtocolHandshake.java:75)
	at org.openqa.selenium.remote.ProtocolHandshake.createSession(ProtocolHandshake.java:61)
	at org.openqa.selenium.remote.HttpCommandExecutor.execute(HttpCommandExecutor.java:162)
	at org.openqa.selenium.remote.service.DriverCommandExecutor.invokeExecute(DriverCommandExecutor.java:216)
	at org.openqa.selenium.remote.service.DriverCommandExecutor.execute(DriverCommandExecutor.java:174)
	at org.openqa.selenium.remote.RemoteWebDriver.execute(RemoteWebDriver.java:518)
	... 27 more
Caused by: java.util.concurrent.TimeoutException
	at java.base/java.util.concurrent.CompletableFuture.timedGet(CompletableFuture.java:1960)
	at java.base/java.util.concurrent.CompletableFuture.get(CompletableFuture.java:2095)
	at org.openqa.selenium.remote.http.jdk.JdkHttpClient.execute0(JdkHttpClient.java:379)
	... 37 more
... Removed 13 stack frames</div></td></tr></table><p class="totop"><a href="#summary">back to summary</a></p>
<h3 id="m51">amazonTestNGPackage.VerifyAddToCartScenario#verifyAddToCart</h3><table class="result"><tr><th>Exception</th></tr><tr><td><div class="stacktrace">org.openqa.selenium.SessionNotCreatedException: Could not start a new session. Possible causes are invalid address of the remote server or browser start-up failure. 
Host info: host: &apos;DESKTOP-FSSQCH0&apos;, ip: &apos;192.168.1.6&apos;
	at org.openqa.selenium.remote.RemoteWebDriver.execute(RemoteWebDriver.java:536)
	at org.openqa.selenium.remote.RemoteWebDriver.startSession(RemoteWebDriver.java:232)
	at org.openqa.selenium.remote.RemoteWebDriver.&lt;init&gt;(RemoteWebDriver.java:161)
	at org.openqa.selenium.firefox.FirefoxDriver.&lt;init&gt;(FirefoxDriver.java:155)
	at org.openqa.selenium.firefox.FirefoxDriver.&lt;init&gt;(FirefoxDriver.java:150)
	at org.openqa.selenium.firefox.FirefoxDriver.&lt;init&gt;(FirefoxDriver.java:133)
	at org.openqa.selenium.firefox.FirefoxDriver.&lt;init&gt;(FirefoxDriver.java:128)
	at org.openqa.selenium.firefox.FirefoxDriver.&lt;init&gt;(FirefoxDriver.java:113)
	at org.openqa.selenium.firefox.FirefoxDriver.&lt;init&gt;(FirefoxDriver.java:103)
	at browsersetting.Browsers.openFirefoxBrowser(Browsers.java:17)
	at amazonTestNGPackage.VerifyElementsPresentOnScreen.launchBrowser(VerifyElementsPresentOnScreen.java:35)
	at java.base/java.util.concurrent.FutureTask.run(FutureTask.java:317)
	at java.base/java.util.concurrent.ThreadPoolExecutor.runWorker(ThreadPoolExecutor.java:1144)
	at java.base/java.util.concurrent.ThreadPoolExecutor$Worker.run(ThreadPoolExecutor.java:642)
	at java.base/java.lang.Thread.run(Thread.java:1623)
Caused by: org.openqa.selenium.TimeoutException: java.util.concurrent.TimeoutException
Build info: version: &apos;4.19.1&apos;, revision: &apos;abe0ee07dc&apos;
System info: os.name: &apos;Windows 11&apos;, os.arch: &apos;amd64&apos;, os.version: &apos;10.0&apos;, java.version: &apos;20.0.1&apos;
Driver info: driver.version: FirefoxDriver
	at org.openqa.selenium.remote.http.jdk.JdkHttpClient.execute0(JdkHttpClient.java:396)
	at org.openqa.selenium.remote.http.AddSeleniumUserAgent.lambda$apply$0(AddSeleniumUserAgent.java:42)
	at org.openqa.selenium.remote.http.Filter.lambda$andFinally$1(Filter.java:55)
	at org.openqa.selenium.remote.http.jdk.JdkHttpClient.execute(JdkHttpClient.java:352)
	at org.openqa.selenium.remote.ProtocolHandshake.createSession(ProtocolHandshake.java:89)
	at org.openqa.selenium.remote.ProtocolHandshake.createSession(ProtocolHandshake.java:75)
	at org.openqa.selenium.remote.ProtocolHandshake.createSession(ProtocolHandshake.java:61)
	at org.openqa.selenium.remote.HttpCommandExecutor.execute(HttpCommandExecutor.java:162)
	at org.openqa.selenium.remote.service.DriverCommandExecutor.invokeExecute(DriverCommandExecutor.java:216)
	at org.openqa.selenium.remote.service.DriverCommandExecutor.execute(DriverCommandExecutor.java:174)
	at org.openqa.selenium.remote.RemoteWebDriver.execute(RemoteWebDriver.java:518)
	... 27 more
Caused by: java.util.concurrent.TimeoutException
	at java.base/java.util.concurrent.CompletableFuture.timedGet(CompletableFuture.java:1960)
	at java.base/java.util.concurrent.CompletableFuture.get(CompletableFuture.java:2095)
	at org.openqa.selenium.remote.http.jdk.JdkHttpClient.execute0(JdkHttpClient.java:379)
	... 37 more
... Removed 13 stack frames</div></td></tr></table><p class="totop"><a href="#summary">back to summary</a></p>
<h3 id="m52">amazonTestNGPackage.VerifyElementsPresentOnScreen#checkAutoSuggestion</h3><table class="result"><tr><th>Exception</th></tr><tr><td><div class="stacktrace">org.openqa.selenium.SessionNotCreatedException: Could not start a new session. Possible causes are invalid address of the remote server or browser start-up failure. 
Host info: host: &apos;DESKTOP-FSSQCH0&apos;, ip: &apos;192.168.1.6&apos;
	at org.openqa.selenium.remote.RemoteWebDriver.execute(RemoteWebDriver.java:536)
	at org.openqa.selenium.remote.RemoteWebDriver.startSession(RemoteWebDriver.java:232)
	at org.openqa.selenium.remote.RemoteWebDriver.&lt;init&gt;(RemoteWebDriver.java:161)
	at org.openqa.selenium.firefox.FirefoxDriver.&lt;init&gt;(FirefoxDriver.java:155)
	at org.openqa.selenium.firefox.FirefoxDriver.&lt;init&gt;(FirefoxDriver.java:150)
	at org.openqa.selenium.firefox.FirefoxDriver.&lt;init&gt;(FirefoxDriver.java:133)
	at org.openqa.selenium.firefox.FirefoxDriver.&lt;init&gt;(FirefoxDriver.java:128)
	at org.openqa.selenium.firefox.FirefoxDriver.&lt;init&gt;(FirefoxDriver.java:113)
	at org.openqa.selenium.firefox.FirefoxDriver.&lt;init&gt;(FirefoxDriver.java:103)
	at browsersetting.Browsers.openFirefoxBrowser(Browsers.java:17)
	at amazonTestNGPackage.VerifyElementsPresentOnScreen.launchBrowser(VerifyElementsPresentOnScreen.java:35)
	at java.base/java.util.concurrent.FutureTask.run(FutureTask.java:317)
	at java.base/java.util.concurrent.ThreadPoolExecutor.runWorker(ThreadPoolExecutor.java:1144)
	at java.base/java.util.concurrent.ThreadPoolExecutor$Worker.run(ThreadPoolExecutor.java:642)
	at java.base/java.lang.Thread.run(Thread.java:1623)
Caused by: org.openqa.selenium.TimeoutException: java.util.concurrent.TimeoutException
Build info: version: &apos;4.19.1&apos;, revision: &apos;abe0ee07dc&apos;
System info: os.name: &apos;Windows 11&apos;, os.arch: &apos;amd64&apos;, os.version: &apos;10.0&apos;, java.version: &apos;20.0.1&apos;
Driver info: driver.version: FirefoxDriver
	at org.openqa.selenium.remote.http.jdk.JdkHttpClient.execute0(JdkHttpClient.java:396)
	at org.openqa.selenium.remote.http.AddSeleniumUserAgent.lambda$apply$0(AddSeleniumUserAgent.java:42)
	at org.openqa.selenium.remote.http.Filter.lambda$andFinally$1(Filter.java:55)
	at org.openqa.selenium.remote.http.jdk.JdkHttpClient.execute(JdkHttpClient.java:352)
	at org.openqa.selenium.remote.ProtocolHandshake.createSession(ProtocolHandshake.java:89)
	at org.openqa.selenium.remote.ProtocolHandshake.createSession(ProtocolHandshake.java:75)
	at org.openqa.selenium.remote.ProtocolHandshake.createSession(ProtocolHandshake.java:61)
	at org.openqa.selenium.remote.HttpCommandExecutor.execute(HttpCommandExecutor.java:162)
	at org.openqa.selenium.remote.service.DriverCommandExecutor.invokeExecute(DriverCommandExecutor.java:216)
	at org.openqa.selenium.remote.service.DriverCommandExecutor.execute(DriverCommandExecutor.java:174)
	at org.openqa.selenium.remote.RemoteWebDriver.execute(RemoteWebDriver.java:518)
	... 27 more
Caused by: java.util.concurrent.TimeoutException
	at java.base/java.util.concurrent.CompletableFuture.timedGet(CompletableFuture.java:1960)
	at java.base/java.util.concurrent.CompletableFuture.get(CompletableFuture.java:2095)
	at org.openqa.selenium.remote.http.jdk.JdkHttpClient.execute0(JdkHttpClient.java:379)
	... 37 more
... Removed 13 stack frames</div></td></tr></table><p class="totop"><a href="#summary">back to summary</a></p>
<h3 id="m53">amazonTestNGPackage.VerifyIncreaseInQuantityNumberOnAddingSameItem#verification</h3><table class="result"><tr><th>Exception</th></tr><tr><td><div class="stacktrace">org.openqa.selenium.SessionNotCreatedException: Could not start a new session. Possible causes are invalid address of the remote server or browser start-up failure. 
Host info: host: &apos;DESKTOP-FSSQCH0&apos;, ip: &apos;192.168.1.6&apos;
	at org.openqa.selenium.remote.RemoteWebDriver.execute(RemoteWebDriver.java:536)
	at org.openqa.selenium.remote.RemoteWebDriver.startSession(RemoteWebDriver.java:232)
	at org.openqa.selenium.remote.RemoteWebDriver.&lt;init&gt;(RemoteWebDriver.java:161)
	at org.openqa.selenium.firefox.FirefoxDriver.&lt;init&gt;(FirefoxDriver.java:155)
	at org.openqa.selenium.firefox.FirefoxDriver.&lt;init&gt;(FirefoxDriver.java:150)
	at org.openqa.selenium.firefox.FirefoxDriver.&lt;init&gt;(FirefoxDriver.java:133)
	at org.openqa.selenium.firefox.FirefoxDriver.&lt;init&gt;(FirefoxDriver.java:128)
	at org.openqa.selenium.firefox.FirefoxDriver.&lt;init&gt;(FirefoxDriver.java:113)
	at org.openqa.selenium.firefox.FirefoxDriver.&lt;init&gt;(FirefoxDriver.java:103)
	at browsersetting.Browsers.openFirefoxBrowser(Browsers.java:17)
	at amazonTestNGPackage.VerifyElementsPresentOnScreen.launchBrowser(VerifyElementsPresentOnScreen.java:35)
	at java.base/java.util.concurrent.FutureTask.run(FutureTask.java:317)
	at java.base/java.util.concurrent.ThreadPoolExecutor.runWorker(ThreadPoolExecutor.java:1144)
	at java.base/java.util.concurrent.ThreadPoolExecutor$Worker.run(ThreadPoolExecutor.java:642)
	at java.base/java.lang.Thread.run(Thread.java:1623)
Caused by: org.openqa.selenium.TimeoutException: java.util.concurrent.TimeoutException
Build info: version: &apos;4.19.1&apos;, revision: &apos;abe0ee07dc&apos;
System info: os.name: &apos;Windows 11&apos;, os.arch: &apos;amd64&apos;, os.version: &apos;10.0&apos;, java.version: &apos;20.0.1&apos;
Driver info: driver.version: FirefoxDriver
	at org.openqa.selenium.remote.http.jdk.JdkHttpClient.execute0(JdkHttpClient.java:396)
	at org.openqa.selenium.remote.http.AddSeleniumUserAgent.lambda$apply$0(AddSeleniumUserAgent.java:42)
	at org.openqa.selenium.remote.http.Filter.lambda$andFinally$1(Filter.java:55)
	at org.openqa.selenium.remote.http.jdk.JdkHttpClient.execute(JdkHttpClient.java:352)
	at org.openqa.selenium.remote.ProtocolHandshake.createSession(ProtocolHandshake.java:89)
	at org.openqa.selenium.remote.ProtocolHandshake.createSession(ProtocolHandshake.java:75)
	at org.openqa.selenium.remote.ProtocolHandshake.createSession(ProtocolHandshake.java:61)
	at org.openqa.selenium.remote.HttpCommandExecutor.execute(HttpCommandExecutor.java:162)
	at org.openqa.selenium.remote.service.DriverCommandExecutor.invokeExecute(DriverCommandExecutor.java:216)
	at org.openqa.selenium.remote.service.DriverCommandExecutor.execute(DriverCommandExecutor.java:174)
	at org.openqa.selenium.remote.RemoteWebDriver.execute(RemoteWebDriver.java:518)
	... 27 more
Caused by: java.util.concurrent.TimeoutException
	at java.base/java.util.concurrent.CompletableFuture.timedGet(CompletableFuture.java:1960)
	at java.base/java.util.concurrent.CompletableFuture.get(CompletableFuture.java:2095)
	at org.openqa.selenium.remote.http.jdk.JdkHttpClient.execute0(JdkHttpClient.java:379)
	... 37 more
... Removed 13 stack frames</div></td></tr></table><p class="totop"><a href="#summary">back to summary</a></p>
<h3 id="m54">amazonTestNGPackage.VerifyProductRating#checkAutoSuggestion</h3><table class="result"><tr><th>Exception</th></tr><tr><td><div class="stacktrace">org.openqa.selenium.SessionNotCreatedException: Could not start a new session. Possible causes are invalid address of the remote server or browser start-up failure. 
Host info: host: &apos;DESKTOP-FSSQCH0&apos;, ip: &apos;192.168.1.6&apos;
	at org.openqa.selenium.remote.RemoteWebDriver.execute(RemoteWebDriver.java:536)
	at org.openqa.selenium.remote.RemoteWebDriver.startSession(RemoteWebDriver.java:232)
	at org.openqa.selenium.remote.RemoteWebDriver.&lt;init&gt;(RemoteWebDriver.java:161)
	at org.openqa.selenium.firefox.FirefoxDriver.&lt;init&gt;(FirefoxDriver.java:155)
	at org.openqa.selenium.firefox.FirefoxDriver.&lt;init&gt;(FirefoxDriver.java:150)
	at org.openqa.selenium.firefox.FirefoxDriver.&lt;init&gt;(FirefoxDriver.java:133)
	at org.openqa.selenium.firefox.FirefoxDriver.&lt;init&gt;(FirefoxDriver.java:128)
	at org.openqa.selenium.firefox.FirefoxDriver.&lt;init&gt;(FirefoxDriver.java:113)
	at org.openqa.selenium.firefox.FirefoxDriver.&lt;init&gt;(FirefoxDriver.java:103)
	at browsersetting.Browsers.openFirefoxBrowser(Browsers.java:17)
	at amazonTestNGPackage.VerifyElementsPresentOnScreen.launchBrowser(VerifyElementsPresentOnScreen.java:35)
	at java.base/java.util.concurrent.FutureTask.run(FutureTask.java:317)
	at java.base/java.util.concurrent.ThreadPoolExecutor.runWorker(ThreadPoolExecutor.java:1144)
	at java.base/java.util.concurrent.ThreadPoolExecutor$Worker.run(ThreadPoolExecutor.java:642)
	at java.base/java.lang.Thread.run(Thread.java:1623)
Caused by: org.openqa.selenium.TimeoutException: java.util.concurrent.TimeoutException
Build info: version: &apos;4.19.1&apos;, revision: &apos;abe0ee07dc&apos;
System info: os.name: &apos;Windows 11&apos;, os.arch: &apos;amd64&apos;, os.version: &apos;10.0&apos;, java.version: &apos;20.0.1&apos;
Driver info: driver.version: FirefoxDriver
	at org.openqa.selenium.remote.http.jdk.JdkHttpClient.execute0(JdkHttpClient.java:396)
	at org.openqa.selenium.remote.http.AddSeleniumUserAgent.lambda$apply$0(AddSeleniumUserAgent.java:42)
	at org.openqa.selenium.remote.http.Filter.lambda$andFinally$1(Filter.java:55)
	at org.openqa.selenium.remote.http.jdk.JdkHttpClient.execute(JdkHttpClient.java:352)
	at org.openqa.selenium.remote.ProtocolHandshake.createSession(ProtocolHandshake.java:89)
	at org.openqa.selenium.remote.ProtocolHandshake.createSession(ProtocolHandshake.java:75)
	at org.openqa.selenium.remote.ProtocolHandshake.createSession(ProtocolHandshake.java:61)
	at org.openqa.selenium.remote.HttpCommandExecutor.execute(HttpCommandExecutor.java:162)
	at org.openqa.selenium.remote.service.DriverCommandExecutor.invokeExecute(DriverCommandExecutor.java:216)
	at org.openqa.selenium.remote.service.DriverCommandExecutor.execute(DriverCommandExecutor.java:174)
	at org.openqa.selenium.remote.RemoteWebDriver.execute(RemoteWebDriver.java:518)
	... 27 more
Caused by: java.util.concurrent.TimeoutException
	at java.base/java.util.concurrent.CompletableFuture.timedGet(CompletableFuture.java:1960)
	at java.base/java.util.concurrent.CompletableFuture.get(CompletableFuture.java:2095)
	at org.openqa.selenium.remote.http.jdk.JdkHttpClient.execute0(JdkHttpClient.java:379)
	... 37 more
... Removed 13 stack frames</div></td></tr></table><p class="totop"><a href="#summary">back to summary</a></p>
<h3 id="m55">amazonTestNGPackage.VerifyRemoveElementAddedInCart#methods</h3><table class="result"><tr><th>Exception</th></tr><tr><td><div class="stacktrace">org.openqa.selenium.SessionNotCreatedException: Could not start a new session. Possible causes are invalid address of the remote server or browser start-up failure. 
Host info: host: &apos;DESKTOP-FSSQCH0&apos;, ip: &apos;192.168.1.6&apos;
	at org.openqa.selenium.remote.RemoteWebDriver.execute(RemoteWebDriver.java:536)
	at org.openqa.selenium.remote.RemoteWebDriver.startSession(RemoteWebDriver.java:232)
	at org.openqa.selenium.remote.RemoteWebDriver.&lt;init&gt;(RemoteWebDriver.java:161)
	at org.openqa.selenium.firefox.FirefoxDriver.&lt;init&gt;(FirefoxDriver.java:155)
	at org.openqa.selenium.firefox.FirefoxDriver.&lt;init&gt;(FirefoxDriver.java:150)
	at org.openqa.selenium.firefox.FirefoxDriver.&lt;init&gt;(FirefoxDriver.java:133)
	at org.openqa.selenium.firefox.FirefoxDriver.&lt;init&gt;(FirefoxDriver.java:128)
	at org.openqa.selenium.firefox.FirefoxDriver.&lt;init&gt;(FirefoxDriver.java:113)
	at org.openqa.selenium.firefox.FirefoxDriver.&lt;init&gt;(FirefoxDriver.java:103)
	at browsersetting.Browsers.openFirefoxBrowser(Browsers.java:17)
	at amazonTestNGPackage.VerifyElementsPresentOnScreen.launchBrowser(VerifyElementsPresentOnScreen.java:35)
	at java.base/java.util.concurrent.FutureTask.run(FutureTask.java:317)
	at java.base/java.util.concurrent.ThreadPoolExecutor.runWorker(ThreadPoolExecutor.java:1144)
	at java.base/java.util.concurrent.ThreadPoolExecutor$Worker.run(ThreadPoolExecutor.java:642)
	at java.base/java.lang.Thread.run(Thread.java:1623)
Caused by: org.openqa.selenium.TimeoutException: java.util.concurrent.TimeoutException
Build info: version: &apos;4.19.1&apos;, revision: &apos;abe0ee07dc&apos;
System info: os.name: &apos;Windows 11&apos;, os.arch: &apos;amd64&apos;, os.version: &apos;10.0&apos;, java.version: &apos;20.0.1&apos;
Driver info: driver.version: FirefoxDriver
	at org.openqa.selenium.remote.http.jdk.JdkHttpClient.execute0(JdkHttpClient.java:396)
	at org.openqa.selenium.remote.http.AddSeleniumUserAgent.lambda$apply$0(AddSeleniumUserAgent.java:42)
	at org.openqa.selenium.remote.http.Filter.lambda$andFinally$1(Filter.java:55)
	at org.openqa.selenium.remote.http.jdk.JdkHttpClient.execute(JdkHttpClient.java:352)
	at org.openqa.selenium.remote.ProtocolHandshake.createSession(ProtocolHandshake.java:89)
	at org.openqa.selenium.remote.ProtocolHandshake.createSession(ProtocolHandshake.java:75)
	at org.openqa.selenium.remote.ProtocolHandshake.createSession(ProtocolHandshake.java:61)
	at org.openqa.selenium.remote.HttpCommandExecutor.execute(HttpCommandExecutor.java:162)
	at org.openqa.selenium.remote.service.DriverCommandExecutor.invokeExecute(DriverCommandExecutor.java:216)
	at org.openqa.selenium.remote.service.DriverCommandExecutor.execute(DriverCommandExecutor.java:174)
	at org.openqa.selenium.remote.RemoteWebDriver.execute(RemoteWebDriver.java:518)
	... 27 more
Caused by: java.util.concurrent.TimeoutException
	at java.base/java.util.concurrent.CompletableFuture.timedGet(CompletableFuture.java:1960)
	at java.base/java.util.concurrent.CompletableFuture.get(CompletableFuture.java:2095)
	at org.openqa.selenium.remote.http.jdk.JdkHttpClient.execute0(JdkHttpClient.java:379)
	... 37 more
... Removed 13 stack frames</div></td></tr></table><p class="totop"><a href="#summary">back to summary</a></p>
<h3 id="m56">amazonTestNGPackage.VerifyScrollingDownActionForShareButton#clickAccountsAndLists</h3><table class="result"><tr><th>Exception</th></tr><tr><td><div class="stacktrace">org.openqa.selenium.SessionNotCreatedException: Could not start a new session. Possible causes are invalid address of the remote server or browser start-up failure. 
Host info: host: &apos;DESKTOP-FSSQCH0&apos;, ip: &apos;192.168.1.6&apos;
	at org.openqa.selenium.remote.RemoteWebDriver.execute(RemoteWebDriver.java:536)
	at org.openqa.selenium.remote.RemoteWebDriver.startSession(RemoteWebDriver.java:232)
	at org.openqa.selenium.remote.RemoteWebDriver.&lt;init&gt;(RemoteWebDriver.java:161)
	at org.openqa.selenium.firefox.FirefoxDriver.&lt;init&gt;(FirefoxDriver.java:155)
	at org.openqa.selenium.firefox.FirefoxDriver.&lt;init&gt;(FirefoxDriver.java:150)
	at org.openqa.selenium.firefox.FirefoxDriver.&lt;init&gt;(FirefoxDriver.java:133)
	at org.openqa.selenium.firefox.FirefoxDriver.&lt;init&gt;(FirefoxDriver.java:128)
	at org.openqa.selenium.firefox.FirefoxDriver.&lt;init&gt;(FirefoxDriver.java:113)
	at org.openqa.selenium.firefox.FirefoxDriver.&lt;init&gt;(FirefoxDriver.java:103)
	at browsersetting.Browsers.openFirefoxBrowser(Browsers.java:17)
	at amazonTestNGPackage.VerifyElementsPresentOnScreen.launchBrowser(VerifyElementsPresentOnScreen.java:35)
	at java.base/java.util.concurrent.FutureTask.run(FutureTask.java:317)
	at java.base/java.util.concurrent.ThreadPoolExecutor.runWorker(ThreadPoolExecutor.java:1144)
	at java.base/java.util.concurrent.ThreadPoolExecutor$Worker.run(ThreadPoolExecutor.java:642)
	at java.base/java.lang.Thread.run(Thread.java:1623)
Caused by: org.openqa.selenium.TimeoutException: java.util.concurrent.TimeoutException
Build info: version: &apos;4.19.1&apos;, revision: &apos;abe0ee07dc&apos;
System info: os.name: &apos;Windows 11&apos;, os.arch: &apos;amd64&apos;, os.version: &apos;10.0&apos;, java.version: &apos;20.0.1&apos;
Driver info: driver.version: FirefoxDriver
	at org.openqa.selenium.remote.http.jdk.JdkHttpClient.execute0(JdkHttpClient.java:396)
	at org.openqa.selenium.remote.http.AddSeleniumUserAgent.lambda$apply$0(AddSeleniumUserAgent.java:42)
	at org.openqa.selenium.remote.http.Filter.lambda$andFinally$1(Filter.java:55)
	at org.openqa.selenium.remote.http.jdk.JdkHttpClient.execute(JdkHttpClient.java:352)
	at org.openqa.selenium.remote.ProtocolHandshake.createSession(ProtocolHandshake.java:89)
	at org.openqa.selenium.remote.ProtocolHandshake.createSession(ProtocolHandshake.java:75)
	at org.openqa.selenium.remote.ProtocolHandshake.createSession(ProtocolHandshake.java:61)
	at org.openqa.selenium.remote.HttpCommandExecutor.execute(HttpCommandExecutor.java:162)
	at org.openqa.selenium.remote.service.DriverCommandExecutor.invokeExecute(DriverCommandExecutor.java:216)
	at org.openqa.selenium.remote.service.DriverCommandExecutor.execute(DriverCommandExecutor.java:174)
	at org.openqa.selenium.remote.RemoteWebDriver.execute(RemoteWebDriver.java:518)
	... 27 more
Caused by: java.util.concurrent.TimeoutException
	at java.base/java.util.concurrent.CompletableFuture.timedGet(CompletableFuture.java:1960)
	at java.base/java.util.concurrent.CompletableFuture.get(CompletableFuture.java:2095)
	at org.openqa.selenium.remote.http.jdk.JdkHttpClient.execute0(JdkHttpClient.java:379)
	... 37 more
... Removed 13 stack frames</div></td></tr></table><p class="totop"><a href="#summary">back to summary</a></p>
<h3 id="m57">amazonTestNGPackage.VerifyTotalAmountIsDisplyedToUser#verifyTotalAmountDisplayed</h3><table class="result"><tr><th>Exception</th></tr><tr><td><div class="stacktrace">org.openqa.selenium.SessionNotCreatedException: Could not start a new session. Possible causes are invalid address of the remote server or browser start-up failure. 
Host info: host: &apos;DESKTOP-FSSQCH0&apos;, ip: &apos;192.168.1.6&apos;
	at org.openqa.selenium.remote.RemoteWebDriver.execute(RemoteWebDriver.java:536)
	at org.openqa.selenium.remote.RemoteWebDriver.startSession(RemoteWebDriver.java:232)
	at org.openqa.selenium.remote.RemoteWebDriver.&lt;init&gt;(RemoteWebDriver.java:161)
	at org.openqa.selenium.firefox.FirefoxDriver.&lt;init&gt;(FirefoxDriver.java:155)
	at org.openqa.selenium.firefox.FirefoxDriver.&lt;init&gt;(FirefoxDriver.java:150)
	at org.openqa.selenium.firefox.FirefoxDriver.&lt;init&gt;(FirefoxDriver.java:133)
	at org.openqa.selenium.firefox.FirefoxDriver.&lt;init&gt;(FirefoxDriver.java:128)
	at org.openqa.selenium.firefox.FirefoxDriver.&lt;init&gt;(FirefoxDriver.java:113)
	at org.openqa.selenium.firefox.FirefoxDriver.&lt;init&gt;(FirefoxDriver.java:103)
	at browsersetting.Browsers.openFirefoxBrowser(Browsers.java:17)
	at amazonTestNGPackage.VerifyElementsPresentOnScreen.launchBrowser(VerifyElementsPresentOnScreen.java:35)
	at java.base/java.util.concurrent.FutureTask.run(FutureTask.java:317)
	at java.base/java.util.concurrent.ThreadPoolExecutor.runWorker(ThreadPoolExecutor.java:1144)
	at java.base/java.util.concurrent.ThreadPoolExecutor$Worker.run(ThreadPoolExecutor.java:642)
	at java.base/java.lang.Thread.run(Thread.java:1623)
Caused by: org.openqa.selenium.TimeoutException: java.util.concurrent.TimeoutException
Build info: version: &apos;4.19.1&apos;, revision: &apos;abe0ee07dc&apos;
System info: os.name: &apos;Windows 11&apos;, os.arch: &apos;amd64&apos;, os.version: &apos;10.0&apos;, java.version: &apos;20.0.1&apos;
Driver info: driver.version: FirefoxDriver
	at org.openqa.selenium.remote.http.jdk.JdkHttpClient.execute0(JdkHttpClient.java:396)
	at org.openqa.selenium.remote.http.AddSeleniumUserAgent.lambda$apply$0(AddSeleniumUserAgent.java:42)
	at org.openqa.selenium.remote.http.Filter.lambda$andFinally$1(Filter.java:55)
	at org.openqa.selenium.remote.http.jdk.JdkHttpClient.execute(JdkHttpClient.java:352)
	at org.openqa.selenium.remote.ProtocolHandshake.createSession(ProtocolHandshake.java:89)
	at org.openqa.selenium.remote.ProtocolHandshake.createSession(ProtocolHandshake.java:75)
	at org.openqa.selenium.remote.ProtocolHandshake.createSession(ProtocolHandshake.java:61)
	at org.openqa.selenium.remote.HttpCommandExecutor.execute(HttpCommandExecutor.java:162)
	at org.openqa.selenium.remote.service.DriverCommandExecutor.invokeExecute(DriverCommandExecutor.java:216)
	at org.openqa.selenium.remote.service.DriverCommandExecutor.execute(DriverCommandExecutor.java:174)
	at org.openqa.selenium.remote.RemoteWebDriver.execute(RemoteWebDriver.java:518)
	... 27 more
Caused by: java.util.concurrent.TimeoutException
	at java.base/java.util.concurrent.CompletableFuture.timedGet(CompletableFuture.java:1960)
	at java.base/java.util.concurrent.CompletableFuture.get(CompletableFuture.java:2095)
	at org.openqa.selenium.remote.http.jdk.JdkHttpClient.execute0(JdkHttpClient.java:379)
	... 37 more
... Removed 13 stack frames</div></td></tr></table><p class="totop"><a href="#summary">back to summary</a></p>
<h3 id="m58">testclasses.TestNGTest#test</h3><table class="result"><tr><th>Exception</th></tr><tr><td><div class="stacktrace">org.openqa.selenium.SessionNotCreatedException: Could not start a new session. Possible causes are invalid address of the remote server or browser start-up failure. 
Host info: host: &apos;DESKTOP-FSSQCH0&apos;, ip: &apos;192.168.1.6&apos;
	at org.openqa.selenium.remote.RemoteWebDriver.execute(RemoteWebDriver.java:536)
	at org.openqa.selenium.remote.RemoteWebDriver.startSession(RemoteWebDriver.java:232)
	at org.openqa.selenium.remote.RemoteWebDriver.&lt;init&gt;(RemoteWebDriver.java:161)
	at org.openqa.selenium.firefox.FirefoxDriver.&lt;init&gt;(FirefoxDriver.java:155)
	at org.openqa.selenium.firefox.FirefoxDriver.&lt;init&gt;(FirefoxDriver.java:150)
	at org.openqa.selenium.firefox.FirefoxDriver.&lt;init&gt;(FirefoxDriver.java:133)
	at org.openqa.selenium.firefox.FirefoxDriver.&lt;init&gt;(FirefoxDriver.java:128)
	at org.openqa.selenium.firefox.FirefoxDriver.&lt;init&gt;(FirefoxDriver.java:113)
	at org.openqa.selenium.firefox.FirefoxDriver.&lt;init&gt;(FirefoxDriver.java:103)
	at browsersetting.Browsers.openFirefoxBrowser(Browsers.java:17)
	at amazonTestNGPackage.VerifyElementsPresentOnScreen.launchBrowser(VerifyElementsPresentOnScreen.java:35)
	at java.base/java.util.concurrent.FutureTask.run(FutureTask.java:317)
	at java.base/java.util.concurrent.ThreadPoolExecutor.runWorker(ThreadPoolExecutor.java:1144)
	at java.base/java.util.concurrent.ThreadPoolExecutor$Worker.run(ThreadPoolExecutor.java:642)
	at java.base/java.lang.Thread.run(Thread.java:1623)
Caused by: org.openqa.selenium.TimeoutException: java.util.concurrent.TimeoutException
Build info: version: &apos;4.19.1&apos;, revision: &apos;abe0ee07dc&apos;
System info: os.name: &apos;Windows 11&apos;, os.arch: &apos;amd64&apos;, os.version: &apos;10.0&apos;, java.version: &apos;20.0.1&apos;
Driver info: driver.version: FirefoxDriver
	at org.openqa.selenium.remote.http.jdk.JdkHttpClient.execute0(JdkHttpClient.java:396)
	at org.openqa.selenium.remote.http.AddSeleniumUserAgent.lambda$apply$0(AddSeleniumUserAgent.java:42)
	at org.openqa.selenium.remote.http.Filter.lambda$andFinally$1(Filter.java:55)
	at org.openqa.selenium.remote.http.jdk.JdkHttpClient.execute(JdkHttpClient.java:352)
	at org.openqa.selenium.remote.ProtocolHandshake.createSession(ProtocolHandshake.java:89)
	at org.openqa.selenium.remote.ProtocolHandshake.createSession(ProtocolHandshake.java:75)
	at org.openqa.selenium.remote.ProtocolHandshake.createSession(ProtocolHandshake.java:61)
	at org.openqa.selenium.remote.HttpCommandExecutor.execute(HttpCommandExecutor.java:162)
	at org.openqa.selenium.remote.service.DriverCommandExecutor.invokeExecute(DriverCommandExecutor.java:216)
	at org.openqa.selenium.remote.service.DriverCommandExecutor.execute(DriverCommandExecutor.java:174)
	at org.openqa.selenium.remote.RemoteWebDriver.execute(RemoteWebDriver.java:518)
	... 27 more
Caused by: java.util.concurrent.TimeoutException
	at java.base/java.util.concurrent.CompletableFuture.timedGet(CompletableFuture.java:1960)
	at java.base/java.util.concurrent.CompletableFuture.get(CompletableFuture.java:2095)
	at org.openqa.selenium.remote.http.jdk.JdkHttpClient.execute0(JdkHttpClient.java:379)
	... 37 more
... Removed 13 stack frames</div></td></tr></table><p class="totop"><a href="#summary">back to summary</a></p>
<h2>Chrome Test</h2><h3 id="m59">amazonTestNGPackage.VerifyAddToCartScenario#verifyAddToCart</h3><table class="result"><tr><th>Exception</th></tr><tr><td><div class="stacktrace">org.openqa.selenium.ElementNotInteractableException: element not interactable
  (Session info: chrome=124.0.6367.92)
Build info: version: &apos;4.19.1&apos;, revision: &apos;abe0ee07dc&apos;
System info: os.name: &apos;Windows 11&apos;, os.arch: &apos;amd64&apos;, os.version: &apos;10.0&apos;, java.version: &apos;20.0.1&apos;
Driver info: org.openqa.selenium.chrome.ChromeDriver
Command: [037e1f4d0fb4b103644e0bbade3a7aee, clickElement {id=f.4C763272D7A5A26EFF3829FAF41A7B11.d.0E39E97277950EB4F4D7B443261208BC.e.98}]
Capabilities {acceptInsecureCerts: false, browserName: chrome, browserVersion: 124.0.6367.92, chrome: {chromedriverVersion: 124.0.6367.91 (51df0e5e17a8..., userDataDir: C:\Users\Admin\AppData\Loca...}, fedcm:accounts: true, goog:chromeOptions: {debuggerAddress: localhost:52073}, networkConnectionEnabled: false, pageLoadStrategy: normal, platformName: windows, proxy: Proxy(), se:cdp: ws://localhost:52073/devtoo..., se:cdpVersion: 124.0.6367.92, setWindowRect: true, strictFileInteractability: false, timeouts: {implicit: 0, pageLoad: 300000, script: 30000}, unhandledPromptBehavior: dismiss and notify, webauthn:extension:credBlob: true, webauthn:extension:largeBlob: true, webauthn:extension:minPinLength: true, webauthn:extension:prf: true, webauthn:virtualAuthenticators: true}
Element: [[ChromeDriver: chrome on windows (037e1f4d0fb4b103644e0bbade3a7aee)] -&gt; xpath: (//div[2]//span//a//img[@class=&apos;s-image&apos;])[1]]
Session ID: 037e1f4d0fb4b103644e0bbade3a7aee
	at org.openqa.selenium.remote.ErrorCodec.decode(ErrorCodec.java:167)
	at org.openqa.selenium.remote.codec.w3c.W3CHttpResponseCodec.decode(W3CHttpResponseCodec.java:138)
	at org.openqa.selenium.remote.codec.w3c.W3CHttpResponseCodec.decode(W3CHttpResponseCodec.java:50)
	at org.openqa.selenium.remote.HttpCommandExecutor.execute(HttpCommandExecutor.java:190)
	at org.openqa.selenium.remote.service.DriverCommandExecutor.invokeExecute(DriverCommandExecutor.java:216)
	at org.openqa.selenium.remote.service.DriverCommandExecutor.execute(DriverCommandExecutor.java:174)
	at org.openqa.selenium.remote.RemoteWebDriver.execute(RemoteWebDriver.java:518)
	at org.openqa.selenium.remote.RemoteWebElement.execute(RemoteWebElement.java:223)
	at org.openqa.selenium.remote.RemoteWebElement.click(RemoteWebElement.java:76)
	at org.openqa.selenium.support.pagefactory.internal.LocatingElementHandler.invoke(LocatingElementHandler.java:51)
	at jdk.proxy2/jdk.proxy2.$Proxy18.click(Unknown Source)
	at pom.AddToCartScenario.chooseYourPurse(AddToCartScenario.java:41)
	at amazonTestNGPackage.VerifyAddToCartScenario.verifyAddToCart(VerifyAddToCartScenario.java:66)
	at java.base/java.util.concurrent.ThreadPoolExecutor.runWorker(ThreadPoolExecutor.java:1144)
	at java.base/java.util.concurrent.ThreadPoolExecutor$Worker.run(ThreadPoolExecutor.java:642)
	at java.base/java.lang.Thread.run(Thread.java:1623)
... Removed 15 stack frames</div></td></tr></table><p class="totop"><a href="#summary">back to summary</a></p>
<h3 id="m60">amazonTestNGPackage.VerifyAccountsAndLists#clickAccountsAndLists</h3><table class="result"><tr><th class="invisible"/></tr></table><p class="totop"><a href="#summary">back to summary</a></p>
<h3 id="m61">amazonTestNGPackage.VerifyElementsPresentOnScreen#checkAutoSuggestion</h3><table class="result"><tr><th class="invisible"/></tr></table><p class="totop"><a href="#summary">back to summary</a></p>
<h3 id="m62">amazonTestNGPackage.VerifyIncreaseInQuantityNumberOnAddingSameItem#verification</h3><table class="result"><tr><th class="invisible"/></tr></table><p class="totop"><a href="#summary">back to summary</a></p>
<h3 id="m63">amazonTestNGPackage.VerifyProductRating#checkAutoSuggestion</h3><table class="result"><tr><th class="invisible"/></tr></table><p class="totop"><a href="#summary">back to summary</a></p>
<h3 id="m64">amazonTestNGPackage.VerifyRemoveElementAddedInCart#methods</h3><table class="result"><tr><th class="invisible"/></tr></table><p class="totop"><a href="#summary">back to summary</a></p>
<h3 id="m65">amazonTestNGPackage.VerifyScrollingDownActionForShareButton#clickAccountsAndLists</h3><table class="result"><tr><th class="invisible"/></tr></table><p class="totop"><a href="#summary">back to summary</a></p>
<h3 id="m66">amazonTestNGPackage.VerifyTotalAmountIsDisplyedToUser#verifyTotalAmountDisplayed</h3><table class="result"><tr><th class="invisible"/></tr></table><p class="totop"><a href="#summary">back to summary</a></p>
<h3 id="m67">testclasses.TestNGTest#test</h3><table class="result"><tr><th class="invisible"/></tr></table><p class="totop"><a href="#summary">back to summary</a></p>
<h2>Edge Test</h2><h3 id="m68">amazonTestNGPackage.VerifyRemoveElementAddedInCart#methods</h3><table class="result"><tr><th>Exception</th></tr><tr><td><div class="stacktrace">org.openqa.selenium.ElementNotInteractableException: element not interactable
  (Session info: MicrosoftEdge=124.0.2478.67)
Build info: version: &apos;4.19.1&apos;, revision: &apos;abe0ee07dc&apos;
System info: os.name: &apos;Windows 11&apos;, os.arch: &apos;amd64&apos;, os.version: &apos;10.0&apos;, java.version: &apos;20.0.1&apos;
Driver info: org.openqa.selenium.edge.EdgeDriver
Command: [fa7c26f3abfc154fd28b126a4847628b, clickElement {id=f.39ACE4AB492366DED5697D7A6E4EA007.d.AE75E3FE9002BAA1888A7915962710C2.e.4834}]
Capabilities {acceptInsecureCerts: false, browserName: MicrosoftEdge, browserVersion: 124.0.2478.67, fedcm:accounts: true, ms:edgeOptions: {debuggerAddress: localhost:52764}, msedge: {msedgedriverVersion: 124.0.2478.67 (d385ef2844e0..., userDataDir: C:\Users\Admin\AppData\Loca...}, networkConnectionEnabled: false, pageLoadStrategy: normal, platformName: windows, proxy: Proxy(), se:cdp: ws://localhost:52764/devtoo..., se:cdpVersion: 124.0.2478.67, setWindowRect: true, strictFileInteractability: false, timeouts: {implicit: 0, pageLoad: 300000, script: 30000}, unhandledPromptBehavior: dismiss and notify, webauthn:extension:credBlob: true, webauthn:extension:largeBlob: true, webauthn:extension:minPinLength: true, webauthn:extension:prf: true, webauthn:virtualAuthenticators: true}
Element: [[EdgeDriver: MicrosoftEdge on windows (fa7c26f3abfc154fd28b126a4847628b)] -&gt; xpath: //span[@id=&apos;submit.add-to-cart&apos;]]
Session ID: fa7c26f3abfc154fd28b126a4847628b
	at org.openqa.selenium.remote.ErrorCodec.decode(ErrorCodec.java:167)
	at org.openqa.selenium.remote.codec.w3c.W3CHttpResponseCodec.decode(W3CHttpResponseCodec.java:138)
	at org.openqa.selenium.remote.codec.w3c.W3CHttpResponseCodec.decode(W3CHttpResponseCodec.java:50)
	at org.openqa.selenium.remote.HttpCommandExecutor.execute(HttpCommandExecutor.java:190)
	at org.openqa.selenium.remote.service.DriverCommandExecutor.invokeExecute(DriverCommandExecutor.java:216)
	at org.openqa.selenium.remote.service.DriverCommandExecutor.execute(DriverCommandExecutor.java:174)
	at org.openqa.selenium.remote.RemoteWebDriver.execute(RemoteWebDriver.java:518)
	at org.openqa.selenium.remote.RemoteWebElement.execute(RemoteWebElement.java:223)
	at org.openqa.selenium.remote.RemoteWebElement.click(RemoteWebElement.java:76)
	at org.openqa.selenium.support.pagefactory.internal.LocatingElementHandler.invoke(LocatingElementHandler.java:51)
	at jdk.proxy2/jdk.proxy2.$Proxy18.click(Unknown Source)
	at ProductPom.RemoveElementAddedInCart.clickOnAddToCart(RemoveElementAddedInCart.java:58)
	at amazonTestNGPackage.VerifyRemoveElementAddedInCart.methods(VerifyRemoveElementAddedInCart.java:75)
	at java.base/java.util.concurrent.ThreadPoolExecutor.runWorker(ThreadPoolExecutor.java:1144)
	at java.base/java.util.concurrent.ThreadPoolExecutor$Worker.run(ThreadPoolExecutor.java:642)
	at java.base/java.lang.Thread.run(Thread.java:1623)
... Removed 15 stack frames</div></td></tr></table><p class="totop"><a href="#summary">back to summary</a></p>
<h3 id="m69">amazonTestNGPackage.VerifyTotalAmountIsDisplyedToUser#verifyTotalAmountDisplayed</h3><table class="result"><tr><th>Exception</th></tr><tr><td><div class="stacktrace">org.openqa.selenium.TimeoutException: java.util.concurrent.TimeoutException
Build info: version: &apos;4.19.1&apos;, revision: &apos;abe0ee07dc&apos;
System info: os.name: &apos;Windows 11&apos;, os.arch: &apos;amd64&apos;, os.version: &apos;10.0&apos;, java.version: &apos;20.0.1&apos;
Driver info: org.openqa.selenium.edge.EdgeDriver
Command: [fef8c6ecf84d1df050d099e22182865e, clickElement {id=f.1690B3B835C6E5C53A8DE621EAE4A0F9.d.37DCFA437D52ACFC4F7FD561F3486169.e.197}]
Capabilities {acceptInsecureCerts: false, browserName: MicrosoftEdge, browserVersion: 124.0.2478.67, fedcm:accounts: true, ms:edgeOptions: {debuggerAddress: localhost:54481}, msedge: {msedgedriverVersion: 124.0.2478.67 (d385ef2844e0..., userDataDir: C:\Users\Admin\AppData\Loca...}, networkConnectionEnabled: false, pageLoadStrategy: normal, platformName: windows, proxy: Proxy(), se:cdp: ws://localhost:54481/devtoo..., se:cdpVersion: 124.0.2478.67, setWindowRect: true, strictFileInteractability: false, timeouts: {implicit: 0, pageLoad: 300000, script: 30000}, unhandledPromptBehavior: dismiss and notify, webauthn:extension:credBlob: true, webauthn:extension:largeBlob: true, webauthn:extension:minPinLength: true, webauthn:extension:prf: true, webauthn:virtualAuthenticators: true}
Element: [[EdgeDriver: MicrosoftEdge on windows (fef8c6ecf84d1df050d099e22182865e)] -&gt; xpath: (//div[@data-asin=&apos;B00JAK1PMI&apos;]//img)[1]]
Session ID: fef8c6ecf84d1df050d099e22182865e
	at org.openqa.selenium.remote.http.jdk.JdkHttpClient.execute0(JdkHttpClient.java:396)
	at org.openqa.selenium.remote.http.AddSeleniumUserAgent.lambda$apply$0(AddSeleniumUserAgent.java:42)
	at org.openqa.selenium.remote.http.Filter.lambda$andFinally$1(Filter.java:55)
	at org.openqa.selenium.remote.http.jdk.JdkHttpClient.execute(JdkHttpClient.java:352)
	at org.openqa.selenium.remote.HttpCommandExecutor.execute(HttpCommandExecutor.java:187)
	at org.openqa.selenium.remote.service.DriverCommandExecutor.invokeExecute(DriverCommandExecutor.java:216)
	at org.openqa.selenium.remote.service.DriverCommandExecutor.execute(DriverCommandExecutor.java:174)
	at org.openqa.selenium.remote.RemoteWebDriver.execute(RemoteWebDriver.java:518)
	at org.openqa.selenium.remote.RemoteWebElement.execute(RemoteWebElement.java:223)
	at org.openqa.selenium.remote.RemoteWebElement.click(RemoteWebElement.java:76)
	at org.openqa.selenium.support.pagefactory.internal.LocatingElementHandler.invoke(LocatingElementHandler.java:51)
	at jdk.proxy2/jdk.proxy2.$Proxy18.click(Unknown Source)
	at cartPagePom.IncreaseInQuantityNumberOnAddingSameItem.chooseYourWatch(IncreaseInQuantityNumberOnAddingSameItem.java:67)
	at amazonTestNGPackage.VerifyTotalAmountIsDisplyedToUser.verifyTotalAmountDisplayed(VerifyTotalAmountIsDisplyedToUser.java:69)
	at java.base/java.util.concurrent.ThreadPoolExecutor.runWorker(ThreadPoolExecutor.java:1144)
	at java.base/java.util.concurrent.ThreadPoolExecutor$Worker.run(ThreadPoolExecutor.java:642)
	at java.base/java.lang.Thread.run(Thread.java:1623)
Caused by: java.util.concurrent.TimeoutException
	at java.base/java.util.concurrent.CompletableFuture.timedGet(CompletableFuture.java:1960)
	at java.base/java.util.concurrent.CompletableFuture.get(CompletableFuture.java:2095)
	at org.openqa.selenium.remote.http.jdk.JdkHttpClient.execute0(JdkHttpClient.java:379)
	... 28 more
... Removed 12 stack frames</div></td></tr></table><p class="totop"><a href="#summary">back to summary</a></p>
<h3 id="m70">amazonTestNGPackage.VerifyAccountsAndLists#clickAccountsAndLists</h3><table class="result"><tr><th class="invisible"/></tr></table><p class="totop"><a href="#summary">back to summary</a></p>
<h3 id="m71">amazonTestNGPackage.VerifyAddToCartScenario#verifyAddToCart</h3><table class="result"><tr><th class="invisible"/></tr></table><p class="totop"><a href="#summary">back to summary</a></p>
<h3 id="m72">amazonTestNGPackage.VerifyElementsPresentOnScreen#checkAutoSuggestion</h3><table class="result"><tr><th class="invisible"/></tr></table><p class="totop"><a href="#summary">back to summary</a></p>
<h3 id="m73">amazonTestNGPackage.VerifyIncreaseInQuantityNumberOnAddingSameItem#verification</h3><table class="result"><tr><th class="invisible"/></tr></table><p class="totop"><a href="#summary">back to summary</a></p>
<h3 id="m74">amazonTestNGPackage.VerifyProductRating#checkAutoSuggestion</h3><table class="result"><tr><th class="invisible"/></tr></table><p class="totop"><a href="#summary">back to summary</a></p>
<h3 id="m75">amazonTestNGPackage.VerifyScrollingDownActionForShareButton#clickAccountsAndLists</h3><table class="result"><tr><th class="invisible"/></tr></table><p class="totop"><a href="#summary">back to summary</a></p>
<h3 id="m76">testclasses.TestNGTest#test</h3><table class="result"><tr><th class="invisible"/></tr></table><p class="totop"><a href="#summary">back to summary</a></p>
</body>
</html>
