<?xml version="1.0" encoding="UTF-8"?>
<testng-results ignored="0" total="27" passed="15" failed="3" skipped="9">
  <reporter-output>
  </reporter-output>
  <suite started-at="2024-05-02T07:56:01 IST" name="Suite" finished-at="2024-05-02T08:05:34 IST" duration-ms="573587">
    <groups>
    </groups>
    <test started-at="2024-05-02T07:56:01 IST" name="Firefox Test" finished-at="2024-05-02T08:03:37 IST" duration-ms="456272">
      <class name="amazonTestNGPackage.VerifyRemoveElementAddedInCart">
        <test-method is-config="true" signature="launchBrowser(java.lang.String)[pri:0, instance:amazonTestNGPackage.VerifyRemoveElementAddedInCart@3eb738bb]" started-at="2024-05-02T08:03:30 IST" name="launchBrowser" finished-at="1970-01-01T05:30:00 IST" duration-ms="-1714617210959" status="SKIP">
          <reporter-output>
          </reporter-output>
        </test-method> <!-- launchBrowser -->
        <test-method is-config="true" signature="InitilisationOfPom()[pri:0, instance:amazonTestNGPackage.VerifyRemoveElementAddedInCart@3eb738bb]" started-at="2024-05-02T08:03:35 IST" name="InitilisationOfPom" finished-at="1970-01-01T05:30:00 IST" duration-ms="-1714617215486" status="SKIP">
          <reporter-output>
          </reporter-output>
        </test-method> <!-- InitilisationOfPom -->
        <test-method is-config="true" signature="Signup()[pri:0, instance:amazonTestNGPackage.VerifyRemoveElementAddedInCart@3eb738bb]" started-at="2024-05-02T08:03:35 IST" name="Signup" finished-at="1970-01-01T05:30:00 IST" duration-ms="-1714617215747" status="SKIP">
          <reporter-output>
          </reporter-output>
        </test-method> <!-- Signup -->
        <test-method signature="methods()[pri:1, instance:amazonTestNGPackage.VerifyRemoveElementAddedInCart@3eb738bb]" started-at="2024-05-02T08:03:35 IST" name="methods" finished-at="2024-05-02T08:03:35 IST" duration-ms="0" status="SKIP">
          <exception class="org.openqa.selenium.SessionNotCreatedException">
            <message>
              <![CDATA[Could not start a new session. Possible causes are invalid address of the remote server or browser start-up failure. 
Host info: host: 'DESKTOP-FSSQCH0', ip: '192.168.1.6']]>
            </message>
            <full-stacktrace>
              <![CDATA[org.openqa.selenium.SessionNotCreatedException: Could not start a new session. Possible causes are invalid address of the remote server or browser start-up failure. 
Host info: host: 'DESKTOP-FSSQCH0', ip: '192.168.1.6'
at org.openqa.selenium.remote.RemoteWebDriver.execute(RemoteWebDriver.java:536)
at org.openqa.selenium.remote.RemoteWebDriver.startSession(RemoteWebDriver.java:232)
at org.openqa.selenium.remote.RemoteWebDriver.<init>(RemoteWebDriver.java:161)
at org.openqa.selenium.firefox.FirefoxDriver.<init>(FirefoxDriver.java:155)
at org.openqa.selenium.firefox.FirefoxDriver.<init>(FirefoxDriver.java:150)
at org.openqa.selenium.firefox.FirefoxDriver.<init>(FirefoxDriver.java:133)
at org.openqa.selenium.firefox.FirefoxDriver.<init>(FirefoxDriver.java:128)
at org.openqa.selenium.firefox.FirefoxDriver.<init>(FirefoxDriver.java:113)
at org.openqa.selenium.firefox.FirefoxDriver.<init>(FirefoxDriver.java:103)
at browsersetting.Browsers.openFirefoxBrowser(Browsers.java:17)
at amazonTestNGPackage.VerifyElementsPresentOnScreen.launchBrowser(VerifyElementsPresentOnScreen.java:35)
at java.base/jdk.internal.reflect.DirectMethodHandleAccessor.invoke(DirectMethodHandleAccessor.java:104)
at java.base/java.lang.reflect.Method.invoke(Method.java:578)
at org.testng.internal.MethodInvocationHelper.invokeMethod(MethodInvocationHelper.java:133)
at org.testng.internal.MethodInvocationHelper.invokeMethodConsideringTimeout(MethodInvocationHelper.java:62)
at org.testng.internal.ConfigInvoker.invokeConfigurationMethod(ConfigInvoker.java:385)
at org.testng.internal.ConfigInvoker.invokeConfigurations(ConfigInvoker.java:321)
at org.testng.TestRunner.invokeTestConfigurations(TestRunner.java:637)
at org.testng.TestRunner.beforeRun(TestRunner.java:627)
at org.testng.TestRunner.run(TestRunner.java:589)
at org.testng.SuiteRunner.runTest(SuiteRunner.java:377)
at org.testng.SuiteRunner.access$000(SuiteRunner.java:28)
at org.testng.SuiteRunner$SuiteWorker.run(SuiteRunner.java:418)
at org.testng.internal.thread.ThreadUtil.lambda$execute$0(ThreadUtil.java:64)
at java.base/java.util.concurrent.FutureTask.run(FutureTask.java:317)
at java.base/java.util.concurrent.ThreadPoolExecutor.runWorker(ThreadPoolExecutor.java:1144)
at java.base/java.util.concurrent.ThreadPoolExecutor$Worker.run(ThreadPoolExecutor.java:642)
at java.base/java.lang.Thread.run(Thread.java:1623)
Caused by: org.openqa.selenium.TimeoutException: java.util.concurrent.TimeoutException
Build info: version: '4.19.1', revision: 'abe0ee07dc'
System info: os.name: 'Windows 11', os.arch: 'amd64', os.version: '10.0', java.version: '20.0.1'
Driver info: driver.version: FirefoxDriver
at org.openqa.selenium.remote.http.jdk.JdkHttpClient.execute0(JdkHttpClient.java:396)
at org.openqa.selenium.remote.http.AddSeleniumUserAgent.lambda$apply$0(AddSeleniumUserAgent.java:42)
at org.openqa.selenium.remote.http.Filter.lambda$andFinally$1(Filter.java:55)
at org.openqa.selenium.remote.http.jdk.JdkHttpClient.execute(JdkHttpClient.java:352)
at org.openqa.selenium.remote.ProtocolHandshake.createSession(ProtocolHandshake.java:89)
at org.openqa.selenium.remote.ProtocolHandshake.createSession(ProtocolHandshake.java:75)
at org.openqa.selenium.remote.ProtocolHandshake.createSession(ProtocolHandshake.java:61)
at org.openqa.selenium.remote.HttpCommandExecutor.execute(HttpCommandExecutor.java:162)
at org.openqa.selenium.remote.service.DriverCommandExecutor.invokeExecute(DriverCommandExecutor.java:216)
at org.openqa.selenium.remote.service.DriverCommandExecutor.execute(DriverCommandExecutor.java:174)
at org.openqa.selenium.remote.RemoteWebDriver.execute(RemoteWebDriver.java:518)
... 27 more
Caused by: java.util.concurrent.TimeoutException
at java.base/java.util.concurrent.CompletableFuture.timedGet(CompletableFuture.java:1960)
at java.base/java.util.concurrent.CompletableFuture.get(CompletableFuture.java:2095)
at org.openqa.selenium.remote.http.jdk.JdkHttpClient.execute0(JdkHttpClient.java:379)
... 37 more
]]>
            </full-stacktrace>
          </exception> <!-- org.openqa.selenium.SessionNotCreatedException -->
          <reporter-output>
          </reporter-output>
        </test-method> <!-- methods -->
        <test-method is-config="true" signature="CaptureScreenshotofFailedTest()[pri:0, instance:amazonTestNGPackage.VerifyRemoveElementAddedInCart@3eb738bb]" started-at="2024-05-02T08:03:35 IST" name="CaptureScreenshotofFailedTest" finished-at="1970-01-01T05:30:00 IST" duration-ms="-1714617215760" status="SKIP">
          <reporter-output>
          </reporter-output>
        </test-method> <!-- CaptureScreenshotofFailedTest -->
        <test-method is-config="true" signature="afterclass()[pri:0, instance:amazonTestNGPackage.VerifyRemoveElementAddedInCart@3eb738bb]" started-at="2024-05-02T08:03:35 IST" name="afterclass" finished-at="1970-01-01T05:30:00 IST" duration-ms="-1714617215764" status="SKIP">
          <reporter-output>
          </reporter-output>
        </test-method> <!-- afterclass -->
        <test-method is-config="true" signature="closeBrowser()[pri:0, instance:amazonTestNGPackage.VerifyRemoveElementAddedInCart@3eb738bb]" started-at="2024-05-02T08:03:37 IST" name="closeBrowser" finished-at="1970-01-01T05:30:00 IST" duration-ms="-1714617217480" status="SKIP">
          <reporter-output>
          </reporter-output>
        </test-method> <!-- closeBrowser -->
      </class> <!-- amazonTestNGPackage.VerifyRemoveElementAddedInCart -->
      <class name="amazonTestNGPackage.VerifyTotalAmountIsDisplyedToUser">
        <test-method is-config="true" signature="launchBrowser(java.lang.String)[pri:0, instance:amazonTestNGPackage.VerifyTotalAmountIsDisplyedToUser@185a6e9]" started-at="2024-05-02T08:03:31 IST" name="launchBrowser" finished-at="1970-01-01T05:30:00 IST" duration-ms="-1714617211315" status="SKIP">
          <reporter-output>
          </reporter-output>
        </test-method> <!-- launchBrowser -->
        <test-method is-config="true" signature="InitilisationOfPom()[pri:0, instance:amazonTestNGPackage.VerifyTotalAmountIsDisplyedToUser@185a6e9]" started-at="2024-05-02T08:03:35 IST" name="InitilisationOfPom" finished-at="1970-01-01T05:30:00 IST" duration-ms="-1714617215223" status="SKIP">
          <reporter-output>
          </reporter-output>
        </test-method> <!-- InitilisationOfPom -->
        <test-method is-config="true" signature="Signup()[pri:0, instance:amazonTestNGPackage.VerifyTotalAmountIsDisplyedToUser@185a6e9]" started-at="2024-05-02T08:03:35 IST" name="Signup" finished-at="1970-01-01T05:30:00 IST" duration-ms="-1714617215227" status="SKIP">
          <reporter-output>
          </reporter-output>
        </test-method> <!-- Signup -->
        <test-method signature="verifyTotalAmountDisplayed()[pri:0, instance:amazonTestNGPackage.VerifyTotalAmountIsDisplyedToUser@185a6e9]" started-at="2024-05-02T08:03:35 IST" name="verifyTotalAmountDisplayed" finished-at="2024-05-02T08:03:35 IST" duration-ms="0" status="SKIP">
          <exception class="org.openqa.selenium.SessionNotCreatedException">
            <message>
              <![CDATA[Could not start a new session. Possible causes are invalid address of the remote server or browser start-up failure. 
Host info: host: 'DESKTOP-FSSQCH0', ip: '192.168.1.6']]>
            </message>
            <full-stacktrace>
              <![CDATA[org.openqa.selenium.SessionNotCreatedException: Could not start a new session. Possible causes are invalid address of the remote server or browser start-up failure. 
Host info: host: 'DESKTOP-FSSQCH0', ip: '192.168.1.6'
at org.openqa.selenium.remote.RemoteWebDriver.execute(RemoteWebDriver.java:536)
at org.openqa.selenium.remote.RemoteWebDriver.startSession(RemoteWebDriver.java:232)
at org.openqa.selenium.remote.RemoteWebDriver.<init>(RemoteWebDriver.java:161)
at org.openqa.selenium.firefox.FirefoxDriver.<init>(FirefoxDriver.java:155)
at org.openqa.selenium.firefox.FirefoxDriver.<init>(FirefoxDriver.java:150)
at org.openqa.selenium.firefox.FirefoxDriver.<init>(FirefoxDriver.java:133)
at org.openqa.selenium.firefox.FirefoxDriver.<init>(FirefoxDriver.java:128)
at org.openqa.selenium.firefox.FirefoxDriver.<init>(FirefoxDriver.java:113)
at org.openqa.selenium.firefox.FirefoxDriver.<init>(FirefoxDriver.java:103)
at browsersetting.Browsers.openFirefoxBrowser(Browsers.java:17)
at amazonTestNGPackage.VerifyElementsPresentOnScreen.launchBrowser(VerifyElementsPresentOnScreen.java:35)
at java.base/jdk.internal.reflect.DirectMethodHandleAccessor.invoke(DirectMethodHandleAccessor.java:104)
at java.base/java.lang.reflect.Method.invoke(Method.java:578)
at org.testng.internal.MethodInvocationHelper.invokeMethod(MethodInvocationHelper.java:133)
at org.testng.internal.MethodInvocationHelper.invokeMethodConsideringTimeout(MethodInvocationHelper.java:62)
at org.testng.internal.ConfigInvoker.invokeConfigurationMethod(ConfigInvoker.java:385)
at org.testng.internal.ConfigInvoker.invokeConfigurations(ConfigInvoker.java:321)
at org.testng.TestRunner.invokeTestConfigurations(TestRunner.java:637)
at org.testng.TestRunner.beforeRun(TestRunner.java:627)
at org.testng.TestRunner.run(TestRunner.java:589)
at org.testng.SuiteRunner.runTest(SuiteRunner.java:377)
at org.testng.SuiteRunner.access$000(SuiteRunner.java:28)
at org.testng.SuiteRunner$SuiteWorker.run(SuiteRunner.java:418)
at org.testng.internal.thread.ThreadUtil.lambda$execute$0(ThreadUtil.java:64)
at java.base/java.util.concurrent.FutureTask.run(FutureTask.java:317)
at java.base/java.util.concurrent.ThreadPoolExecutor.runWorker(ThreadPoolExecutor.java:1144)
at java.base/java.util.concurrent.ThreadPoolExecutor$Worker.run(ThreadPoolExecutor.java:642)
at java.base/java.lang.Thread.run(Thread.java:1623)
Caused by: org.openqa.selenium.TimeoutException: java.util.concurrent.TimeoutException
Build info: version: '4.19.1', revision: 'abe0ee07dc'
System info: os.name: 'Windows 11', os.arch: 'amd64', os.version: '10.0', java.version: '20.0.1'
Driver info: driver.version: FirefoxDriver
at org.openqa.selenium.remote.http.jdk.JdkHttpClient.execute0(JdkHttpClient.java:396)
at org.openqa.selenium.remote.http.AddSeleniumUserAgent.lambda$apply$0(AddSeleniumUserAgent.java:42)
at org.openqa.selenium.remote.http.Filter.lambda$andFinally$1(Filter.java:55)
at org.openqa.selenium.remote.http.jdk.JdkHttpClient.execute(JdkHttpClient.java:352)
at org.openqa.selenium.remote.ProtocolHandshake.createSession(ProtocolHandshake.java:89)
at org.openqa.selenium.remote.ProtocolHandshake.createSession(ProtocolHandshake.java:75)
at org.openqa.selenium.remote.ProtocolHandshake.createSession(ProtocolHandshake.java:61)
at org.openqa.selenium.remote.HttpCommandExecutor.execute(HttpCommandExecutor.java:162)
at org.openqa.selenium.remote.service.DriverCommandExecutor.invokeExecute(DriverCommandExecutor.java:216)
at org.openqa.selenium.remote.service.DriverCommandExecutor.execute(DriverCommandExecutor.java:174)
at org.openqa.selenium.remote.RemoteWebDriver.execute(RemoteWebDriver.java:518)
... 27 more
Caused by: java.util.concurrent.TimeoutException
at java.base/java.util.concurrent.CompletableFuture.timedGet(CompletableFuture.java:1960)
at java.base/java.util.concurrent.CompletableFuture.get(CompletableFuture.java:2095)
at org.openqa.selenium.remote.http.jdk.JdkHttpClient.execute0(JdkHttpClient.java:379)
... 37 more
]]>
            </full-stacktrace>
          </exception> <!-- org.openqa.selenium.SessionNotCreatedException -->
          <reporter-output>
          </reporter-output>
        </test-method> <!-- verifyTotalAmountDisplayed -->
        <test-method is-config="true" signature="CaptureScreenshotofFailedTest()[pri:0, instance:amazonTestNGPackage.VerifyTotalAmountIsDisplyedToUser@185a6e9]" started-at="2024-05-02T08:03:35 IST" name="CaptureScreenshotofFailedTest" finished-at="1970-01-01T05:30:00 IST" duration-ms="-1714617215237" status="SKIP">
          <reporter-output>
          </reporter-output>
        </test-method> <!-- CaptureScreenshotofFailedTest -->
        <test-method is-config="true" signature="afterclass()[pri:0, instance:amazonTestNGPackage.VerifyTotalAmountIsDisplyedToUser@185a6e9]" started-at="2024-05-02T08:03:37 IST" name="afterclass" finished-at="1970-01-01T05:30:00 IST" duration-ms="-1714617217348" status="SKIP">
          <reporter-output>
          </reporter-output>
        </test-method> <!-- afterclass -->
        <test-method is-config="true" signature="closeBrowser()[pri:0, instance:amazonTestNGPackage.VerifyTotalAmountIsDisplyedToUser@185a6e9]" started-at="2024-05-02T08:03:37 IST" name="closeBrowser" finished-at="1970-01-01T05:30:00 IST" duration-ms="-1714617217578" status="SKIP">
          <reporter-output>
          </reporter-output>
        </test-method> <!-- closeBrowser -->
      </class> <!-- amazonTestNGPackage.VerifyTotalAmountIsDisplyedToUser -->
      <class name="amazonTestNGPackage.VerifyProductRating">
        <test-method is-config="true" signature="launchBrowser(java.lang.String)[pri:0, instance:amazonTestNGPackage.VerifyProductRating@9d5509a]" started-at="2024-05-02T08:03:30 IST" name="launchBrowser" finished-at="1970-01-01T05:30:00 IST" duration-ms="-1714617210948" status="SKIP">
          <reporter-output>
          </reporter-output>
        </test-method> <!-- launchBrowser -->
        <test-method is-config="true" signature="InitilisationOfPom()[pri:0, instance:amazonTestNGPackage.VerifyProductRating@9d5509a]" started-at="2024-05-02T08:03:35 IST" name="InitilisationOfPom" finished-at="1970-01-01T05:30:00 IST" duration-ms="-1714617215266" status="SKIP">
          <reporter-output>
          </reporter-output>
        </test-method> <!-- InitilisationOfPom -->
        <test-method is-config="true" signature="Signup()[pri:0, instance:amazonTestNGPackage.VerifyProductRating@9d5509a]" started-at="2024-05-02T08:03:35 IST" name="Signup" finished-at="1970-01-01T05:30:00 IST" duration-ms="-1714617215315" status="SKIP">
          <reporter-output>
          </reporter-output>
        </test-method> <!-- Signup -->
        <test-method signature="checkAutoSuggestion()[pri:1, instance:amazonTestNGPackage.VerifyProductRating@9d5509a]" started-at="2024-05-02T08:03:35 IST" name="checkAutoSuggestion" finished-at="2024-05-02T08:03:35 IST" duration-ms="1" status="SKIP">
          <exception class="org.openqa.selenium.SessionNotCreatedException">
            <message>
              <![CDATA[Could not start a new session. Possible causes are invalid address of the remote server or browser start-up failure. 
Host info: host: 'DESKTOP-FSSQCH0', ip: '192.168.1.6']]>
            </message>
            <full-stacktrace>
              <![CDATA[org.openqa.selenium.SessionNotCreatedException: Could not start a new session. Possible causes are invalid address of the remote server or browser start-up failure. 
Host info: host: 'DESKTOP-FSSQCH0', ip: '192.168.1.6'
at org.openqa.selenium.remote.RemoteWebDriver.execute(RemoteWebDriver.java:536)
at org.openqa.selenium.remote.RemoteWebDriver.startSession(RemoteWebDriver.java:232)
at org.openqa.selenium.remote.RemoteWebDriver.<init>(RemoteWebDriver.java:161)
at org.openqa.selenium.firefox.FirefoxDriver.<init>(FirefoxDriver.java:155)
at org.openqa.selenium.firefox.FirefoxDriver.<init>(FirefoxDriver.java:150)
at org.openqa.selenium.firefox.FirefoxDriver.<init>(FirefoxDriver.java:133)
at org.openqa.selenium.firefox.FirefoxDriver.<init>(FirefoxDriver.java:128)
at org.openqa.selenium.firefox.FirefoxDriver.<init>(FirefoxDriver.java:113)
at org.openqa.selenium.firefox.FirefoxDriver.<init>(FirefoxDriver.java:103)
at browsersetting.Browsers.openFirefoxBrowser(Browsers.java:17)
at amazonTestNGPackage.VerifyElementsPresentOnScreen.launchBrowser(VerifyElementsPresentOnScreen.java:35)
at java.base/jdk.internal.reflect.DirectMethodHandleAccessor.invoke(DirectMethodHandleAccessor.java:104)
at java.base/java.lang.reflect.Method.invoke(Method.java:578)
at org.testng.internal.MethodInvocationHelper.invokeMethod(MethodInvocationHelper.java:133)
at org.testng.internal.MethodInvocationHelper.invokeMethodConsideringTimeout(MethodInvocationHelper.java:62)
at org.testng.internal.ConfigInvoker.invokeConfigurationMethod(ConfigInvoker.java:385)
at org.testng.internal.ConfigInvoker.invokeConfigurations(ConfigInvoker.java:321)
at org.testng.TestRunner.invokeTestConfigurations(TestRunner.java:637)
at org.testng.TestRunner.beforeRun(TestRunner.java:627)
at org.testng.TestRunner.run(TestRunner.java:589)
at org.testng.SuiteRunner.runTest(SuiteRunner.java:377)
at org.testng.SuiteRunner.access$000(SuiteRunner.java:28)
at org.testng.SuiteRunner$SuiteWorker.run(SuiteRunner.java:418)
at org.testng.internal.thread.ThreadUtil.lambda$execute$0(ThreadUtil.java:64)
at java.base/java.util.concurrent.FutureTask.run(FutureTask.java:317)
at java.base/java.util.concurrent.ThreadPoolExecutor.runWorker(ThreadPoolExecutor.java:1144)
at java.base/java.util.concurrent.ThreadPoolExecutor$Worker.run(ThreadPoolExecutor.java:642)
at java.base/java.lang.Thread.run(Thread.java:1623)
Caused by: org.openqa.selenium.TimeoutException: java.util.concurrent.TimeoutException
Build info: version: '4.19.1', revision: 'abe0ee07dc'
System info: os.name: 'Windows 11', os.arch: 'amd64', os.version: '10.0', java.version: '20.0.1'
Driver info: driver.version: FirefoxDriver
at org.openqa.selenium.remote.http.jdk.JdkHttpClient.execute0(JdkHttpClient.java:396)
at org.openqa.selenium.remote.http.AddSeleniumUserAgent.lambda$apply$0(AddSeleniumUserAgent.java:42)
at org.openqa.selenium.remote.http.Filter.lambda$andFinally$1(Filter.java:55)
at org.openqa.selenium.remote.http.jdk.JdkHttpClient.execute(JdkHttpClient.java:352)
at org.openqa.selenium.remote.ProtocolHandshake.createSession(ProtocolHandshake.java:89)
at org.openqa.selenium.remote.ProtocolHandshake.createSession(ProtocolHandshake.java:75)
at org.openqa.selenium.remote.ProtocolHandshake.createSession(ProtocolHandshake.java:61)
at org.openqa.selenium.remote.HttpCommandExecutor.execute(HttpCommandExecutor.java:162)
at org.openqa.selenium.remote.service.DriverCommandExecutor.invokeExecute(DriverCommandExecutor.java:216)
at org.openqa.selenium.remote.service.DriverCommandExecutor.execute(DriverCommandExecutor.java:174)
at org.openqa.selenium.remote.RemoteWebDriver.execute(RemoteWebDriver.java:518)
... 27 more
Caused by: java.util.concurrent.TimeoutException
at java.base/java.util.concurrent.CompletableFuture.timedGet(CompletableFuture.java:1960)
at java.base/java.util.concurrent.CompletableFuture.get(CompletableFuture.java:2095)
at org.openqa.selenium.remote.http.jdk.JdkHttpClient.execute0(JdkHttpClient.java:379)
... 37 more
]]>
            </full-stacktrace>
          </exception> <!-- org.openqa.selenium.SessionNotCreatedException -->
          <reporter-output>
          </reporter-output>
        </test-method> <!-- checkAutoSuggestion -->
        <test-method is-config="true" signature="CaptureScreenshotofFailedTest()[pri:0, instance:amazonTestNGPackage.VerifyProductRating@9d5509a]" started-at="2024-05-02T08:03:35 IST" name="CaptureScreenshotofFailedTest" finished-at="1970-01-01T05:30:00 IST" duration-ms="-1714617215363" status="SKIP">
          <reporter-output>
          </reporter-output>
        </test-method> <!-- CaptureScreenshotofFailedTest -->
        <test-method is-config="true" signature="afterclass()[pri:0, instance:amazonTestNGPackage.VerifyProductRating@9d5509a]" started-at="2024-05-02T08:03:35 IST" name="afterclass" finished-at="1970-01-01T05:30:00 IST" duration-ms="-1714617215426" status="SKIP">
          <reporter-output>
          </reporter-output>
        </test-method> <!-- afterclass -->
        <test-method is-config="true" signature="closeBrowser()[pri:0, instance:amazonTestNGPackage.VerifyProductRating@9d5509a]" started-at="2024-05-02T08:03:37 IST" name="closeBrowser" finished-at="1970-01-01T05:30:00 IST" duration-ms="-1714617217464" status="SKIP">
          <reporter-output>
          </reporter-output>
        </test-method> <!-- closeBrowser -->
      </class> <!-- amazonTestNGPackage.VerifyProductRating -->
      <class name="amazonTestNGPackage.VerifyElementsPresentOnScreen">
        <test-method is-config="true" signature="launchBrowser(java.lang.String)[pri:0, instance:amazonTestNGPackage.VerifyElementsPresentOnScreen@5bda8e08]" started-at="2024-05-02T07:59:55 IST" name="launchBrowser" finished-at="2024-05-02T08:03:30 IST" duration-ms="215110" status="FAIL">
          <params>
            <param index="0">
              <value>
                <![CDATA[Firefox]]>
              </value>
            </param>
          </params>
          <exception class="org.openqa.selenium.SessionNotCreatedException">
            <message>
              <![CDATA[Could not start a new session. Possible causes are invalid address of the remote server or browser start-up failure. 
Host info: host: 'DESKTOP-FSSQCH0', ip: '192.168.1.6']]>
            </message>
            <full-stacktrace>
              <![CDATA[org.openqa.selenium.SessionNotCreatedException: Could not start a new session. Possible causes are invalid address of the remote server or browser start-up failure. 
Host info: host: 'DESKTOP-FSSQCH0', ip: '192.168.1.6'
at org.openqa.selenium.remote.RemoteWebDriver.execute(RemoteWebDriver.java:536)
at org.openqa.selenium.remote.RemoteWebDriver.startSession(RemoteWebDriver.java:232)
at org.openqa.selenium.remote.RemoteWebDriver.<init>(RemoteWebDriver.java:161)
at org.openqa.selenium.firefox.FirefoxDriver.<init>(FirefoxDriver.java:155)
at org.openqa.selenium.firefox.FirefoxDriver.<init>(FirefoxDriver.java:150)
at org.openqa.selenium.firefox.FirefoxDriver.<init>(FirefoxDriver.java:133)
at org.openqa.selenium.firefox.FirefoxDriver.<init>(FirefoxDriver.java:128)
at org.openqa.selenium.firefox.FirefoxDriver.<init>(FirefoxDriver.java:113)
at org.openqa.selenium.firefox.FirefoxDriver.<init>(FirefoxDriver.java:103)
at browsersetting.Browsers.openFirefoxBrowser(Browsers.java:17)
at amazonTestNGPackage.VerifyElementsPresentOnScreen.launchBrowser(VerifyElementsPresentOnScreen.java:35)
at java.base/jdk.internal.reflect.DirectMethodHandleAccessor.invoke(DirectMethodHandleAccessor.java:104)
at java.base/java.lang.reflect.Method.invoke(Method.java:578)
at org.testng.internal.MethodInvocationHelper.invokeMethod(MethodInvocationHelper.java:133)
at org.testng.internal.MethodInvocationHelper.invokeMethodConsideringTimeout(MethodInvocationHelper.java:62)
at org.testng.internal.ConfigInvoker.invokeConfigurationMethod(ConfigInvoker.java:385)
at org.testng.internal.ConfigInvoker.invokeConfigurations(ConfigInvoker.java:321)
at org.testng.TestRunner.invokeTestConfigurations(TestRunner.java:637)
at org.testng.TestRunner.beforeRun(TestRunner.java:627)
at org.testng.TestRunner.run(TestRunner.java:589)
at org.testng.SuiteRunner.runTest(SuiteRunner.java:377)
at org.testng.SuiteRunner.access$000(SuiteRunner.java:28)
at org.testng.SuiteRunner$SuiteWorker.run(SuiteRunner.java:418)
at org.testng.internal.thread.ThreadUtil.lambda$execute$0(ThreadUtil.java:64)
at java.base/java.util.concurrent.FutureTask.run(FutureTask.java:317)
at java.base/java.util.concurrent.ThreadPoolExecutor.runWorker(ThreadPoolExecutor.java:1144)
at java.base/java.util.concurrent.ThreadPoolExecutor$Worker.run(ThreadPoolExecutor.java:642)
at java.base/java.lang.Thread.run(Thread.java:1623)
Caused by: org.openqa.selenium.TimeoutException: java.util.concurrent.TimeoutException
Build info: version: '4.19.1', revision: 'abe0ee07dc'
System info: os.name: 'Windows 11', os.arch: 'amd64', os.version: '10.0', java.version: '20.0.1'
Driver info: driver.version: FirefoxDriver
at org.openqa.selenium.remote.http.jdk.JdkHttpClient.execute0(JdkHttpClient.java:396)
at org.openqa.selenium.remote.http.AddSeleniumUserAgent.lambda$apply$0(AddSeleniumUserAgent.java:42)
at org.openqa.selenium.remote.http.Filter.lambda$andFinally$1(Filter.java:55)
at org.openqa.selenium.remote.http.jdk.JdkHttpClient.execute(JdkHttpClient.java:352)
at org.openqa.selenium.remote.ProtocolHandshake.createSession(ProtocolHandshake.java:89)
at org.openqa.selenium.remote.ProtocolHandshake.createSession(ProtocolHandshake.java:75)
at org.openqa.selenium.remote.ProtocolHandshake.createSession(ProtocolHandshake.java:61)
at org.openqa.selenium.remote.HttpCommandExecutor.execute(HttpCommandExecutor.java:162)
at org.openqa.selenium.remote.service.DriverCommandExecutor.invokeExecute(DriverCommandExecutor.java:216)
at org.openqa.selenium.remote.service.DriverCommandExecutor.execute(DriverCommandExecutor.java:174)
at org.openqa.selenium.remote.RemoteWebDriver.execute(RemoteWebDriver.java:518)
... 27 more
Caused by: java.util.concurrent.TimeoutException
at java.base/java.util.concurrent.CompletableFuture.timedGet(CompletableFuture.java:1960)
at java.base/java.util.concurrent.CompletableFuture.get(CompletableFuture.java:2095)
at org.openqa.selenium.remote.http.jdk.JdkHttpClient.execute0(JdkHttpClient.java:379)
... 37 more
]]>
            </full-stacktrace>
          </exception> <!-- org.openqa.selenium.SessionNotCreatedException -->
          <reporter-output>
          </reporter-output>
        </test-method> <!-- launchBrowser -->
        <test-method is-config="true" signature="InitilisationOfPom()[pri:0, instance:amazonTestNGPackage.VerifyElementsPresentOnScreen@5bda8e08]" started-at="2024-05-02T08:03:35 IST" name="InitilisationOfPom" finished-at="1970-01-01T05:30:00 IST" duration-ms="-1714617215294" status="SKIP">
          <reporter-output>
          </reporter-output>
        </test-method> <!-- InitilisationOfPom -->
        <test-method is-config="true" signature="Signup()[pri:0, instance:amazonTestNGPackage.VerifyElementsPresentOnScreen@5bda8e08]" started-at="2024-05-02T08:03:37 IST" name="Signup" finished-at="1970-01-01T05:30:00 IST" duration-ms="-1714617217344" status="SKIP">
          <reporter-output>
          </reporter-output>
        </test-method> <!-- Signup -->
        <test-method signature="checkAutoSuggestion()[pri:1, instance:amazonTestNGPackage.VerifyElementsPresentOnScreen@5bda8e08]" started-at="2024-05-02T08:03:37 IST" name="checkAutoSuggestion" finished-at="2024-05-02T08:03:37 IST" duration-ms="0" status="SKIP">
          <exception class="org.openqa.selenium.SessionNotCreatedException">
            <message>
              <![CDATA[Could not start a new session. Possible causes are invalid address of the remote server or browser start-up failure. 
Host info: host: 'DESKTOP-FSSQCH0', ip: '192.168.1.6']]>
            </message>
            <full-stacktrace>
              <![CDATA[org.openqa.selenium.SessionNotCreatedException: Could not start a new session. Possible causes are invalid address of the remote server or browser start-up failure. 
Host info: host: 'DESKTOP-FSSQCH0', ip: '192.168.1.6'
at org.openqa.selenium.remote.RemoteWebDriver.execute(RemoteWebDriver.java:536)
at org.openqa.selenium.remote.RemoteWebDriver.startSession(RemoteWebDriver.java:232)
at org.openqa.selenium.remote.RemoteWebDriver.<init>(RemoteWebDriver.java:161)
at org.openqa.selenium.firefox.FirefoxDriver.<init>(FirefoxDriver.java:155)
at org.openqa.selenium.firefox.FirefoxDriver.<init>(FirefoxDriver.java:150)
at org.openqa.selenium.firefox.FirefoxDriver.<init>(FirefoxDriver.java:133)
at org.openqa.selenium.firefox.FirefoxDriver.<init>(FirefoxDriver.java:128)
at org.openqa.selenium.firefox.FirefoxDriver.<init>(FirefoxDriver.java:113)
at org.openqa.selenium.firefox.FirefoxDriver.<init>(FirefoxDriver.java:103)
at browsersetting.Browsers.openFirefoxBrowser(Browsers.java:17)
at amazonTestNGPackage.VerifyElementsPresentOnScreen.launchBrowser(VerifyElementsPresentOnScreen.java:35)
at java.base/jdk.internal.reflect.DirectMethodHandleAccessor.invoke(DirectMethodHandleAccessor.java:104)
at java.base/java.lang.reflect.Method.invoke(Method.java:578)
at org.testng.internal.MethodInvocationHelper.invokeMethod(MethodInvocationHelper.java:133)
at org.testng.internal.MethodInvocationHelper.invokeMethodConsideringTimeout(MethodInvocationHelper.java:62)
at org.testng.internal.ConfigInvoker.invokeConfigurationMethod(ConfigInvoker.java:385)
at org.testng.internal.ConfigInvoker.invokeConfigurations(ConfigInvoker.java:321)
at org.testng.TestRunner.invokeTestConfigurations(TestRunner.java:637)
at org.testng.TestRunner.beforeRun(TestRunner.java:627)
at org.testng.TestRunner.run(TestRunner.java:589)
at org.testng.SuiteRunner.runTest(SuiteRunner.java:377)
at org.testng.SuiteRunner.access$000(SuiteRunner.java:28)
at org.testng.SuiteRunner$SuiteWorker.run(SuiteRunner.java:418)
at org.testng.internal.thread.ThreadUtil.lambda$execute$0(ThreadUtil.java:64)
at java.base/java.util.concurrent.FutureTask.run(FutureTask.java:317)
at java.base/java.util.concurrent.ThreadPoolExecutor.runWorker(ThreadPoolExecutor.java:1144)
at java.base/java.util.concurrent.ThreadPoolExecutor$Worker.run(ThreadPoolExecutor.java:642)
at java.base/java.lang.Thread.run(Thread.java:1623)
Caused by: org.openqa.selenium.TimeoutException: java.util.concurrent.TimeoutException
Build info: version: '4.19.1', revision: 'abe0ee07dc'
System info: os.name: 'Windows 11', os.arch: 'amd64', os.version: '10.0', java.version: '20.0.1'
Driver info: driver.version: FirefoxDriver
at org.openqa.selenium.remote.http.jdk.JdkHttpClient.execute0(JdkHttpClient.java:396)
at org.openqa.selenium.remote.http.AddSeleniumUserAgent.lambda$apply$0(AddSeleniumUserAgent.java:42)
at org.openqa.selenium.remote.http.Filter.lambda$andFinally$1(Filter.java:55)
at org.openqa.selenium.remote.http.jdk.JdkHttpClient.execute(JdkHttpClient.java:352)
at org.openqa.selenium.remote.ProtocolHandshake.createSession(ProtocolHandshake.java:89)
at org.openqa.selenium.remote.ProtocolHandshake.createSession(ProtocolHandshake.java:75)
at org.openqa.selenium.remote.ProtocolHandshake.createSession(ProtocolHandshake.java:61)
at org.openqa.selenium.remote.HttpCommandExecutor.execute(HttpCommandExecutor.java:162)
at org.openqa.selenium.remote.service.DriverCommandExecutor.invokeExecute(DriverCommandExecutor.java:216)
at org.openqa.selenium.remote.service.DriverCommandExecutor.execute(DriverCommandExecutor.java:174)
at org.openqa.selenium.remote.RemoteWebDriver.execute(RemoteWebDriver.java:518)
... 27 more
Caused by: java.util.concurrent.TimeoutException
at java.base/java.util.concurrent.CompletableFuture.timedGet(CompletableFuture.java:1960)
at java.base/java.util.concurrent.CompletableFuture.get(CompletableFuture.java:2095)
at org.openqa.selenium.remote.http.jdk.JdkHttpClient.execute0(JdkHttpClient.java:379)
... 37 more
]]>
            </full-stacktrace>
          </exception> <!-- org.openqa.selenium.SessionNotCreatedException -->
          <reporter-output>
          </reporter-output>
        </test-method> <!-- checkAutoSuggestion -->
        <test-method is-config="true" signature="CaptureScreenshotofFailedTest()[pri:0, instance:amazonTestNGPackage.VerifyElementsPresentOnScreen@5bda8e08]" started-at="2024-05-02T08:03:37 IST" name="CaptureScreenshotofFailedTest" finished-at="1970-01-01T05:30:00 IST" duration-ms="-1714617217364" status="SKIP">
          <reporter-output>
          </reporter-output>
        </test-method> <!-- CaptureScreenshotofFailedTest -->
        <test-method is-config="true" signature="afterclass()[pri:0, instance:amazonTestNGPackage.VerifyElementsPresentOnScreen@5bda8e08]" started-at="2024-05-02T08:03:37 IST" name="afterclass" finished-at="1970-01-01T05:30:00 IST" duration-ms="-1714617217365" status="SKIP">
          <reporter-output>
          </reporter-output>
        </test-method> <!-- afterclass -->
        <test-method is-config="true" signature="closeBrowser()[pri:0, instance:amazonTestNGPackage.VerifyElementsPresentOnScreen@5bda8e08]" started-at="2024-05-02T08:03:37 IST" name="closeBrowser" finished-at="1970-01-01T05:30:00 IST" duration-ms="-1714617217381" status="SKIP">
          <reporter-output>
          </reporter-output>
        </test-method> <!-- closeBrowser -->
      </class> <!-- amazonTestNGPackage.VerifyElementsPresentOnScreen -->
      <class name="amazonTestNGPackage.VerifyScrollingDownActionForShareButton">
        <test-method is-config="true" signature="launchBrowser(java.lang.String)[pri:0, instance:amazonTestNGPackage.VerifyScrollingDownActionForShareButton@1e800aaa]" started-at="2024-05-02T08:03:30 IST" name="launchBrowser" finished-at="1970-01-01T05:30:00 IST" duration-ms="-1714617210997" status="SKIP">
          <reporter-output>
          </reporter-output>
        </test-method> <!-- launchBrowser -->
        <test-method is-config="true" signature="InitilisationOfPom()[pri:0, instance:amazonTestNGPackage.VerifyScrollingDownActionForShareButton@1e800aaa]" started-at="2024-05-02T08:03:32 IST" name="InitilisationOfPom" finished-at="1970-01-01T05:30:00 IST" duration-ms="-1714617212433" status="SKIP">
          <reporter-output>
          </reporter-output>
        </test-method> <!-- InitilisationOfPom -->
        <test-method is-config="true" signature="Signup()[pri:0, instance:amazonTestNGPackage.VerifyScrollingDownActionForShareButton@1e800aaa]" started-at="2024-05-02T08:03:32 IST" name="Signup" finished-at="1970-01-01T05:30:00 IST" duration-ms="-1714617212451" status="SKIP">
          <reporter-output>
          </reporter-output>
        </test-method> <!-- Signup -->
        <test-method signature="clickAccountsAndLists()[pri:0, instance:amazonTestNGPackage.VerifyScrollingDownActionForShareButton@1e800aaa]" started-at="2024-05-02T08:03:32 IST" name="clickAccountsAndLists" finished-at="2024-05-02T08:03:32 IST" duration-ms="1" status="SKIP">
          <exception class="org.openqa.selenium.SessionNotCreatedException">
            <message>
              <![CDATA[Could not start a new session. Possible causes are invalid address of the remote server or browser start-up failure. 
Host info: host: 'DESKTOP-FSSQCH0', ip: '192.168.1.6']]>
            </message>
            <full-stacktrace>
              <![CDATA[org.openqa.selenium.SessionNotCreatedException: Could not start a new session. Possible causes are invalid address of the remote server or browser start-up failure. 
Host info: host: 'DESKTOP-FSSQCH0', ip: '192.168.1.6'
at org.openqa.selenium.remote.RemoteWebDriver.execute(RemoteWebDriver.java:536)
at org.openqa.selenium.remote.RemoteWebDriver.startSession(RemoteWebDriver.java:232)
at org.openqa.selenium.remote.RemoteWebDriver.<init>(RemoteWebDriver.java:161)
at org.openqa.selenium.firefox.FirefoxDriver.<init>(FirefoxDriver.java:155)
at org.openqa.selenium.firefox.FirefoxDriver.<init>(FirefoxDriver.java:150)
at org.openqa.selenium.firefox.FirefoxDriver.<init>(FirefoxDriver.java:133)
at org.openqa.selenium.firefox.FirefoxDriver.<init>(FirefoxDriver.java:128)
at org.openqa.selenium.firefox.FirefoxDriver.<init>(FirefoxDriver.java:113)
at org.openqa.selenium.firefox.FirefoxDriver.<init>(FirefoxDriver.java:103)
at browsersetting.Browsers.openFirefoxBrowser(Browsers.java:17)
at amazonTestNGPackage.VerifyElementsPresentOnScreen.launchBrowser(VerifyElementsPresentOnScreen.java:35)
at java.base/jdk.internal.reflect.DirectMethodHandleAccessor.invoke(DirectMethodHandleAccessor.java:104)
at java.base/java.lang.reflect.Method.invoke(Method.java:578)
at org.testng.internal.MethodInvocationHelper.invokeMethod(MethodInvocationHelper.java:133)
at org.testng.internal.MethodInvocationHelper.invokeMethodConsideringTimeout(MethodInvocationHelper.java:62)
at org.testng.internal.ConfigInvoker.invokeConfigurationMethod(ConfigInvoker.java:385)
at org.testng.internal.ConfigInvoker.invokeConfigurations(ConfigInvoker.java:321)
at org.testng.TestRunner.invokeTestConfigurations(TestRunner.java:637)
at org.testng.TestRunner.beforeRun(TestRunner.java:627)
at org.testng.TestRunner.run(TestRunner.java:589)
at org.testng.SuiteRunner.runTest(SuiteRunner.java:377)
at org.testng.SuiteRunner.access$000(SuiteRunner.java:28)
at org.testng.SuiteRunner$SuiteWorker.run(SuiteRunner.java:418)
at org.testng.internal.thread.ThreadUtil.lambda$execute$0(ThreadUtil.java:64)
at java.base/java.util.concurrent.FutureTask.run(FutureTask.java:317)
at java.base/java.util.concurrent.ThreadPoolExecutor.runWorker(ThreadPoolExecutor.java:1144)
at java.base/java.util.concurrent.ThreadPoolExecutor$Worker.run(ThreadPoolExecutor.java:642)
at java.base/java.lang.Thread.run(Thread.java:1623)
Caused by: org.openqa.selenium.TimeoutException: java.util.concurrent.TimeoutException
Build info: version: '4.19.1', revision: 'abe0ee07dc'
System info: os.name: 'Windows 11', os.arch: 'amd64', os.version: '10.0', java.version: '20.0.1'
Driver info: driver.version: FirefoxDriver
at org.openqa.selenium.remote.http.jdk.JdkHttpClient.execute0(JdkHttpClient.java:396)
at org.openqa.selenium.remote.http.AddSeleniumUserAgent.lambda$apply$0(AddSeleniumUserAgent.java:42)
at org.openqa.selenium.remote.http.Filter.lambda$andFinally$1(Filter.java:55)
at org.openqa.selenium.remote.http.jdk.JdkHttpClient.execute(JdkHttpClient.java:352)
at org.openqa.selenium.remote.ProtocolHandshake.createSession(ProtocolHandshake.java:89)
at org.openqa.selenium.remote.ProtocolHandshake.createSession(ProtocolHandshake.java:75)
at org.openqa.selenium.remote.ProtocolHandshake.createSession(ProtocolHandshake.java:61)
at org.openqa.selenium.remote.HttpCommandExecutor.execute(HttpCommandExecutor.java:162)
at org.openqa.selenium.remote.service.DriverCommandExecutor.invokeExecute(DriverCommandExecutor.java:216)
at org.openqa.selenium.remote.service.DriverCommandExecutor.execute(DriverCommandExecutor.java:174)
at org.openqa.selenium.remote.RemoteWebDriver.execute(RemoteWebDriver.java:518)
... 27 more
Caused by: java.util.concurrent.TimeoutException
at java.base/java.util.concurrent.CompletableFuture.timedGet(CompletableFuture.java:1960)
at java.base/java.util.concurrent.CompletableFuture.get(CompletableFuture.java:2095)
at org.openqa.selenium.remote.http.jdk.JdkHttpClient.execute0(JdkHttpClient.java:379)
... 37 more
]]>
            </full-stacktrace>
          </exception> <!-- org.openqa.selenium.SessionNotCreatedException -->
          <reporter-output>
          </reporter-output>
        </test-method> <!-- clickAccountsAndLists -->
        <test-method is-config="true" signature="CaptureScreenshotofFailedTest()[pri:0, instance:amazonTestNGPackage.VerifyScrollingDownActionForShareButton@1e800aaa]" started-at="2024-05-02T08:03:32 IST" name="CaptureScreenshotofFailedTest" finished-at="1970-01-01T05:30:00 IST" duration-ms="-1714617212728" status="SKIP">
          <reporter-output>
          </reporter-output>
        </test-method> <!-- CaptureScreenshotofFailedTest -->
        <test-method is-config="true" signature="afterclass()[pri:0, instance:amazonTestNGPackage.VerifyScrollingDownActionForShareButton@1e800aaa]" started-at="2024-05-02T08:03:32 IST" name="afterclass" finished-at="1970-01-01T05:30:00 IST" duration-ms="-1714617212731" status="SKIP">
          <reporter-output>
          </reporter-output>
        </test-method> <!-- afterclass -->
        <test-method is-config="true" signature="closeBrowser()[pri:0, instance:amazonTestNGPackage.VerifyScrollingDownActionForShareButton@1e800aaa]" started-at="2024-05-02T08:03:37 IST" name="closeBrowser" finished-at="1970-01-01T05:30:00 IST" duration-ms="-1714617217561" status="SKIP">
          <reporter-output>
          </reporter-output>
        </test-method> <!-- closeBrowser -->
      </class> <!-- amazonTestNGPackage.VerifyScrollingDownActionForShareButton -->
      <class name="amazonTestNGPackage.VerifyAddToCartScenario">
        <test-method is-config="true" signature="launchBrowser(java.lang.String)[pri:0, instance:amazonTestNGPackage.VerifyAddToCartScenario@6f03482]" started-at="2024-05-02T07:59:19 IST" name="launchBrowser" finished-at="2024-05-02T07:59:55 IST" duration-ms="36172" status="PASS">
          <params>
            <param index="0">
              <value>
                <![CDATA[Firefox]]>
              </value>
            </param>
          </params>
          <reporter-output>
          </reporter-output>
        </test-method> <!-- launchBrowser -->
        <test-method is-config="true" signature="InitilisationOfPom()[pri:0, instance:amazonTestNGPackage.VerifyAddToCartScenario@6f03482]" started-at="2024-05-02T08:03:35 IST" name="InitilisationOfPom" finished-at="1970-01-01T05:30:00 IST" duration-ms="-1714617215767" status="SKIP">
          <reporter-output>
          </reporter-output>
        </test-method> <!-- InitilisationOfPom -->
        <test-method is-config="true" signature="Signup()[pri:0, instance:amazonTestNGPackage.VerifyAddToCartScenario@6f03482]" started-at="2024-05-02T08:03:35 IST" name="Signup" finished-at="1970-01-01T05:30:00 IST" duration-ms="-1714617215770" status="SKIP">
          <reporter-output>
          </reporter-output>
        </test-method> <!-- Signup -->
        <test-method signature="verifyAddToCart()[pri:1, instance:amazonTestNGPackage.VerifyAddToCartScenario@6f03482]" started-at="2024-05-02T08:03:35 IST" name="verifyAddToCart" finished-at="2024-05-02T08:03:35 IST" duration-ms="0" status="SKIP">
          <exception class="org.openqa.selenium.SessionNotCreatedException">
            <message>
              <![CDATA[Could not start a new session. Possible causes are invalid address of the remote server or browser start-up failure. 
Host info: host: 'DESKTOP-FSSQCH0', ip: '192.168.1.6']]>
            </message>
            <full-stacktrace>
              <![CDATA[org.openqa.selenium.SessionNotCreatedException: Could not start a new session. Possible causes are invalid address of the remote server or browser start-up failure. 
Host info: host: 'DESKTOP-FSSQCH0', ip: '192.168.1.6'
at org.openqa.selenium.remote.RemoteWebDriver.execute(RemoteWebDriver.java:536)
at org.openqa.selenium.remote.RemoteWebDriver.startSession(RemoteWebDriver.java:232)
at org.openqa.selenium.remote.RemoteWebDriver.<init>(RemoteWebDriver.java:161)
at org.openqa.selenium.firefox.FirefoxDriver.<init>(FirefoxDriver.java:155)
at org.openqa.selenium.firefox.FirefoxDriver.<init>(FirefoxDriver.java:150)
at org.openqa.selenium.firefox.FirefoxDriver.<init>(FirefoxDriver.java:133)
at org.openqa.selenium.firefox.FirefoxDriver.<init>(FirefoxDriver.java:128)
at org.openqa.selenium.firefox.FirefoxDriver.<init>(FirefoxDriver.java:113)
at org.openqa.selenium.firefox.FirefoxDriver.<init>(FirefoxDriver.java:103)
at browsersetting.Browsers.openFirefoxBrowser(Browsers.java:17)
at amazonTestNGPackage.VerifyElementsPresentOnScreen.launchBrowser(VerifyElementsPresentOnScreen.java:35)
at java.base/jdk.internal.reflect.DirectMethodHandleAccessor.invoke(DirectMethodHandleAccessor.java:104)
at java.base/java.lang.reflect.Method.invoke(Method.java:578)
at org.testng.internal.MethodInvocationHelper.invokeMethod(MethodInvocationHelper.java:133)
at org.testng.internal.MethodInvocationHelper.invokeMethodConsideringTimeout(MethodInvocationHelper.java:62)
at org.testng.internal.ConfigInvoker.invokeConfigurationMethod(ConfigInvoker.java:385)
at org.testng.internal.ConfigInvoker.invokeConfigurations(ConfigInvoker.java:321)
at org.testng.TestRunner.invokeTestConfigurations(TestRunner.java:637)
at org.testng.TestRunner.beforeRun(TestRunner.java:627)
at org.testng.TestRunner.run(TestRunner.java:589)
at org.testng.SuiteRunner.runTest(SuiteRunner.java:377)
at org.testng.SuiteRunner.access$000(SuiteRunner.java:28)
at org.testng.SuiteRunner$SuiteWorker.run(SuiteRunner.java:418)
at org.testng.internal.thread.ThreadUtil.lambda$execute$0(ThreadUtil.java:64)
at java.base/java.util.concurrent.FutureTask.run(FutureTask.java:317)
at java.base/java.util.concurrent.ThreadPoolExecutor.runWorker(ThreadPoolExecutor.java:1144)
at java.base/java.util.concurrent.ThreadPoolExecutor$Worker.run(ThreadPoolExecutor.java:642)
at java.base/java.lang.Thread.run(Thread.java:1623)
Caused by: org.openqa.selenium.TimeoutException: java.util.concurrent.TimeoutException
Build info: version: '4.19.1', revision: 'abe0ee07dc'
System info: os.name: 'Windows 11', os.arch: 'amd64', os.version: '10.0', java.version: '20.0.1'
Driver info: driver.version: FirefoxDriver
at org.openqa.selenium.remote.http.jdk.JdkHttpClient.execute0(JdkHttpClient.java:396)
at org.openqa.selenium.remote.http.AddSeleniumUserAgent.lambda$apply$0(AddSeleniumUserAgent.java:42)
at org.openqa.selenium.remote.http.Filter.lambda$andFinally$1(Filter.java:55)
at org.openqa.selenium.remote.http.jdk.JdkHttpClient.execute(JdkHttpClient.java:352)
at org.openqa.selenium.remote.ProtocolHandshake.createSession(ProtocolHandshake.java:89)
at org.openqa.selenium.remote.ProtocolHandshake.createSession(ProtocolHandshake.java:75)
at org.openqa.selenium.remote.ProtocolHandshake.createSession(ProtocolHandshake.java:61)
at org.openqa.selenium.remote.HttpCommandExecutor.execute(HttpCommandExecutor.java:162)
at org.openqa.selenium.remote.service.DriverCommandExecutor.invokeExecute(DriverCommandExecutor.java:216)
at org.openqa.selenium.remote.service.DriverCommandExecutor.execute(DriverCommandExecutor.java:174)
at org.openqa.selenium.remote.RemoteWebDriver.execute(RemoteWebDriver.java:518)
... 27 more
Caused by: java.util.concurrent.TimeoutException
at java.base/java.util.concurrent.CompletableFuture.timedGet(CompletableFuture.java:1960)
at java.base/java.util.concurrent.CompletableFuture.get(CompletableFuture.java:2095)
at org.openqa.selenium.remote.http.jdk.JdkHttpClient.execute0(JdkHttpClient.java:379)
... 37 more
]]>
            </full-stacktrace>
          </exception> <!-- org.openqa.selenium.SessionNotCreatedException -->
          <reporter-output>
          </reporter-output>
        </test-method> <!-- verifyAddToCart -->
        <test-method is-config="true" signature="CaptureScreenshotofFailedTest()[pri:0, instance:amazonTestNGPackage.VerifyAddToCartScenario@6f03482]" started-at="2024-05-02T08:03:35 IST" name="CaptureScreenshotofFailedTest" finished-at="1970-01-01T05:30:00 IST" duration-ms="-1714617215780" status="SKIP">
          <reporter-output>
          </reporter-output>
        </test-method> <!-- CaptureScreenshotofFailedTest -->
        <test-method is-config="true" signature="afterclass()[pri:0, instance:amazonTestNGPackage.VerifyAddToCartScenario@6f03482]" started-at="2024-05-02T08:03:35 IST" name="afterclass" finished-at="1970-01-01T05:30:00 IST" duration-ms="-1714617215782" status="SKIP">
          <reporter-output>
          </reporter-output>
        </test-method> <!-- afterclass -->
        <test-method is-config="true" signature="closeBrowser()[pri:0, instance:amazonTestNGPackage.VerifyAddToCartScenario@6f03482]" started-at="2024-05-02T08:03:37 IST" name="closeBrowser" finished-at="1970-01-01T05:30:00 IST" duration-ms="-1714617217379" status="SKIP">
          <reporter-output>
          </reporter-output>
        </test-method> <!-- closeBrowser -->
      </class> <!-- amazonTestNGPackage.VerifyAddToCartScenario -->
      <class name="amazonTestNGPackage.VerifyAccountsAndLists">
        <test-method is-config="true" signature="launchBrowser(java.lang.String)[pri:0, instance:amazonTestNGPackage.VerifyAccountsAndLists@179ece50]" started-at="2024-05-02T07:56:01 IST" name="launchBrowser" finished-at="2024-05-02T07:59:19 IST" duration-ms="197928" status="PASS">
          <params>
            <param index="0">
              <value>
                <![CDATA[Firefox]]>
              </value>
            </param>
          </params>
          <reporter-output>
          </reporter-output>
        </test-method> <!-- launchBrowser -->
        <test-method is-config="true" signature="InitilisationOfPom()[pri:0, instance:amazonTestNGPackage.VerifyAccountsAndLists@179ece50]" started-at="2024-05-02T08:03:33 IST" name="InitilisationOfPom" finished-at="1970-01-01T05:30:00 IST" duration-ms="-1714617213962" status="SKIP">
          <reporter-output>
          </reporter-output>
        </test-method> <!-- InitilisationOfPom -->
        <test-method is-config="true" signature="Signup()[pri:0, instance:amazonTestNGPackage.VerifyAccountsAndLists@179ece50]" started-at="2024-05-02T08:03:34 IST" name="Signup" finished-at="1970-01-01T05:30:00 IST" duration-ms="-1714617214178" status="SKIP">
          <reporter-output>
          </reporter-output>
        </test-method> <!-- Signup -->
        <test-method signature="clickAccountsAndLists()[pri:0, instance:amazonTestNGPackage.VerifyAccountsAndLists@179ece50]" started-at="2024-05-02T08:03:34 IST" name="clickAccountsAndLists" finished-at="2024-05-02T08:03:34 IST" duration-ms="0" status="SKIP">
          <exception class="org.openqa.selenium.SessionNotCreatedException">
            <message>
              <![CDATA[Could not start a new session. Possible causes are invalid address of the remote server or browser start-up failure. 
Host info: host: 'DESKTOP-FSSQCH0', ip: '192.168.1.6']]>
            </message>
            <full-stacktrace>
              <![CDATA[org.openqa.selenium.SessionNotCreatedException: Could not start a new session. Possible causes are invalid address of the remote server or browser start-up failure. 
Host info: host: 'DESKTOP-FSSQCH0', ip: '192.168.1.6'
at org.openqa.selenium.remote.RemoteWebDriver.execute(RemoteWebDriver.java:536)
at org.openqa.selenium.remote.RemoteWebDriver.startSession(RemoteWebDriver.java:232)
at org.openqa.selenium.remote.RemoteWebDriver.<init>(RemoteWebDriver.java:161)
at org.openqa.selenium.firefox.FirefoxDriver.<init>(FirefoxDriver.java:155)
at org.openqa.selenium.firefox.FirefoxDriver.<init>(FirefoxDriver.java:150)
at org.openqa.selenium.firefox.FirefoxDriver.<init>(FirefoxDriver.java:133)
at org.openqa.selenium.firefox.FirefoxDriver.<init>(FirefoxDriver.java:128)
at org.openqa.selenium.firefox.FirefoxDriver.<init>(FirefoxDriver.java:113)
at org.openqa.selenium.firefox.FirefoxDriver.<init>(FirefoxDriver.java:103)
at browsersetting.Browsers.openFirefoxBrowser(Browsers.java:17)
at amazonTestNGPackage.VerifyElementsPresentOnScreen.launchBrowser(VerifyElementsPresentOnScreen.java:35)
at java.base/jdk.internal.reflect.DirectMethodHandleAccessor.invoke(DirectMethodHandleAccessor.java:104)
at java.base/java.lang.reflect.Method.invoke(Method.java:578)
at org.testng.internal.MethodInvocationHelper.invokeMethod(MethodInvocationHelper.java:133)
at org.testng.internal.MethodInvocationHelper.invokeMethodConsideringTimeout(MethodInvocationHelper.java:62)
at org.testng.internal.ConfigInvoker.invokeConfigurationMethod(ConfigInvoker.java:385)
at org.testng.internal.ConfigInvoker.invokeConfigurations(ConfigInvoker.java:321)
at org.testng.TestRunner.invokeTestConfigurations(TestRunner.java:637)
at org.testng.TestRunner.beforeRun(TestRunner.java:627)
at org.testng.TestRunner.run(TestRunner.java:589)
at org.testng.SuiteRunner.runTest(SuiteRunner.java:377)
at org.testng.SuiteRunner.access$000(SuiteRunner.java:28)
at org.testng.SuiteRunner$SuiteWorker.run(SuiteRunner.java:418)
at org.testng.internal.thread.ThreadUtil.lambda$execute$0(ThreadUtil.java:64)
at java.base/java.util.concurrent.FutureTask.run(FutureTask.java:317)
at java.base/java.util.concurrent.ThreadPoolExecutor.runWorker(ThreadPoolExecutor.java:1144)
at java.base/java.util.concurrent.ThreadPoolExecutor$Worker.run(ThreadPoolExecutor.java:642)
at java.base/java.lang.Thread.run(Thread.java:1623)
Caused by: org.openqa.selenium.TimeoutException: java.util.concurrent.TimeoutException
Build info: version: '4.19.1', revision: 'abe0ee07dc'
System info: os.name: 'Windows 11', os.arch: 'amd64', os.version: '10.0', java.version: '20.0.1'
Driver info: driver.version: FirefoxDriver
at org.openqa.selenium.remote.http.jdk.JdkHttpClient.execute0(JdkHttpClient.java:396)
at org.openqa.selenium.remote.http.AddSeleniumUserAgent.lambda$apply$0(AddSeleniumUserAgent.java:42)
at org.openqa.selenium.remote.http.Filter.lambda$andFinally$1(Filter.java:55)
at org.openqa.selenium.remote.http.jdk.JdkHttpClient.execute(JdkHttpClient.java:352)
at org.openqa.selenium.remote.ProtocolHandshake.createSession(ProtocolHandshake.java:89)
at org.openqa.selenium.remote.ProtocolHandshake.createSession(ProtocolHandshake.java:75)
at org.openqa.selenium.remote.ProtocolHandshake.createSession(ProtocolHandshake.java:61)
at org.openqa.selenium.remote.HttpCommandExecutor.execute(HttpCommandExecutor.java:162)
at org.openqa.selenium.remote.service.DriverCommandExecutor.invokeExecute(DriverCommandExecutor.java:216)
at org.openqa.selenium.remote.service.DriverCommandExecutor.execute(DriverCommandExecutor.java:174)
at org.openqa.selenium.remote.RemoteWebDriver.execute(RemoteWebDriver.java:518)
... 27 more
Caused by: java.util.concurrent.TimeoutException
at java.base/java.util.concurrent.CompletableFuture.timedGet(CompletableFuture.java:1960)
at java.base/java.util.concurrent.CompletableFuture.get(CompletableFuture.java:2095)
at org.openqa.selenium.remote.http.jdk.JdkHttpClient.execute0(JdkHttpClient.java:379)
... 37 more
]]>
            </full-stacktrace>
          </exception> <!-- org.openqa.selenium.SessionNotCreatedException -->
          <reporter-output>
          </reporter-output>
        </test-method> <!-- clickAccountsAndLists -->
        <test-method is-config="true" signature="CaptureScreenshotofFailedTest()[pri:0, instance:amazonTestNGPackage.VerifyAccountsAndLists@179ece50]" started-at="2024-05-02T08:03:34 IST" name="CaptureScreenshotofFailedTest" finished-at="1970-01-01T05:30:00 IST" duration-ms="-1714617214200" status="SKIP">
          <reporter-output>
          </reporter-output>
        </test-method> <!-- CaptureScreenshotofFailedTest -->
        <test-method is-config="true" signature="afterclass()[pri:0, instance:amazonTestNGPackage.VerifyAccountsAndLists@179ece50]" started-at="2024-05-02T08:03:34 IST" name="afterclass" finished-at="1970-01-01T05:30:00 IST" duration-ms="-1714617214204" status="SKIP">
          <reporter-output>
          </reporter-output>
        </test-method> <!-- afterclass -->
        <test-method is-config="true" signature="closeBrowser()[pri:0, instance:amazonTestNGPackage.VerifyAccountsAndLists@179ece50]" started-at="2024-05-02T08:03:37 IST" name="closeBrowser" finished-at="1970-01-01T05:30:00 IST" duration-ms="-1714617217369" status="SKIP">
          <reporter-output>
          </reporter-output>
        </test-method> <!-- closeBrowser -->
      </class> <!-- amazonTestNGPackage.VerifyAccountsAndLists -->
      <class name="amazonTestNGPackage.VerifyIncreaseInQuantityNumberOnAddingSameItem">
        <test-method is-config="true" signature="launchBrowser(java.lang.String)[pri:0, instance:amazonTestNGPackage.VerifyIncreaseInQuantityNumberOnAddingSameItem@3cd3e762]" started-at="2024-05-02T08:03:30 IST" name="launchBrowser" finished-at="1970-01-01T05:30:00 IST" duration-ms="-1714617210929" status="SKIP">
          <reporter-output>
          </reporter-output>
        </test-method> <!-- launchBrowser -->
        <test-method is-config="true" signature="InitilisationOfPom()[pri:0, instance:amazonTestNGPackage.VerifyIncreaseInQuantityNumberOnAddingSameItem@3cd3e762]" started-at="2024-05-02T08:03:34 IST" name="InitilisationOfPom" finished-at="1970-01-01T05:30:00 IST" duration-ms="-1714617214212" status="SKIP">
          <reporter-output>
          </reporter-output>
        </test-method> <!-- InitilisationOfPom -->
        <test-method is-config="true" signature="Signup()[pri:0, instance:amazonTestNGPackage.VerifyIncreaseInQuantityNumberOnAddingSameItem@3cd3e762]" started-at="2024-05-02T08:03:35 IST" name="Signup" finished-at="1970-01-01T05:30:00 IST" duration-ms="-1714617215201" status="SKIP">
          <reporter-output>
          </reporter-output>
        </test-method> <!-- Signup -->
        <test-method signature="verification()[pri:0, instance:amazonTestNGPackage.VerifyIncreaseInQuantityNumberOnAddingSameItem@3cd3e762]" started-at="2024-05-02T08:03:35 IST" name="verification" finished-at="2024-05-02T08:03:35 IST" duration-ms="0" status="SKIP">
          <exception class="org.openqa.selenium.SessionNotCreatedException">
            <message>
              <![CDATA[Could not start a new session. Possible causes are invalid address of the remote server or browser start-up failure. 
Host info: host: 'DESKTOP-FSSQCH0', ip: '192.168.1.6']]>
            </message>
            <full-stacktrace>
              <![CDATA[org.openqa.selenium.SessionNotCreatedException: Could not start a new session. Possible causes are invalid address of the remote server or browser start-up failure. 
Host info: host: 'DESKTOP-FSSQCH0', ip: '192.168.1.6'
at org.openqa.selenium.remote.RemoteWebDriver.execute(RemoteWebDriver.java:536)
at org.openqa.selenium.remote.RemoteWebDriver.startSession(RemoteWebDriver.java:232)
at org.openqa.selenium.remote.RemoteWebDriver.<init>(RemoteWebDriver.java:161)
at org.openqa.selenium.firefox.FirefoxDriver.<init>(FirefoxDriver.java:155)
at org.openqa.selenium.firefox.FirefoxDriver.<init>(FirefoxDriver.java:150)
at org.openqa.selenium.firefox.FirefoxDriver.<init>(FirefoxDriver.java:133)
at org.openqa.selenium.firefox.FirefoxDriver.<init>(FirefoxDriver.java:128)
at org.openqa.selenium.firefox.FirefoxDriver.<init>(FirefoxDriver.java:113)
at org.openqa.selenium.firefox.FirefoxDriver.<init>(FirefoxDriver.java:103)
at browsersetting.Browsers.openFirefoxBrowser(Browsers.java:17)
at amazonTestNGPackage.VerifyElementsPresentOnScreen.launchBrowser(VerifyElementsPresentOnScreen.java:35)
at java.base/jdk.internal.reflect.DirectMethodHandleAccessor.invoke(DirectMethodHandleAccessor.java:104)
at java.base/java.lang.reflect.Method.invoke(Method.java:578)
at org.testng.internal.MethodInvocationHelper.invokeMethod(MethodInvocationHelper.java:133)
at org.testng.internal.MethodInvocationHelper.invokeMethodConsideringTimeout(MethodInvocationHelper.java:62)
at org.testng.internal.ConfigInvoker.invokeConfigurationMethod(ConfigInvoker.java:385)
at org.testng.internal.ConfigInvoker.invokeConfigurations(ConfigInvoker.java:321)
at org.testng.TestRunner.invokeTestConfigurations(TestRunner.java:637)
at org.testng.TestRunner.beforeRun(TestRunner.java:627)
at org.testng.TestRunner.run(TestRunner.java:589)
at org.testng.SuiteRunner.runTest(SuiteRunner.java:377)
at org.testng.SuiteRunner.access$000(SuiteRunner.java:28)
at org.testng.SuiteRunner$SuiteWorker.run(SuiteRunner.java:418)
at org.testng.internal.thread.ThreadUtil.lambda$execute$0(ThreadUtil.java:64)
at java.base/java.util.concurrent.FutureTask.run(FutureTask.java:317)
at java.base/java.util.concurrent.ThreadPoolExecutor.runWorker(ThreadPoolExecutor.java:1144)
at java.base/java.util.concurrent.ThreadPoolExecutor$Worker.run(ThreadPoolExecutor.java:642)
at java.base/java.lang.Thread.run(Thread.java:1623)
Caused by: org.openqa.selenium.TimeoutException: java.util.concurrent.TimeoutException
Build info: version: '4.19.1', revision: 'abe0ee07dc'
System info: os.name: 'Windows 11', os.arch: 'amd64', os.version: '10.0', java.version: '20.0.1'
Driver info: driver.version: FirefoxDriver
at org.openqa.selenium.remote.http.jdk.JdkHttpClient.execute0(JdkHttpClient.java:396)
at org.openqa.selenium.remote.http.AddSeleniumUserAgent.lambda$apply$0(AddSeleniumUserAgent.java:42)
at org.openqa.selenium.remote.http.Filter.lambda$andFinally$1(Filter.java:55)
at org.openqa.selenium.remote.http.jdk.JdkHttpClient.execute(JdkHttpClient.java:352)
at org.openqa.selenium.remote.ProtocolHandshake.createSession(ProtocolHandshake.java:89)
at org.openqa.selenium.remote.ProtocolHandshake.createSession(ProtocolHandshake.java:75)
at org.openqa.selenium.remote.ProtocolHandshake.createSession(ProtocolHandshake.java:61)
at org.openqa.selenium.remote.HttpCommandExecutor.execute(HttpCommandExecutor.java:162)
at org.openqa.selenium.remote.service.DriverCommandExecutor.invokeExecute(DriverCommandExecutor.java:216)
at org.openqa.selenium.remote.service.DriverCommandExecutor.execute(DriverCommandExecutor.java:174)
at org.openqa.selenium.remote.RemoteWebDriver.execute(RemoteWebDriver.java:518)
... 27 more
Caused by: java.util.concurrent.TimeoutException
at java.base/java.util.concurrent.CompletableFuture.timedGet(CompletableFuture.java:1960)
at java.base/java.util.concurrent.CompletableFuture.get(CompletableFuture.java:2095)
at org.openqa.selenium.remote.http.jdk.JdkHttpClient.execute0(JdkHttpClient.java:379)
... 37 more
]]>
            </full-stacktrace>
          </exception> <!-- org.openqa.selenium.SessionNotCreatedException -->
          <reporter-output>
          </reporter-output>
        </test-method> <!-- verification -->
        <test-method is-config="true" signature="CaptureScreenshotofFailedTest()[pri:0, instance:amazonTestNGPackage.VerifyIncreaseInQuantityNumberOnAddingSameItem@3cd3e762]" started-at="2024-05-02T08:03:35 IST" name="CaptureScreenshotofFailedTest" finished-at="1970-01-01T05:30:00 IST" duration-ms="-1714617215215" status="SKIP">
          <reporter-output>
          </reporter-output>
        </test-method> <!-- CaptureScreenshotofFailedTest -->
        <test-method is-config="true" signature="afterclass()[pri:0, instance:amazonTestNGPackage.VerifyIncreaseInQuantityNumberOnAddingSameItem@3cd3e762]" started-at="2024-05-02T08:03:35 IST" name="afterclass" finished-at="1970-01-01T05:30:00 IST" duration-ms="-1714617215219" status="SKIP">
          <reporter-output>
          </reporter-output>
        </test-method> <!-- afterclass -->
        <test-method is-config="true" signature="closeBrowser()[pri:0, instance:amazonTestNGPackage.VerifyIncreaseInQuantityNumberOnAddingSameItem@3cd3e762]" started-at="2024-05-02T08:03:37 IST" name="closeBrowser" finished-at="1970-01-01T05:30:00 IST" duration-ms="-1714617217402" status="SKIP">
          <reporter-output>
          </reporter-output>
        </test-method> <!-- closeBrowser -->
      </class> <!-- amazonTestNGPackage.VerifyIncreaseInQuantityNumberOnAddingSameItem -->
      <class name="testclasses.TestNGTest">
        <test-method is-config="true" signature="beforeClass()[pri:0, instance:testclasses.TestNGTest@3b0090a4]" started-at="2024-05-02T08:03:33 IST" name="beforeClass" finished-at="1970-01-01T05:30:00 IST" duration-ms="-1714617213961" status="SKIP">
          <reporter-output>
          </reporter-output>
        </test-method> <!-- beforeClass -->
        <test-method is-config="true" signature="beforeMethod()[pri:0, instance:testclasses.TestNGTest@3b0090a4]" started-at="2024-05-02T08:03:35 IST" name="beforeMethod" finished-at="1970-01-01T05:30:00 IST" duration-ms="-1714617215268" status="SKIP">
          <reporter-output>
          </reporter-output>
        </test-method> <!-- beforeMethod -->
        <test-method signature="test()[pri:0, instance:testclasses.TestNGTest@3b0090a4]" started-at="2024-05-02T08:03:35 IST" name="test" finished-at="2024-05-02T08:03:35 IST" duration-ms="0" status="SKIP">
          <exception class="org.openqa.selenium.SessionNotCreatedException">
            <message>
              <![CDATA[Could not start a new session. Possible causes are invalid address of the remote server or browser start-up failure. 
Host info: host: 'DESKTOP-FSSQCH0', ip: '192.168.1.6']]>
            </message>
            <full-stacktrace>
              <![CDATA[org.openqa.selenium.SessionNotCreatedException: Could not start a new session. Possible causes are invalid address of the remote server or browser start-up failure. 
Host info: host: 'DESKTOP-FSSQCH0', ip: '192.168.1.6'
at org.openqa.selenium.remote.RemoteWebDriver.execute(RemoteWebDriver.java:536)
at org.openqa.selenium.remote.RemoteWebDriver.startSession(RemoteWebDriver.java:232)
at org.openqa.selenium.remote.RemoteWebDriver.<init>(RemoteWebDriver.java:161)
at org.openqa.selenium.firefox.FirefoxDriver.<init>(FirefoxDriver.java:155)
at org.openqa.selenium.firefox.FirefoxDriver.<init>(FirefoxDriver.java:150)
at org.openqa.selenium.firefox.FirefoxDriver.<init>(FirefoxDriver.java:133)
at org.openqa.selenium.firefox.FirefoxDriver.<init>(FirefoxDriver.java:128)
at org.openqa.selenium.firefox.FirefoxDriver.<init>(FirefoxDriver.java:113)
at org.openqa.selenium.firefox.FirefoxDriver.<init>(FirefoxDriver.java:103)
at browsersetting.Browsers.openFirefoxBrowser(Browsers.java:17)
at amazonTestNGPackage.VerifyElementsPresentOnScreen.launchBrowser(VerifyElementsPresentOnScreen.java:35)
at java.base/jdk.internal.reflect.DirectMethodHandleAccessor.invoke(DirectMethodHandleAccessor.java:104)
at java.base/java.lang.reflect.Method.invoke(Method.java:578)
at org.testng.internal.MethodInvocationHelper.invokeMethod(MethodInvocationHelper.java:133)
at org.testng.internal.MethodInvocationHelper.invokeMethodConsideringTimeout(MethodInvocationHelper.java:62)
at org.testng.internal.ConfigInvoker.invokeConfigurationMethod(ConfigInvoker.java:385)
at org.testng.internal.ConfigInvoker.invokeConfigurations(ConfigInvoker.java:321)
at org.testng.TestRunner.invokeTestConfigurations(TestRunner.java:637)
at org.testng.TestRunner.beforeRun(TestRunner.java:627)
at org.testng.TestRunner.run(TestRunner.java:589)
at org.testng.SuiteRunner.runTest(SuiteRunner.java:377)
at org.testng.SuiteRunner.access$000(SuiteRunner.java:28)
at org.testng.SuiteRunner$SuiteWorker.run(SuiteRunner.java:418)
at org.testng.internal.thread.ThreadUtil.lambda$execute$0(ThreadUtil.java:64)
at java.base/java.util.concurrent.FutureTask.run(FutureTask.java:317)
at java.base/java.util.concurrent.ThreadPoolExecutor.runWorker(ThreadPoolExecutor.java:1144)
at java.base/java.util.concurrent.ThreadPoolExecutor$Worker.run(ThreadPoolExecutor.java:642)
at java.base/java.lang.Thread.run(Thread.java:1623)
Caused by: org.openqa.selenium.TimeoutException: java.util.concurrent.TimeoutException
Build info: version: '4.19.1', revision: 'abe0ee07dc'
System info: os.name: 'Windows 11', os.arch: 'amd64', os.version: '10.0', java.version: '20.0.1'
Driver info: driver.version: FirefoxDriver
at org.openqa.selenium.remote.http.jdk.JdkHttpClient.execute0(JdkHttpClient.java:396)
at org.openqa.selenium.remote.http.AddSeleniumUserAgent.lambda$apply$0(AddSeleniumUserAgent.java:42)
at org.openqa.selenium.remote.http.Filter.lambda$andFinally$1(Filter.java:55)
at org.openqa.selenium.remote.http.jdk.JdkHttpClient.execute(JdkHttpClient.java:352)
at org.openqa.selenium.remote.ProtocolHandshake.createSession(ProtocolHandshake.java:89)
at org.openqa.selenium.remote.ProtocolHandshake.createSession(ProtocolHandshake.java:75)
at org.openqa.selenium.remote.ProtocolHandshake.createSession(ProtocolHandshake.java:61)
at org.openqa.selenium.remote.HttpCommandExecutor.execute(HttpCommandExecutor.java:162)
at org.openqa.selenium.remote.service.DriverCommandExecutor.invokeExecute(DriverCommandExecutor.java:216)
at org.openqa.selenium.remote.service.DriverCommandExecutor.execute(DriverCommandExecutor.java:174)
at org.openqa.selenium.remote.RemoteWebDriver.execute(RemoteWebDriver.java:518)
... 27 more
Caused by: java.util.concurrent.TimeoutException
at java.base/java.util.concurrent.CompletableFuture.timedGet(CompletableFuture.java:1960)
at java.base/java.util.concurrent.CompletableFuture.get(CompletableFuture.java:2095)
at org.openqa.selenium.remote.http.jdk.JdkHttpClient.execute0(JdkHttpClient.java:379)
... 37 more
]]>
            </full-stacktrace>
          </exception> <!-- org.openqa.selenium.SessionNotCreatedException -->
          <reporter-output>
          </reporter-output>
        </test-method> <!-- test -->
        <test-method is-config="true" signature="afterMethod()[pri:0, instance:testclasses.TestNGTest@3b0090a4]" started-at="2024-05-02T08:03:35 IST" name="afterMethod" finished-at="1970-01-01T05:30:00 IST" duration-ms="-1714617215283" status="SKIP">
          <reporter-output>
          </reporter-output>
        </test-method> <!-- afterMethod -->
        <test-method is-config="true" signature="afterClass()[pri:0, instance:testclasses.TestNGTest@3b0090a4]" started-at="2024-05-02T08:03:35 IST" name="afterClass" finished-at="1970-01-01T05:30:00 IST" duration-ms="-1714617215287" status="SKIP">
          <reporter-output>
          </reporter-output>
        </test-method> <!-- afterClass -->
      </class> <!-- testclasses.TestNGTest -->
    </test> <!-- Firefox Test -->
    <test started-at="2024-05-02T07:56:01 IST" name="Chrome Test" finished-at="2024-05-02T08:05:29 IST" duration-ms="568389">
      <class name="amazonTestNGPackage.VerifyTotalAmountIsDisplyedToUser">
        <test-method is-config="true" signature="launchBrowser(java.lang.String)[pri:0, instance:amazonTestNGPackage.VerifyTotalAmountIsDisplyedToUser@74235045]" started-at="2024-05-02T07:56:31 IST" name="launchBrowser" finished-at="2024-05-02T07:56:34 IST" duration-ms="3116" status="PASS">
          <params>
            <param index="0">
              <value>
                <![CDATA[Chrome]]>
              </value>
            </param>
          </params>
          <reporter-output>
          </reporter-output>
        </test-method> <!-- launchBrowser -->
        <test-method is-config="true" signature="InitilisationOfPom()[pri:0, instance:amazonTestNGPackage.VerifyTotalAmountIsDisplyedToUser@74235045]" started-at="2024-05-02T07:57:07 IST" name="InitilisationOfPom" finished-at="2024-05-02T07:57:07 IST" duration-ms="11" status="PASS">
          <reporter-output>
          </reporter-output>
        </test-method> <!-- InitilisationOfPom -->
        <test-method is-config="true" signature="Signup()[pri:0, instance:amazonTestNGPackage.VerifyTotalAmountIsDisplyedToUser@74235045]" started-at="2024-05-02T07:57:07 IST" name="Signup" finished-at="2024-05-02T07:57:09 IST" duration-ms="2541" status="PASS">
          <reporter-output>
          </reporter-output>
        </test-method> <!-- Signup -->
        <test-method signature="verifyTotalAmountDisplayed()[pri:0, instance:amazonTestNGPackage.VerifyTotalAmountIsDisplyedToUser@74235045]" started-at="2024-05-02T07:57:09 IST" name="verifyTotalAmountDisplayed" finished-at="2024-05-02T08:00:40 IST" duration-ms="210548" status="PASS">
          <reporter-output>
          </reporter-output>
        </test-method> <!-- verifyTotalAmountDisplayed -->
        <test-method is-config="true" signature="CaptureScreenshotofFailedTest()[pri:0, instance:amazonTestNGPackage.VerifyTotalAmountIsDisplyedToUser@74235045]" started-at="2024-05-02T08:00:40 IST" name="CaptureScreenshotofFailedTest" finished-at="2024-05-02T08:00:40 IST" duration-ms="1" status="PASS">
          <reporter-output>
          </reporter-output>
        </test-method> <!-- CaptureScreenshotofFailedTest -->
        <test-method is-config="true" signature="afterclass()[pri:0, instance:amazonTestNGPackage.VerifyTotalAmountIsDisplyedToUser@74235045]" started-at="2024-05-02T08:00:40 IST" name="afterclass" finished-at="2024-05-02T08:00:40 IST" duration-ms="0" status="PASS">
          <reporter-output>
          </reporter-output>
        </test-method> <!-- afterclass -->
        <test-method is-config="true" signature="closeBrowser()[pri:0, instance:amazonTestNGPackage.VerifyTotalAmountIsDisplyedToUser@74235045]" started-at="2024-05-02T08:05:25 IST" name="closeBrowser" finished-at="2024-05-02T08:05:29 IST" duration-ms="3780" status="PASS">
          <reporter-output>
          </reporter-output>
        </test-method> <!-- closeBrowser -->
      </class> <!-- amazonTestNGPackage.VerifyTotalAmountIsDisplyedToUser -->
      <class name="amazonTestNGPackage.VerifyRemoveElementAddedInCart">
        <test-method is-config="true" signature="launchBrowser(java.lang.String)[pri:0, instance:amazonTestNGPackage.VerifyRemoveElementAddedInCart@1bb5a082]" started-at="2024-05-02T07:56:21 IST" name="launchBrowser" finished-at="2024-05-02T07:56:29 IST" duration-ms="8052" status="PASS">
          <params>
            <param index="0">
              <value>
                <![CDATA[Chrome]]>
              </value>
            </param>
          </params>
          <reporter-output>
          </reporter-output>
        </test-method> <!-- launchBrowser -->
        <test-method is-config="true" signature="InitilisationOfPom()[pri:0, instance:amazonTestNGPackage.VerifyRemoveElementAddedInCart@1bb5a082]" started-at="2024-05-02T08:00:40 IST" name="InitilisationOfPom" finished-at="2024-05-02T08:00:40 IST" duration-ms="49" status="PASS">
          <reporter-output>
          </reporter-output>
        </test-method> <!-- InitilisationOfPom -->
        <test-method is-config="true" signature="Signup()[pri:0, instance:amazonTestNGPackage.VerifyRemoveElementAddedInCart@1bb5a082]" started-at="2024-05-02T08:00:40 IST" name="Signup" finished-at="2024-05-02T08:00:45 IST" duration-ms="5315" status="PASS">
          <reporter-output>
          </reporter-output>
        </test-method> <!-- Signup -->
        <test-method signature="methods()[pri:1, instance:amazonTestNGPackage.VerifyRemoveElementAddedInCart@1bb5a082]" started-at="2024-05-02T08:00:45 IST" name="methods" finished-at="2024-05-02T08:04:54 IST" duration-ms="249060" status="PASS">
          <reporter-output>
          </reporter-output>
        </test-method> <!-- methods -->
        <test-method is-config="true" signature="CaptureScreenshotofFailedTest()[pri:0, instance:amazonTestNGPackage.VerifyRemoveElementAddedInCart@1bb5a082]" started-at="2024-05-02T08:04:54 IST" name="CaptureScreenshotofFailedTest" finished-at="2024-05-02T08:04:54 IST" duration-ms="13" status="PASS">
          <reporter-output>
          </reporter-output>
        </test-method> <!-- CaptureScreenshotofFailedTest -->
        <test-method is-config="true" signature="afterclass()[pri:0, instance:amazonTestNGPackage.VerifyRemoveElementAddedInCart@1bb5a082]" started-at="2024-05-02T08:04:54 IST" name="afterclass" finished-at="2024-05-02T08:04:54 IST" duration-ms="8" status="PASS">
          <reporter-output>
          </reporter-output>
        </test-method> <!-- afterclass -->
        <test-method is-config="true" signature="closeBrowser()[pri:0, instance:amazonTestNGPackage.VerifyRemoveElementAddedInCart@1bb5a082]" started-at="2024-05-02T08:05:23 IST" name="closeBrowser" finished-at="2024-05-02T08:05:23 IST" duration-ms="652" status="PASS">
          <reporter-output>
          </reporter-output>
        </test-method> <!-- closeBrowser -->
      </class> <!-- amazonTestNGPackage.VerifyRemoveElementAddedInCart -->
      <class name="amazonTestNGPackage.VerifyProductRating">
        <test-method is-config="true" signature="launchBrowser(java.lang.String)[pri:0, instance:amazonTestNGPackage.VerifyProductRating@2d3379b4]" started-at="2024-05-02T07:56:15 IST" name="launchBrowser" finished-at="2024-05-02T07:56:21 IST" duration-ms="5525" status="PASS">
          <params>
            <param index="0">
              <value>
                <![CDATA[Chrome]]>
              </value>
            </param>
          </params>
          <reporter-output>
          </reporter-output>
        </test-method> <!-- launchBrowser -->
        <test-method is-config="true" signature="InitilisationOfPom()[pri:0, instance:amazonTestNGPackage.VerifyProductRating@2d3379b4]" started-at="2024-05-02T07:57:13 IST" name="InitilisationOfPom" finished-at="2024-05-02T07:57:14 IST" duration-ms="422" status="PASS">
          <reporter-output>
          </reporter-output>
        </test-method> <!-- InitilisationOfPom -->
        <test-method is-config="true" signature="Signup()[pri:0, instance:amazonTestNGPackage.VerifyProductRating@2d3379b4]" started-at="2024-05-02T07:57:14 IST" name="Signup" finished-at="2024-05-02T07:57:24 IST" duration-ms="10505" status="PASS">
          <reporter-output>
          </reporter-output>
        </test-method> <!-- Signup -->
        <test-method signature="checkAutoSuggestion()[pri:1, instance:amazonTestNGPackage.VerifyProductRating@2d3379b4]" started-at="2024-05-02T07:57:24 IST" name="checkAutoSuggestion" finished-at="2024-05-02T08:00:50 IST" duration-ms="205594" status="PASS">
          <reporter-output>
          </reporter-output>
        </test-method> <!-- checkAutoSuggestion -->
        <test-method is-config="true" signature="CaptureScreenshotofFailedTest()[pri:0, instance:amazonTestNGPackage.VerifyProductRating@2d3379b4]" started-at="2024-05-02T08:00:50 IST" name="CaptureScreenshotofFailedTest" finished-at="2024-05-02T08:00:50 IST" duration-ms="41" status="PASS">
          <reporter-output>
          </reporter-output>
        </test-method> <!-- CaptureScreenshotofFailedTest -->
        <test-method is-config="true" signature="afterclass()[pri:0, instance:amazonTestNGPackage.VerifyProductRating@2d3379b4]" started-at="2024-05-02T08:00:50 IST" name="afterclass" finished-at="2024-05-02T08:00:50 IST" duration-ms="32" status="PASS">
          <reporter-output>
          </reporter-output>
        </test-method> <!-- afterclass -->
        <test-method is-config="true" signature="closeBrowser()[pri:0, instance:amazonTestNGPackage.VerifyProductRating@2d3379b4]" started-at="2024-05-02T08:05:22 IST" name="closeBrowser" finished-at="2024-05-02T08:05:23 IST" duration-ms="567" status="PASS">
          <reporter-output>
          </reporter-output>
        </test-method> <!-- closeBrowser -->
      </class> <!-- amazonTestNGPackage.VerifyProductRating -->
      <class name="amazonTestNGPackage.VerifyElementsPresentOnScreen">
        <test-method is-config="true" signature="launchBrowser(java.lang.String)[pri:0, instance:amazonTestNGPackage.VerifyElementsPresentOnScreen@443118b0]" started-at="2024-05-02T07:56:08 IST" name="launchBrowser" finished-at="2024-05-02T07:56:13 IST" duration-ms="4655" status="PASS">
          <params>
            <param index="0">
              <value>
                <![CDATA[Chrome]]>
              </value>
            </param>
          </params>
          <reporter-output>
          </reporter-output>
        </test-method> <!-- launchBrowser -->
        <test-method is-config="true" signature="InitilisationOfPom()[pri:0, instance:amazonTestNGPackage.VerifyElementsPresentOnScreen@443118b0]" started-at="2024-05-02T07:58:59 IST" name="InitilisationOfPom" finished-at="2024-05-02T07:59:00 IST" duration-ms="242" status="PASS">
          <reporter-output>
          </reporter-output>
        </test-method> <!-- InitilisationOfPom -->
        <test-method is-config="true" signature="Signup()[pri:0, instance:amazonTestNGPackage.VerifyElementsPresentOnScreen@443118b0]" started-at="2024-05-02T07:59:00 IST" name="Signup" finished-at="2024-05-02T07:59:17 IST" duration-ms="17678" status="PASS">
          <reporter-output>
          </reporter-output>
        </test-method> <!-- Signup -->
        <test-method signature="checkAutoSuggestion()[pri:1, instance:amazonTestNGPackage.VerifyElementsPresentOnScreen@443118b0]" started-at="2024-05-02T07:59:17 IST" name="checkAutoSuggestion" finished-at="2024-05-02T08:01:22 IST" duration-ms="124964" status="PASS">
          <reporter-output>
          </reporter-output>
        </test-method> <!-- checkAutoSuggestion -->
        <test-method is-config="true" signature="CaptureScreenshotofFailedTest()[pri:0, instance:amazonTestNGPackage.VerifyElementsPresentOnScreen@443118b0]" started-at="2024-05-02T08:01:24 IST" name="CaptureScreenshotofFailedTest" finished-at="2024-05-02T08:01:25 IST" duration-ms="732" status="PASS">
          <reporter-output>
          </reporter-output>
        </test-method> <!-- CaptureScreenshotofFailedTest -->
        <test-method is-config="true" signature="afterclass()[pri:0, instance:amazonTestNGPackage.VerifyElementsPresentOnScreen@443118b0]" started-at="2024-05-02T08:01:25 IST" name="afterclass" finished-at="2024-05-02T08:01:25 IST" duration-ms="0" status="PASS">
          <reporter-output>
          </reporter-output>
        </test-method> <!-- afterclass -->
        <test-method is-config="true" signature="closeBrowser()[pri:0, instance:amazonTestNGPackage.VerifyElementsPresentOnScreen@443118b0]" started-at="2024-05-02T08:05:21 IST" name="closeBrowser" finished-at="2024-05-02T08:05:21 IST" duration-ms="321" status="PASS">
          <reporter-output>
          </reporter-output>
        </test-method> <!-- closeBrowser -->
      </class> <!-- amazonTestNGPackage.VerifyElementsPresentOnScreen -->
      <class name="amazonTestNGPackage.VerifyScrollingDownActionForShareButton">
        <test-method is-config="true" signature="launchBrowser(java.lang.String)[pri:0, instance:amazonTestNGPackage.VerifyScrollingDownActionForShareButton@765d7657]" started-at="2024-05-02T07:56:29 IST" name="launchBrowser" finished-at="2024-05-02T07:56:31 IST" duration-ms="2351" status="PASS">
          <params>
            <param index="0">
              <value>
                <![CDATA[Chrome]]>
              </value>
            </param>
          </params>
          <reporter-output>
          </reporter-output>
        </test-method> <!-- launchBrowser -->
        <test-method is-config="true" signature="InitilisationOfPom()[pri:0, instance:amazonTestNGPackage.VerifyScrollingDownActionForShareButton@765d7657]" started-at="2024-05-02T07:56:34 IST" name="InitilisationOfPom" finished-at="2024-05-02T07:56:34 IST" duration-ms="56" status="PASS">
          <reporter-output>
          </reporter-output>
        </test-method> <!-- InitilisationOfPom -->
        <test-method is-config="true" signature="Signup()[pri:0, instance:amazonTestNGPackage.VerifyScrollingDownActionForShareButton@765d7657]" started-at="2024-05-02T07:56:34 IST" name="Signup" finished-at="2024-05-02T07:56:40 IST" duration-ms="5882" status="PASS">
          <reporter-output>
          </reporter-output>
        </test-method> <!-- Signup -->
        <test-method signature="clickAccountsAndLists()[pri:0, instance:amazonTestNGPackage.VerifyScrollingDownActionForShareButton@765d7657]" started-at="2024-05-02T07:56:40 IST" name="clickAccountsAndLists" finished-at="2024-05-02T07:57:07 IST" duration-ms="26382" status="PASS">
          <reporter-output>
          </reporter-output>
        </test-method> <!-- clickAccountsAndLists -->
        <test-method is-config="true" signature="CaptureScreenshotofFailedTest()[pri:0, instance:amazonTestNGPackage.VerifyScrollingDownActionForShareButton@765d7657]" started-at="2024-05-02T07:57:07 IST" name="CaptureScreenshotofFailedTest" finished-at="2024-05-02T07:57:07 IST" duration-ms="4" status="PASS">
          <reporter-output>
          </reporter-output>
        </test-method> <!-- CaptureScreenshotofFailedTest -->
        <test-method is-config="true" signature="afterclass()[pri:0, instance:amazonTestNGPackage.VerifyScrollingDownActionForShareButton@765d7657]" started-at="2024-05-02T07:57:07 IST" name="afterclass" finished-at="2024-05-02T07:57:07 IST" duration-ms="2" status="PASS">
          <reporter-output>
          </reporter-output>
        </test-method> <!-- afterclass -->
        <test-method is-config="true" signature="closeBrowser()[pri:0, instance:amazonTestNGPackage.VerifyScrollingDownActionForShareButton@765d7657]" started-at="2024-05-02T08:05:23 IST" name="closeBrowser" finished-at="2024-05-02T08:05:25 IST" duration-ms="2275" status="PASS">
          <reporter-output>
          </reporter-output>
        </test-method> <!-- closeBrowser -->
      </class> <!-- amazonTestNGPackage.VerifyScrollingDownActionForShareButton -->
      <class name="amazonTestNGPackage.VerifyAddToCartScenario">
        <test-method is-config="true" signature="launchBrowser(java.lang.String)[pri:0, instance:amazonTestNGPackage.VerifyAddToCartScenario@618b19ad]" started-at="2024-05-02T07:56:04 IST" name="launchBrowser" finished-at="2024-05-02T07:56:08 IST" duration-ms="4220" status="PASS">
          <params>
            <param index="0">
              <value>
                <![CDATA[Chrome]]>
              </value>
            </param>
          </params>
          <reporter-output>
          </reporter-output>
        </test-method> <!-- launchBrowser -->
        <test-method is-config="true" signature="InitilisationOfPom()[pri:0, instance:amazonTestNGPackage.VerifyAddToCartScenario@618b19ad]" started-at="2024-05-02T08:00:50 IST" name="InitilisationOfPom" finished-at="2024-05-02T08:00:51 IST" duration-ms="969" status="PASS">
          <reporter-output>
          </reporter-output>
        </test-method> <!-- InitilisationOfPom -->
        <test-method is-config="true" signature="Signup()[pri:0, instance:amazonTestNGPackage.VerifyAddToCartScenario@618b19ad]" started-at="2024-05-02T08:00:51 IST" name="Signup" finished-at="2024-05-02T08:01:11 IST" duration-ms="19713" status="PASS">
          <reporter-output>
          </reporter-output>
        </test-method> <!-- Signup -->
        <test-method signature="verifyAddToCart()[pri:1, instance:amazonTestNGPackage.VerifyAddToCartScenario@618b19ad]" started-at="2024-05-02T08:01:11 IST" name="verifyAddToCart" finished-at="2024-05-02T08:02:14 IST" duration-ms="63640" status="FAIL">
          <exception class="org.openqa.selenium.ElementNotInteractableException">
            <message>
              <![CDATA[element not interactable
  (Session info: chrome=124.0.6367.92)
Build info: version: '4.19.1', revision: 'abe0ee07dc'
System info: os.name: 'Windows 11', os.arch: 'amd64', os.version: '10.0', java.version: '20.0.1'
Driver info: org.openqa.selenium.chrome.ChromeDriver
Command: [037e1f4d0fb4b103644e0bbade3a7aee, clickElement {id=f.4C763272D7A5A26EFF3829FAF41A7B11.d.0E39E97277950EB4F4D7B443261208BC.e.98}]
Capabilities {acceptInsecureCerts: false, browserName: chrome, browserVersion: 124.0.6367.92, chrome: {chromedriverVersion: 124.0.6367.91 (51df0e5e17a8..., userDataDir: C:\Users\Admin\AppData\Loca...}, fedcm:accounts: true, goog:chromeOptions: {debuggerAddress: localhost:52073}, networkConnectionEnabled: false, pageLoadStrategy: normal, platformName: windows, proxy: Proxy(), se:cdp: ws://localhost:52073/devtoo..., se:cdpVersion: 124.0.6367.92, setWindowRect: true, strictFileInteractability: false, timeouts: {implicit: 0, pageLoad: 300000, script: 30000}, unhandledPromptBehavior: dismiss and notify, webauthn:extension:credBlob: true, webauthn:extension:largeBlob: true, webauthn:extension:minPinLength: true, webauthn:extension:prf: true, webauthn:virtualAuthenticators: true}
Element: [[ChromeDriver: chrome on windows (037e1f4d0fb4b103644e0bbade3a7aee)] -> xpath: (//div[2]//span//a//img[@class='s-image'])[1]]
Session ID: 037e1f4d0fb4b103644e0bbade3a7aee]]>
            </message>
            <full-stacktrace>
              <![CDATA[org.openqa.selenium.ElementNotInteractableException: element not interactable
  (Session info: chrome=124.0.6367.92)
Build info: version: '4.19.1', revision: 'abe0ee07dc'
System info: os.name: 'Windows 11', os.arch: 'amd64', os.version: '10.0', java.version: '20.0.1'
Driver info: org.openqa.selenium.chrome.ChromeDriver
Command: [037e1f4d0fb4b103644e0bbade3a7aee, clickElement {id=f.4C763272D7A5A26EFF3829FAF41A7B11.d.0E39E97277950EB4F4D7B443261208BC.e.98}]
Capabilities {acceptInsecureCerts: false, browserName: chrome, browserVersion: 124.0.6367.92, chrome: {chromedriverVersion: 124.0.6367.91 (51df0e5e17a8..., userDataDir: C:\Users\Admin\AppData\Loca...}, fedcm:accounts: true, goog:chromeOptions: {debuggerAddress: localhost:52073}, networkConnectionEnabled: false, pageLoadStrategy: normal, platformName: windows, proxy: Proxy(), se:cdp: ws://localhost:52073/devtoo..., se:cdpVersion: 124.0.6367.92, setWindowRect: true, strictFileInteractability: false, timeouts: {implicit: 0, pageLoad: 300000, script: 30000}, unhandledPromptBehavior: dismiss and notify, webauthn:extension:credBlob: true, webauthn:extension:largeBlob: true, webauthn:extension:minPinLength: true, webauthn:extension:prf: true, webauthn:virtualAuthenticators: true}
Element: [[ChromeDriver: chrome on windows (037e1f4d0fb4b103644e0bbade3a7aee)] -> xpath: (//div[2]//span//a//img[@class='s-image'])[1]]
Session ID: 037e1f4d0fb4b103644e0bbade3a7aee
at java.base/jdk.internal.reflect.DirectConstructorHandleAccessor.newInstance(DirectConstructorHandleAccessor.java:67)
at java.base/java.lang.reflect.Constructor.newInstanceWithCaller(Constructor.java:500)
at java.base/java.lang.reflect.Constructor.newInstance(Constructor.java:484)
at org.openqa.selenium.remote.ErrorCodec.decode(ErrorCodec.java:167)
at org.openqa.selenium.remote.codec.w3c.W3CHttpResponseCodec.decode(W3CHttpResponseCodec.java:138)
at org.openqa.selenium.remote.codec.w3c.W3CHttpResponseCodec.decode(W3CHttpResponseCodec.java:50)
at org.openqa.selenium.remote.HttpCommandExecutor.execute(HttpCommandExecutor.java:190)
at org.openqa.selenium.remote.service.DriverCommandExecutor.invokeExecute(DriverCommandExecutor.java:216)
at org.openqa.selenium.remote.service.DriverCommandExecutor.execute(DriverCommandExecutor.java:174)
at org.openqa.selenium.remote.RemoteWebDriver.execute(RemoteWebDriver.java:518)
at org.openqa.selenium.remote.RemoteWebElement.execute(RemoteWebElement.java:223)
at org.openqa.selenium.remote.RemoteWebElement.click(RemoteWebElement.java:76)
at java.base/jdk.internal.reflect.DirectMethodHandleAccessor.invoke(DirectMethodHandleAccessor.java:104)
at java.base/java.lang.reflect.Method.invoke(Method.java:578)
at org.openqa.selenium.support.pagefactory.internal.LocatingElementHandler.invoke(LocatingElementHandler.java:51)
at jdk.proxy2/jdk.proxy2.$Proxy18.click(Unknown Source)
at pom.AddToCartScenario.chooseYourPurse(AddToCartScenario.java:41)
at amazonTestNGPackage.VerifyAddToCartScenario.verifyAddToCart(VerifyAddToCartScenario.java:66)
at java.base/jdk.internal.reflect.DirectMethodHandleAccessor.invoke(DirectMethodHandleAccessor.java:104)
at java.base/java.lang.reflect.Method.invoke(Method.java:578)
at org.testng.internal.MethodInvocationHelper.invokeMethod(MethodInvocationHelper.java:133)
at org.testng.internal.TestInvoker.invokeMethod(TestInvoker.java:598)
at org.testng.internal.TestInvoker.invokeTestMethod(TestInvoker.java:173)
at org.testng.internal.MethodRunner.runInSequence(MethodRunner.java:46)
at org.testng.internal.TestInvoker$MethodInvocationAgent.invoke(TestInvoker.java:824)
at org.testng.internal.TestInvoker.invokeTestMethods(TestInvoker.java:146)
at org.testng.internal.TestMethodWorker.invokeTestMethods(TestMethodWorker.java:146)
at org.testng.internal.TestMethodWorker.run(TestMethodWorker.java:128)
at java.base/java.util.concurrent.ThreadPoolExecutor.runWorker(ThreadPoolExecutor.java:1144)
at java.base/java.util.concurrent.ThreadPoolExecutor$Worker.run(ThreadPoolExecutor.java:642)
at java.base/java.lang.Thread.run(Thread.java:1623)
]]>
            </full-stacktrace>
          </exception> <!-- org.openqa.selenium.ElementNotInteractableException -->
          <reporter-output>
          </reporter-output>
        </test-method> <!-- verifyAddToCart -->
        <test-method is-config="true" signature="CaptureScreenshotofFailedTest()[pri:0, instance:amazonTestNGPackage.VerifyAddToCartScenario@618b19ad]" started-at="2024-05-02T08:02:15 IST" name="CaptureScreenshotofFailedTest" finished-at="2024-05-02T08:02:16 IST" duration-ms="579" status="PASS">
          <reporter-output>
          </reporter-output>
        </test-method> <!-- CaptureScreenshotofFailedTest -->
        <test-method is-config="true" signature="afterclass()[pri:0, instance:amazonTestNGPackage.VerifyAddToCartScenario@618b19ad]" started-at="2024-05-02T08:02:16 IST" name="afterclass" finished-at="2024-05-02T08:02:16 IST" duration-ms="0" status="PASS">
          <reporter-output>
          </reporter-output>
        </test-method> <!-- afterclass -->
        <test-method is-config="true" signature="closeBrowser()[pri:0, instance:amazonTestNGPackage.VerifyAddToCartScenario@618b19ad]" started-at="2024-05-02T08:05:14 IST" name="closeBrowser" finished-at="2024-05-02T08:05:21 IST" duration-ms="7282" status="PASS">
          <reporter-output>
          </reporter-output>
        </test-method> <!-- closeBrowser -->
      </class> <!-- amazonTestNGPackage.VerifyAddToCartScenario -->
      <class name="amazonTestNGPackage.VerifyAccountsAndLists">
        <test-method is-config="true" signature="launchBrowser(java.lang.String)[pri:0, instance:amazonTestNGPackage.VerifyAccountsAndLists@30c15d8b]" started-at="2024-05-02T07:56:01 IST" name="launchBrowser" finished-at="2024-05-02T07:56:04 IST" duration-ms="2871" status="PASS">
          <params>
            <param index="0">
              <value>
                <![CDATA[Chrome]]>
              </value>
            </param>
          </params>
          <reporter-output>
          </reporter-output>
        </test-method> <!-- launchBrowser -->
        <test-method is-config="true" signature="InitilisationOfPom()[pri:0, instance:amazonTestNGPackage.VerifyAccountsAndLists@30c15d8b]" started-at="2024-05-02T07:56:34 IST" name="InitilisationOfPom" finished-at="2024-05-02T07:56:34 IST" duration-ms="54" status="PASS">
          <reporter-output>
          </reporter-output>
        </test-method> <!-- InitilisationOfPom -->
        <test-method is-config="true" signature="Signup()[pri:0, instance:amazonTestNGPackage.VerifyAccountsAndLists@30c15d8b]" started-at="2024-05-02T07:56:34 IST" name="Signup" finished-at="2024-05-02T07:56:42 IST" duration-ms="7352" status="PASS">
          <reporter-output>
          </reporter-output>
        </test-method> <!-- Signup -->
        <test-method signature="clickAccountsAndLists()[pri:0, instance:amazonTestNGPackage.VerifyAccountsAndLists@30c15d8b]" started-at="2024-05-02T07:56:42 IST" name="clickAccountsAndLists" finished-at="2024-05-02T07:57:13 IST" duration-ms="31410" status="PASS">
          <reporter-output>
          </reporter-output>
        </test-method> <!-- clickAccountsAndLists -->
        <test-method is-config="true" signature="CaptureScreenshotofFailedTest()[pri:0, instance:amazonTestNGPackage.VerifyAccountsAndLists@30c15d8b]" started-at="2024-05-02T07:57:13 IST" name="CaptureScreenshotofFailedTest" finished-at="2024-05-02T07:57:13 IST" duration-ms="0" status="PASS">
          <reporter-output>
          </reporter-output>
        </test-method> <!-- CaptureScreenshotofFailedTest -->
        <test-method is-config="true" signature="afterclass()[pri:0, instance:amazonTestNGPackage.VerifyAccountsAndLists@30c15d8b]" started-at="2024-05-02T07:57:13 IST" name="afterclass" finished-at="2024-05-02T07:57:13 IST" duration-ms="0" status="PASS">
          <reporter-output>
          </reporter-output>
        </test-method> <!-- afterclass -->
        <test-method is-config="true" signature="closeBrowser()[pri:0, instance:amazonTestNGPackage.VerifyAccountsAndLists@30c15d8b]" started-at="2024-05-02T08:04:54 IST" name="closeBrowser" finished-at="2024-05-02T08:05:14 IST" duration-ms="19413" status="PASS">
          <reporter-output>
          </reporter-output>
        </test-method> <!-- closeBrowser -->
      </class> <!-- amazonTestNGPackage.VerifyAccountsAndLists -->
      <class name="testclasses.TestNGTest">
        <test-method is-config="true" signature="beforeClass()[pri:0, instance:testclasses.TestNGTest@5e0e82ae]" started-at="2024-05-02T07:56:34 IST" name="beforeClass" finished-at="2024-05-02T07:56:34 IST" duration-ms="1" status="PASS">
          <reporter-output>
          </reporter-output>
        </test-method> <!-- beforeClass -->
        <test-method is-config="true" signature="beforeMethod()[pri:0, instance:testclasses.TestNGTest@5e0e82ae]" started-at="2024-05-02T07:56:34 IST" name="beforeMethod" finished-at="2024-05-02T07:56:34 IST" duration-ms="0" status="PASS">
          <reporter-output>
          </reporter-output>
        </test-method> <!-- beforeMethod -->
        <test-method signature="test()[pri:0, instance:testclasses.TestNGTest@5e0e82ae]" started-at="2024-05-02T07:56:34 IST" name="test" finished-at="2024-05-02T07:56:34 IST" duration-ms="15" status="PASS">
          <reporter-output>
          </reporter-output>
        </test-method> <!-- test -->
        <test-method is-config="true" signature="afterClass()[pri:0, instance:testclasses.TestNGTest@5e0e82ae]" started-at="2024-05-02T07:56:34 IST" name="afterClass" finished-at="2024-05-02T07:56:34 IST" duration-ms="0" status="PASS">
          <reporter-output>
          </reporter-output>
        </test-method> <!-- afterClass -->
        <test-method is-config="true" signature="afterMethod()[pri:0, instance:testclasses.TestNGTest@5e0e82ae]" started-at="2024-05-02T07:56:34 IST" name="afterMethod" finished-at="2024-05-02T07:56:34 IST" duration-ms="0" status="PASS">
          <reporter-output>
          </reporter-output>
        </test-method> <!-- afterMethod -->
      </class> <!-- testclasses.TestNGTest -->
      <class name="amazonTestNGPackage.VerifyIncreaseInQuantityNumberOnAddingSameItem">
        <test-method is-config="true" signature="launchBrowser(java.lang.String)[pri:0, instance:amazonTestNGPackage.VerifyIncreaseInQuantityNumberOnAddingSameItem@6771beb3]" started-at="2024-05-02T07:56:13 IST" name="launchBrowser" finished-at="2024-05-02T07:56:15 IST" duration-ms="2622" status="PASS">
          <params>
            <param index="0">
              <value>
                <![CDATA[Chrome]]>
              </value>
            </param>
          </params>
          <reporter-output>
          </reporter-output>
        </test-method> <!-- launchBrowser -->
        <test-method is-config="true" signature="InitilisationOfPom()[pri:0, instance:amazonTestNGPackage.VerifyIncreaseInQuantityNumberOnAddingSameItem@6771beb3]" started-at="2024-05-02T07:56:34 IST" name="InitilisationOfPom" finished-at="2024-05-02T07:56:34 IST" duration-ms="19" status="PASS">
          <reporter-output>
          </reporter-output>
        </test-method> <!-- InitilisationOfPom -->
        <test-method is-config="true" signature="Signup()[pri:0, instance:amazonTestNGPackage.VerifyIncreaseInQuantityNumberOnAddingSameItem@6771beb3]" started-at="2024-05-02T07:56:34 IST" name="Signup" finished-at="2024-05-02T07:56:42 IST" duration-ms="7154" status="PASS">
          <reporter-output>
          </reporter-output>
        </test-method> <!-- Signup -->
        <test-method signature="verification()[pri:0, instance:amazonTestNGPackage.VerifyIncreaseInQuantityNumberOnAddingSameItem@6771beb3]" started-at="2024-05-02T07:56:42 IST" name="verification" finished-at="2024-05-02T07:58:59 IST" duration-ms="137777" status="PASS">
          <reporter-output>
          </reporter-output>
        </test-method> <!-- verification -->
        <test-method is-config="true" signature="afterclass()[pri:0, instance:amazonTestNGPackage.VerifyIncreaseInQuantityNumberOnAddingSameItem@6771beb3]" started-at="2024-05-02T07:58:59 IST" name="afterclass" finished-at="2024-05-02T07:58:59 IST" duration-ms="0" status="PASS">
          <reporter-output>
          </reporter-output>
        </test-method> <!-- afterclass -->
        <test-method is-config="true" signature="CaptureScreenshotofFailedTest()[pri:0, instance:amazonTestNGPackage.VerifyIncreaseInQuantityNumberOnAddingSameItem@6771beb3]" started-at="2024-05-02T07:58:59 IST" name="CaptureScreenshotofFailedTest" finished-at="2024-05-02T07:58:59 IST" duration-ms="0" status="PASS">
          <reporter-output>
          </reporter-output>
        </test-method> <!-- CaptureScreenshotofFailedTest -->
        <test-method is-config="true" signature="closeBrowser()[pri:0, instance:amazonTestNGPackage.VerifyIncreaseInQuantityNumberOnAddingSameItem@6771beb3]" started-at="2024-05-02T08:05:21 IST" name="closeBrowser" finished-at="2024-05-02T08:05:22 IST" duration-ms="491" status="PASS">
          <reporter-output>
          </reporter-output>
        </test-method> <!-- closeBrowser -->
      </class> <!-- amazonTestNGPackage.VerifyIncreaseInQuantityNumberOnAddingSameItem -->
    </test> <!-- Chrome Test -->
    <test started-at="2024-05-02T07:56:01 IST" name="Edge Test" finished-at="2024-05-02T08:05:34 IST" duration-ms="573586">
      <class name="amazonTestNGPackage.VerifyTotalAmountIsDisplyedToUser">
        <test-method is-config="true" signature="launchBrowser(java.lang.String)[pri:0, instance:amazonTestNGPackage.VerifyTotalAmountIsDisplyedToUser@15de0b3c]" started-at="2024-05-02T07:57:34 IST" name="launchBrowser" finished-at="2024-05-02T07:58:13 IST" duration-ms="38764" status="PASS">
          <params>
            <param index="0">
              <value>
                <![CDATA[Edge]]>
              </value>
            </param>
          </params>
          <reporter-output>
          </reporter-output>
        </test-method> <!-- launchBrowser -->
        <test-method is-config="true" signature="InitilisationOfPom()[pri:0, instance:amazonTestNGPackage.VerifyTotalAmountIsDisplyedToUser@15de0b3c]" started-at="2024-05-02T07:59:01 IST" name="InitilisationOfPom" finished-at="2024-05-02T07:59:01 IST" duration-ms="0" status="PASS">
          <reporter-output>
          </reporter-output>
        </test-method> <!-- InitilisationOfPom -->
        <test-method is-config="true" signature="Signup()[pri:0, instance:amazonTestNGPackage.VerifyTotalAmountIsDisplyedToUser@15de0b3c]" started-at="2024-05-02T07:59:01 IST" name="Signup" finished-at="2024-05-02T07:59:22 IST" duration-ms="20998" status="PASS">
          <reporter-output>
          </reporter-output>
        </test-method> <!-- Signup -->
        <test-method signature="verifyTotalAmountDisplayed()[pri:0, instance:amazonTestNGPackage.VerifyTotalAmountIsDisplyedToUser@15de0b3c]" started-at="2024-05-02T07:59:22 IST" name="verifyTotalAmountDisplayed" finished-at="2024-05-02T08:03:06 IST" duration-ms="223384" status="FAIL">
          <exception class="org.openqa.selenium.TimeoutException">
            <message>
              <![CDATA[java.util.concurrent.TimeoutException
Build info: version: '4.19.1', revision: 'abe0ee07dc'
System info: os.name: 'Windows 11', os.arch: 'amd64', os.version: '10.0', java.version: '20.0.1'
Driver info: org.openqa.selenium.edge.EdgeDriver
Command: [fef8c6ecf84d1df050d099e22182865e, clickElement {id=f.1690B3B835C6E5C53A8DE621EAE4A0F9.d.37DCFA437D52ACFC4F7FD561F3486169.e.197}]
Capabilities {acceptInsecureCerts: false, browserName: MicrosoftEdge, browserVersion: 124.0.2478.67, fedcm:accounts: true, ms:edgeOptions: {debuggerAddress: localhost:54481}, msedge: {msedgedriverVersion: 124.0.2478.67 (d385ef2844e0..., userDataDir: C:\Users\Admin\AppData\Loca...}, networkConnectionEnabled: false, pageLoadStrategy: normal, platformName: windows, proxy: Proxy(), se:cdp: ws://localhost:54481/devtoo..., se:cdpVersion: 124.0.2478.67, setWindowRect: true, strictFileInteractability: false, timeouts: {implicit: 0, pageLoad: 300000, script: 30000}, unhandledPromptBehavior: dismiss and notify, webauthn:extension:credBlob: true, webauthn:extension:largeBlob: true, webauthn:extension:minPinLength: true, webauthn:extension:prf: true, webauthn:virtualAuthenticators: true}
Element: [[EdgeDriver: MicrosoftEdge on windows (fef8c6ecf84d1df050d099e22182865e)] -> xpath: (//div[@data-asin='B00JAK1PMI']//img)[1]]
Session ID: fef8c6ecf84d1df050d099e22182865e]]>
            </message>
            <full-stacktrace>
              <![CDATA[org.openqa.selenium.TimeoutException: java.util.concurrent.TimeoutException
Build info: version: '4.19.1', revision: 'abe0ee07dc'
System info: os.name: 'Windows 11', os.arch: 'amd64', os.version: '10.0', java.version: '20.0.1'
Driver info: org.openqa.selenium.edge.EdgeDriver
Command: [fef8c6ecf84d1df050d099e22182865e, clickElement {id=f.1690B3B835C6E5C53A8DE621EAE4A0F9.d.37DCFA437D52ACFC4F7FD561F3486169.e.197}]
Capabilities {acceptInsecureCerts: false, browserName: MicrosoftEdge, browserVersion: 124.0.2478.67, fedcm:accounts: true, ms:edgeOptions: {debuggerAddress: localhost:54481}, msedge: {msedgedriverVersion: 124.0.2478.67 (d385ef2844e0..., userDataDir: C:\Users\Admin\AppData\Loca...}, networkConnectionEnabled: false, pageLoadStrategy: normal, platformName: windows, proxy: Proxy(), se:cdp: ws://localhost:54481/devtoo..., se:cdpVersion: 124.0.2478.67, setWindowRect: true, strictFileInteractability: false, timeouts: {implicit: 0, pageLoad: 300000, script: 30000}, unhandledPromptBehavior: dismiss and notify, webauthn:extension:credBlob: true, webauthn:extension:largeBlob: true, webauthn:extension:minPinLength: true, webauthn:extension:prf: true, webauthn:virtualAuthenticators: true}
Element: [[EdgeDriver: MicrosoftEdge on windows (fef8c6ecf84d1df050d099e22182865e)] -> xpath: (//div[@data-asin='B00JAK1PMI']//img)[1]]
Session ID: fef8c6ecf84d1df050d099e22182865e
at org.openqa.selenium.remote.http.jdk.JdkHttpClient.execute0(JdkHttpClient.java:396)
at org.openqa.selenium.remote.http.AddSeleniumUserAgent.lambda$apply$0(AddSeleniumUserAgent.java:42)
at org.openqa.selenium.remote.http.Filter.lambda$andFinally$1(Filter.java:55)
at org.openqa.selenium.remote.http.jdk.JdkHttpClient.execute(JdkHttpClient.java:352)
at org.openqa.selenium.remote.HttpCommandExecutor.execute(HttpCommandExecutor.java:187)
at org.openqa.selenium.remote.service.DriverCommandExecutor.invokeExecute(DriverCommandExecutor.java:216)
at org.openqa.selenium.remote.service.DriverCommandExecutor.execute(DriverCommandExecutor.java:174)
at org.openqa.selenium.remote.RemoteWebDriver.execute(RemoteWebDriver.java:518)
at org.openqa.selenium.remote.RemoteWebElement.execute(RemoteWebElement.java:223)
at org.openqa.selenium.remote.RemoteWebElement.click(RemoteWebElement.java:76)
at java.base/jdk.internal.reflect.DirectMethodHandleAccessor.invoke(DirectMethodHandleAccessor.java:104)
at java.base/java.lang.reflect.Method.invoke(Method.java:578)
at org.openqa.selenium.support.pagefactory.internal.LocatingElementHandler.invoke(LocatingElementHandler.java:51)
at jdk.proxy2/jdk.proxy2.$Proxy18.click(Unknown Source)
at cartPagePom.IncreaseInQuantityNumberOnAddingSameItem.chooseYourWatch(IncreaseInQuantityNumberOnAddingSameItem.java:67)
at amazonTestNGPackage.VerifyTotalAmountIsDisplyedToUser.verifyTotalAmountDisplayed(VerifyTotalAmountIsDisplyedToUser.java:69)
at java.base/jdk.internal.reflect.DirectMethodHandleAccessor.invoke(DirectMethodHandleAccessor.java:104)
at java.base/java.lang.reflect.Method.invoke(Method.java:578)
at org.testng.internal.MethodInvocationHelper.invokeMethod(MethodInvocationHelper.java:133)
at org.testng.internal.TestInvoker.invokeMethod(TestInvoker.java:598)
at org.testng.internal.TestInvoker.invokeTestMethod(TestInvoker.java:173)
at org.testng.internal.MethodRunner.runInSequence(MethodRunner.java:46)
at org.testng.internal.TestInvoker$MethodInvocationAgent.invoke(TestInvoker.java:824)
at org.testng.internal.TestInvoker.invokeTestMethods(TestInvoker.java:146)
at org.testng.internal.TestMethodWorker.invokeTestMethods(TestMethodWorker.java:146)
at org.testng.internal.TestMethodWorker.run(TestMethodWorker.java:128)
at java.base/java.util.concurrent.ThreadPoolExecutor.runWorker(ThreadPoolExecutor.java:1144)
at java.base/java.util.concurrent.ThreadPoolExecutor$Worker.run(ThreadPoolExecutor.java:642)
at java.base/java.lang.Thread.run(Thread.java:1623)
Caused by: java.util.concurrent.TimeoutException
at java.base/java.util.concurrent.CompletableFuture.timedGet(CompletableFuture.java:1960)
at java.base/java.util.concurrent.CompletableFuture.get(CompletableFuture.java:2095)
at org.openqa.selenium.remote.http.jdk.JdkHttpClient.execute0(JdkHttpClient.java:379)
... 28 more
]]>
            </full-stacktrace>
          </exception> <!-- org.openqa.selenium.TimeoutException -->
          <reporter-output>
          </reporter-output>
        </test-method> <!-- verifyTotalAmountDisplayed -->
        <test-method is-config="true" signature="CaptureScreenshotofFailedTest()[pri:0, instance:amazonTestNGPackage.VerifyTotalAmountIsDisplyedToUser@15de0b3c]" started-at="2024-05-02T08:03:06 IST" name="CaptureScreenshotofFailedTest" finished-at="2024-05-02T08:03:06 IST" duration-ms="14" status="PASS">
          <reporter-output>
          </reporter-output>
        </test-method> <!-- CaptureScreenshotofFailedTest -->
        <test-method is-config="true" signature="afterclass()[pri:0, instance:amazonTestNGPackage.VerifyTotalAmountIsDisplyedToUser@15de0b3c]" started-at="2024-05-02T08:03:06 IST" name="afterclass" finished-at="2024-05-02T08:03:06 IST" duration-ms="2" status="PASS">
          <reporter-output>
          </reporter-output>
        </test-method> <!-- afterclass -->
        <test-method is-config="true" signature="closeBrowser()[pri:0, instance:amazonTestNGPackage.VerifyTotalAmountIsDisplyedToUser@15de0b3c]" started-at="2024-05-02T08:05:32 IST" name="closeBrowser" finished-at="2024-05-02T08:05:34 IST" duration-ms="2572" status="PASS">
          <reporter-output>
          </reporter-output>
        </test-method> <!-- closeBrowser -->
      </class> <!-- amazonTestNGPackage.VerifyTotalAmountIsDisplyedToUser -->
      <class name="amazonTestNGPackage.VerifyRemoveElementAddedInCart">
        <test-method is-config="true" signature="launchBrowser(java.lang.String)[pri:0, instance:amazonTestNGPackage.VerifyRemoveElementAddedInCart@74e52ef6]" started-at="2024-05-02T07:56:31 IST" name="launchBrowser" finished-at="2024-05-02T07:56:52 IST" duration-ms="21333" status="PASS">
          <params>
            <param index="0">
              <value>
                <![CDATA[Edge]]>
              </value>
            </param>
          </params>
          <reporter-output>
          </reporter-output>
        </test-method> <!-- launchBrowser -->
        <test-method is-config="true" signature="InitilisationOfPom()[pri:0, instance:amazonTestNGPackage.VerifyRemoveElementAddedInCart@74e52ef6]" started-at="2024-05-02T08:00:47 IST" name="InitilisationOfPom" finished-at="2024-05-02T08:00:47 IST" duration-ms="1" status="PASS">
          <reporter-output>
          </reporter-output>
        </test-method> <!-- InitilisationOfPom -->
        <test-method is-config="true" signature="Signup()[pri:0, instance:amazonTestNGPackage.VerifyRemoveElementAddedInCart@74e52ef6]" started-at="2024-05-02T08:00:47 IST" name="Signup" finished-at="2024-05-02T08:01:21 IST" duration-ms="33685" status="PASS">
          <reporter-output>
          </reporter-output>
        </test-method> <!-- Signup -->
        <test-method signature="methods()[pri:1, instance:amazonTestNGPackage.VerifyRemoveElementAddedInCart@74e52ef6]" started-at="2024-05-02T08:01:21 IST" name="methods" finished-at="2024-05-02T08:03:54 IST" duration-ms="153054" status="FAIL">
          <exception class="org.openqa.selenium.ElementNotInteractableException">
            <message>
              <![CDATA[element not interactable
  (Session info: MicrosoftEdge=124.0.2478.67)
Build info: version: '4.19.1', revision: 'abe0ee07dc'
System info: os.name: 'Windows 11', os.arch: 'amd64', os.version: '10.0', java.version: '20.0.1'
Driver info: org.openqa.selenium.edge.EdgeDriver
Command: [fa7c26f3abfc154fd28b126a4847628b, clickElement {id=f.39ACE4AB492366DED5697D7A6E4EA007.d.AE75E3FE9002BAA1888A7915962710C2.e.4834}]
Capabilities {acceptInsecureCerts: false, browserName: MicrosoftEdge, browserVersion: 124.0.2478.67, fedcm:accounts: true, ms:edgeOptions: {debuggerAddress: localhost:52764}, msedge: {msedgedriverVersion: 124.0.2478.67 (d385ef2844e0..., userDataDir: C:\Users\Admin\AppData\Loca...}, networkConnectionEnabled: false, pageLoadStrategy: normal, platformName: windows, proxy: Proxy(), se:cdp: ws://localhost:52764/devtoo..., se:cdpVersion: 124.0.2478.67, setWindowRect: true, strictFileInteractability: false, timeouts: {implicit: 0, pageLoad: 300000, script: 30000}, unhandledPromptBehavior: dismiss and notify, webauthn:extension:credBlob: true, webauthn:extension:largeBlob: true, webauthn:extension:minPinLength: true, webauthn:extension:prf: true, webauthn:virtualAuthenticators: true}
Element: [[EdgeDriver: MicrosoftEdge on windows (fa7c26f3abfc154fd28b126a4847628b)] -> xpath: //span[@id='submit.add-to-cart']]
Session ID: fa7c26f3abfc154fd28b126a4847628b]]>
            </message>
            <full-stacktrace>
              <![CDATA[org.openqa.selenium.ElementNotInteractableException: element not interactable
  (Session info: MicrosoftEdge=124.0.2478.67)
Build info: version: '4.19.1', revision: 'abe0ee07dc'
System info: os.name: 'Windows 11', os.arch: 'amd64', os.version: '10.0', java.version: '20.0.1'
Driver info: org.openqa.selenium.edge.EdgeDriver
Command: [fa7c26f3abfc154fd28b126a4847628b, clickElement {id=f.39ACE4AB492366DED5697D7A6E4EA007.d.AE75E3FE9002BAA1888A7915962710C2.e.4834}]
Capabilities {acceptInsecureCerts: false, browserName: MicrosoftEdge, browserVersion: 124.0.2478.67, fedcm:accounts: true, ms:edgeOptions: {debuggerAddress: localhost:52764}, msedge: {msedgedriverVersion: 124.0.2478.67 (d385ef2844e0..., userDataDir: C:\Users\Admin\AppData\Loca...}, networkConnectionEnabled: false, pageLoadStrategy: normal, platformName: windows, proxy: Proxy(), se:cdp: ws://localhost:52764/devtoo..., se:cdpVersion: 124.0.2478.67, setWindowRect: true, strictFileInteractability: false, timeouts: {implicit: 0, pageLoad: 300000, script: 30000}, unhandledPromptBehavior: dismiss and notify, webauthn:extension:credBlob: true, webauthn:extension:largeBlob: true, webauthn:extension:minPinLength: true, webauthn:extension:prf: true, webauthn:virtualAuthenticators: true}
Element: [[EdgeDriver: MicrosoftEdge on windows (fa7c26f3abfc154fd28b126a4847628b)] -> xpath: //span[@id='submit.add-to-cart']]
Session ID: fa7c26f3abfc154fd28b126a4847628b
at java.base/jdk.internal.reflect.DirectConstructorHandleAccessor.newInstance(DirectConstructorHandleAccessor.java:67)
at java.base/java.lang.reflect.Constructor.newInstanceWithCaller(Constructor.java:500)
at java.base/java.lang.reflect.Constructor.newInstance(Constructor.java:484)
at org.openqa.selenium.remote.ErrorCodec.decode(ErrorCodec.java:167)
at org.openqa.selenium.remote.codec.w3c.W3CHttpResponseCodec.decode(W3CHttpResponseCodec.java:138)
at org.openqa.selenium.remote.codec.w3c.W3CHttpResponseCodec.decode(W3CHttpResponseCodec.java:50)
at org.openqa.selenium.remote.HttpCommandExecutor.execute(HttpCommandExecutor.java:190)
at org.openqa.selenium.remote.service.DriverCommandExecutor.invokeExecute(DriverCommandExecutor.java:216)
at org.openqa.selenium.remote.service.DriverCommandExecutor.execute(DriverCommandExecutor.java:174)
at org.openqa.selenium.remote.RemoteWebDriver.execute(RemoteWebDriver.java:518)
at org.openqa.selenium.remote.RemoteWebElement.execute(RemoteWebElement.java:223)
at org.openqa.selenium.remote.RemoteWebElement.click(RemoteWebElement.java:76)
at java.base/jdk.internal.reflect.DirectMethodHandleAccessor.invoke(DirectMethodHandleAccessor.java:104)
at java.base/java.lang.reflect.Method.invoke(Method.java:578)
at org.openqa.selenium.support.pagefactory.internal.LocatingElementHandler.invoke(LocatingElementHandler.java:51)
at jdk.proxy2/jdk.proxy2.$Proxy18.click(Unknown Source)
at ProductPom.RemoveElementAddedInCart.clickOnAddToCart(RemoveElementAddedInCart.java:58)
at amazonTestNGPackage.VerifyRemoveElementAddedInCart.methods(VerifyRemoveElementAddedInCart.java:75)
at java.base/jdk.internal.reflect.DirectMethodHandleAccessor.invoke(DirectMethodHandleAccessor.java:104)
at java.base/java.lang.reflect.Method.invoke(Method.java:578)
at org.testng.internal.MethodInvocationHelper.invokeMethod(MethodInvocationHelper.java:133)
at org.testng.internal.TestInvoker.invokeMethod(TestInvoker.java:598)
at org.testng.internal.TestInvoker.invokeTestMethod(TestInvoker.java:173)
at org.testng.internal.MethodRunner.runInSequence(MethodRunner.java:46)
at org.testng.internal.TestInvoker$MethodInvocationAgent.invoke(TestInvoker.java:824)
at org.testng.internal.TestInvoker.invokeTestMethods(TestInvoker.java:146)
at org.testng.internal.TestMethodWorker.invokeTestMethods(TestMethodWorker.java:146)
at org.testng.internal.TestMethodWorker.run(TestMethodWorker.java:128)
at java.base/java.util.concurrent.ThreadPoolExecutor.runWorker(ThreadPoolExecutor.java:1144)
at java.base/java.util.concurrent.ThreadPoolExecutor$Worker.run(ThreadPoolExecutor.java:642)
at java.base/java.lang.Thread.run(Thread.java:1623)
]]>
            </full-stacktrace>
          </exception> <!-- org.openqa.selenium.ElementNotInteractableException -->
          <reporter-output>
          </reporter-output>
        </test-method> <!-- methods -->
        <test-method is-config="true" signature="CaptureScreenshotofFailedTest()[pri:0, instance:amazonTestNGPackage.VerifyRemoveElementAddedInCart@74e52ef6]" started-at="2024-05-02T08:03:54 IST" name="CaptureScreenshotofFailedTest" finished-at="2024-05-02T08:03:54 IST" duration-ms="106" status="PASS">
          <reporter-output>
          </reporter-output>
        </test-method> <!-- CaptureScreenshotofFailedTest -->
        <test-method is-config="true" signature="afterclass()[pri:0, instance:amazonTestNGPackage.VerifyRemoveElementAddedInCart@74e52ef6]" started-at="2024-05-02T08:03:54 IST" name="afterclass" finished-at="2024-05-02T08:03:54 IST" duration-ms="1" status="PASS">
          <reporter-output>
          </reporter-output>
        </test-method> <!-- afterclass -->
        <test-method is-config="true" signature="closeBrowser()[pri:0, instance:amazonTestNGPackage.VerifyRemoveElementAddedInCart@74e52ef6]" started-at="2024-05-02T08:05:28 IST" name="closeBrowser" finished-at="2024-05-02T08:05:30 IST" duration-ms="2681" status="PASS">
          <reporter-output>
          </reporter-output>
        </test-method> <!-- closeBrowser -->
      </class> <!-- amazonTestNGPackage.VerifyRemoveElementAddedInCart -->
      <class name="amazonTestNGPackage.VerifyProductRating">
        <test-method is-config="true" signature="launchBrowser(java.lang.String)[pri:0, instance:amazonTestNGPackage.VerifyProductRating@3857f613]" started-at="2024-05-02T07:56:23 IST" name="launchBrowser" finished-at="2024-05-02T07:56:31 IST" duration-ms="7731" status="PASS">
          <params>
            <param index="0">
              <value>
                <![CDATA[Edge]]>
              </value>
            </param>
          </params>
          <reporter-output>
          </reporter-output>
        </test-method> <!-- launchBrowser -->
        <test-method is-config="true" signature="InitilisationOfPom()[pri:0, instance:amazonTestNGPackage.VerifyProductRating@3857f613]" started-at="2024-05-02T07:59:28 IST" name="InitilisationOfPom" finished-at="2024-05-02T07:59:28 IST" duration-ms="5" status="PASS">
          <reporter-output>
          </reporter-output>
        </test-method> <!-- InitilisationOfPom -->
        <test-method is-config="true" signature="Signup()[pri:0, instance:amazonTestNGPackage.VerifyProductRating@3857f613]" started-at="2024-05-02T07:59:28 IST" name="Signup" finished-at="2024-05-02T07:59:29 IST" duration-ms="850" status="PASS">
          <reporter-output>
          </reporter-output>
        </test-method> <!-- Signup -->
        <test-method signature="checkAutoSuggestion()[pri:1, instance:amazonTestNGPackage.VerifyProductRating@3857f613]" started-at="2024-05-02T07:59:29 IST" name="checkAutoSuggestion" finished-at="2024-05-02T08:00:36 IST" duration-ms="66914" status="PASS">
          <reporter-output>
          </reporter-output>
        </test-method> <!-- checkAutoSuggestion -->
        <test-method is-config="true" signature="CaptureScreenshotofFailedTest()[pri:0, instance:amazonTestNGPackage.VerifyProductRating@3857f613]" started-at="2024-05-02T08:00:38 IST" name="CaptureScreenshotofFailedTest" finished-at="2024-05-02T08:00:38 IST" duration-ms="47" status="PASS">
          <reporter-output>
          </reporter-output>
        </test-method> <!-- CaptureScreenshotofFailedTest -->
        <test-method is-config="true" signature="afterclass()[pri:0, instance:amazonTestNGPackage.VerifyProductRating@3857f613]" started-at="2024-05-02T08:00:38 IST" name="afterclass" finished-at="2024-05-02T08:00:38 IST" duration-ms="6" status="PASS">
          <reporter-output>
          </reporter-output>
        </test-method> <!-- afterclass -->
        <test-method is-config="true" signature="closeBrowser()[pri:0, instance:amazonTestNGPackage.VerifyProductRating@3857f613]" started-at="2024-05-02T08:05:24 IST" name="closeBrowser" finished-at="2024-05-02T08:05:28 IST" duration-ms="3445" status="PASS">
          <reporter-output>
          </reporter-output>
        </test-method> <!-- closeBrowser -->
      </class> <!-- amazonTestNGPackage.VerifyProductRating -->
      <class name="amazonTestNGPackage.VerifyElementsPresentOnScreen">
        <test-method is-config="true" signature="launchBrowser(java.lang.String)[pri:0, instance:amazonTestNGPackage.VerifyElementsPresentOnScreen@6ed3ccb2]" started-at="2024-05-02T07:56:10 IST" name="launchBrowser" finished-at="2024-05-02T07:56:17 IST" duration-ms="7069" status="PASS">
          <params>
            <param index="0">
              <value>
                <![CDATA[Edge]]>
              </value>
            </param>
          </params>
          <reporter-output>
          </reporter-output>
        </test-method> <!-- launchBrowser -->
        <test-method is-config="true" signature="InitilisationOfPom()[pri:0, instance:amazonTestNGPackage.VerifyElementsPresentOnScreen@6ed3ccb2]" started-at="2024-05-02T08:00:38 IST" name="InitilisationOfPom" finished-at="2024-05-02T08:00:39 IST" duration-ms="633" status="PASS">
          <reporter-output>
          </reporter-output>
        </test-method> <!-- InitilisationOfPom -->
        <test-method is-config="true" signature="Signup()[pri:0, instance:amazonTestNGPackage.VerifyElementsPresentOnScreen@6ed3ccb2]" started-at="2024-05-02T08:00:39 IST" name="Signup" finished-at="2024-05-02T08:00:40 IST" duration-ms="1678" status="PASS">
          <reporter-output>
          </reporter-output>
        </test-method> <!-- Signup -->
        <test-method signature="checkAutoSuggestion()[pri:1, instance:amazonTestNGPackage.VerifyElementsPresentOnScreen@6ed3ccb2]" started-at="2024-05-02T08:00:40 IST" name="checkAutoSuggestion" finished-at="2024-05-02T08:01:38 IST" duration-ms="57370" status="PASS">
          <reporter-output>
          </reporter-output>
        </test-method> <!-- checkAutoSuggestion -->
        <test-method is-config="true" signature="CaptureScreenshotofFailedTest()[pri:0, instance:amazonTestNGPackage.VerifyElementsPresentOnScreen@6ed3ccb2]" started-at="2024-05-02T08:01:38 IST" name="CaptureScreenshotofFailedTest" finished-at="2024-05-02T08:01:38 IST" duration-ms="0" status="PASS">
          <reporter-output>
          </reporter-output>
        </test-method> <!-- CaptureScreenshotofFailedTest -->
        <test-method is-config="true" signature="afterclass()[pri:0, instance:amazonTestNGPackage.VerifyElementsPresentOnScreen@6ed3ccb2]" started-at="2024-05-02T08:01:38 IST" name="afterclass" finished-at="2024-05-02T08:01:38 IST" duration-ms="0" status="PASS">
          <reporter-output>
          </reporter-output>
        </test-method> <!-- afterclass -->
        <test-method is-config="true" signature="closeBrowser()[pri:0, instance:amazonTestNGPackage.VerifyElementsPresentOnScreen@6ed3ccb2]" started-at="2024-05-02T08:05:17 IST" name="closeBrowser" finished-at="2024-05-02T08:05:23 IST" duration-ms="5710" status="PASS">
          <reporter-output>
          </reporter-output>
        </test-method> <!-- closeBrowser -->
      </class> <!-- amazonTestNGPackage.VerifyElementsPresentOnScreen -->
      <class name="amazonTestNGPackage.VerifyAddToCartScenario">
        <test-method is-config="true" signature="launchBrowser(java.lang.String)[pri:0, instance:amazonTestNGPackage.VerifyAddToCartScenario@489115ef]" started-at="2024-05-02T07:56:04 IST" name="launchBrowser" finished-at="2024-05-02T07:56:10 IST" duration-ms="6114" status="PASS">
          <params>
            <param index="0">
              <value>
                <![CDATA[Edge]]>
              </value>
            </param>
          </params>
          <reporter-output>
          </reporter-output>
        </test-method> <!-- launchBrowser -->
        <test-method is-config="true" signature="InitilisationOfPom()[pri:0, instance:amazonTestNGPackage.VerifyAddToCartScenario@489115ef]" started-at="2024-05-02T08:01:38 IST" name="InitilisationOfPom" finished-at="2024-05-02T08:01:38 IST" duration-ms="390" status="PASS">
          <reporter-output>
          </reporter-output>
        </test-method> <!-- InitilisationOfPom -->
        <test-method is-config="true" signature="Signup()[pri:0, instance:amazonTestNGPackage.VerifyAddToCartScenario@489115ef]" started-at="2024-05-02T08:01:38 IST" name="Signup" finished-at="2024-05-02T08:01:55 IST" duration-ms="17254" status="PASS">
          <reporter-output>
          </reporter-output>
        </test-method> <!-- Signup -->
        <test-method signature="verifyAddToCart()[pri:1, instance:amazonTestNGPackage.VerifyAddToCartScenario@489115ef]" started-at="2024-05-02T08:01:55 IST" name="verifyAddToCart" finished-at="2024-05-02T08:04:55 IST" duration-ms="179558" status="PASS">
          <reporter-output>
          </reporter-output>
        </test-method> <!-- verifyAddToCart -->
        <test-method is-config="true" signature="CaptureScreenshotofFailedTest()[pri:0, instance:amazonTestNGPackage.VerifyAddToCartScenario@489115ef]" started-at="2024-05-02T08:04:55 IST" name="CaptureScreenshotofFailedTest" finished-at="2024-05-02T08:04:55 IST" duration-ms="3" status="PASS">
          <reporter-output>
          </reporter-output>
        </test-method> <!-- CaptureScreenshotofFailedTest -->
        <test-method is-config="true" signature="afterclass()[pri:0, instance:amazonTestNGPackage.VerifyAddToCartScenario@489115ef]" started-at="2024-05-02T08:04:55 IST" name="afterclass" finished-at="2024-05-02T08:04:55 IST" duration-ms="1" status="PASS">
          <reporter-output>
          </reporter-output>
        </test-method> <!-- afterclass -->
        <test-method is-config="true" signature="closeBrowser()[pri:0, instance:amazonTestNGPackage.VerifyAddToCartScenario@489115ef]" started-at="2024-05-02T08:05:16 IST" name="closeBrowser" finished-at="2024-05-02T08:05:17 IST" duration-ms="556" status="PASS">
          <reporter-output>
          </reporter-output>
        </test-method> <!-- closeBrowser -->
      </class> <!-- amazonTestNGPackage.VerifyAddToCartScenario -->
      <class name="amazonTestNGPackage.VerifyScrollingDownActionForShareButton">
        <test-method is-config="true" signature="launchBrowser(java.lang.String)[pri:0, instance:amazonTestNGPackage.VerifyScrollingDownActionForShareButton@1a677343]" started-at="2024-05-02T07:56:52 IST" name="launchBrowser" finished-at="2024-05-02T07:57:34 IST" duration-ms="41436" status="PASS">
          <params>
            <param index="0">
              <value>
                <![CDATA[Edge]]>
              </value>
            </param>
          </params>
          <reporter-output>
          </reporter-output>
        </test-method> <!-- launchBrowser -->
        <test-method is-config="true" signature="InitilisationOfPom()[pri:0, instance:amazonTestNGPackage.VerifyScrollingDownActionForShareButton@1a677343]" started-at="2024-05-02T07:58:13 IST" name="InitilisationOfPom" finished-at="2024-05-02T07:58:13 IST" duration-ms="1" status="PASS">
          <reporter-output>
          </reporter-output>
        </test-method> <!-- InitilisationOfPom -->
        <test-method is-config="true" signature="Signup()[pri:0, instance:amazonTestNGPackage.VerifyScrollingDownActionForShareButton@1a677343]" started-at="2024-05-02T07:58:13 IST" name="Signup" finished-at="2024-05-02T07:58:31 IST" duration-ms="17786" status="PASS">
          <reporter-output>
          </reporter-output>
        </test-method> <!-- Signup -->
        <test-method signature="clickAccountsAndLists()[pri:0, instance:amazonTestNGPackage.VerifyScrollingDownActionForShareButton@1a677343]" started-at="2024-05-02T07:58:31 IST" name="clickAccountsAndLists" finished-at="2024-05-02T07:59:01 IST" duration-ms="30286" status="PASS">
          <reporter-output>
          </reporter-output>
        </test-method> <!-- clickAccountsAndLists -->
        <test-method is-config="true" signature="CaptureScreenshotofFailedTest()[pri:0, instance:amazonTestNGPackage.VerifyScrollingDownActionForShareButton@1a677343]" started-at="2024-05-02T07:59:01 IST" name="CaptureScreenshotofFailedTest" finished-at="2024-05-02T07:59:01 IST" duration-ms="0" status="PASS">
          <reporter-output>
          </reporter-output>
        </test-method> <!-- CaptureScreenshotofFailedTest -->
        <test-method is-config="true" signature="afterclass()[pri:0, instance:amazonTestNGPackage.VerifyScrollingDownActionForShareButton@1a677343]" started-at="2024-05-02T07:59:01 IST" name="afterclass" finished-at="2024-05-02T07:59:01 IST" duration-ms="0" status="PASS">
          <reporter-output>
          </reporter-output>
        </test-method> <!-- afterclass -->
        <test-method is-config="true" signature="closeBrowser()[pri:0, instance:amazonTestNGPackage.VerifyScrollingDownActionForShareButton@1a677343]" started-at="2024-05-02T08:05:30 IST" name="closeBrowser" finished-at="2024-05-02T08:05:32 IST" duration-ms="1553" status="PASS">
          <reporter-output>
          </reporter-output>
        </test-method> <!-- closeBrowser -->
      </class> <!-- amazonTestNGPackage.VerifyScrollingDownActionForShareButton -->
      <class name="amazonTestNGPackage.VerifyAccountsAndLists">
        <test-method is-config="true" signature="launchBrowser(java.lang.String)[pri:0, instance:amazonTestNGPackage.VerifyAccountsAndLists@198b6731]" started-at="2024-05-02T07:56:01 IST" name="launchBrowser" finished-at="2024-05-02T07:56:04 IST" duration-ms="2885" status="PASS">
          <params>
            <param index="0">
              <value>
                <![CDATA[Edge]]>
              </value>
            </param>
          </params>
          <reporter-output>
          </reporter-output>
        </test-method> <!-- launchBrowser -->
        <test-method is-config="true" signature="InitilisationOfPom()[pri:0, instance:amazonTestNGPackage.VerifyAccountsAndLists@198b6731]" started-at="2024-05-02T07:58:13 IST" name="InitilisationOfPom" finished-at="2024-05-02T07:58:13 IST" duration-ms="0" status="PASS">
          <reporter-output>
          </reporter-output>
        </test-method> <!-- InitilisationOfPom -->
        <test-method is-config="true" signature="Signup()[pri:0, instance:amazonTestNGPackage.VerifyAccountsAndLists@198b6731]" started-at="2024-05-02T07:58:13 IST" name="Signup" finished-at="2024-05-02T07:58:55 IST" duration-ms="41545" status="PASS">
          <reporter-output>
          </reporter-output>
        </test-method> <!-- Signup -->
        <test-method signature="clickAccountsAndLists()[pri:0, instance:amazonTestNGPackage.VerifyAccountsAndLists@198b6731]" started-at="2024-05-02T07:58:55 IST" name="clickAccountsAndLists" finished-at="2024-05-02T07:59:28 IST" duration-ms="33230" status="PASS">
          <reporter-output>
          </reporter-output>
        </test-method> <!-- clickAccountsAndLists -->
        <test-method is-config="true" signature="CaptureScreenshotofFailedTest()[pri:0, instance:amazonTestNGPackage.VerifyAccountsAndLists@198b6731]" started-at="2024-05-02T07:59:28 IST" name="CaptureScreenshotofFailedTest" finished-at="2024-05-02T07:59:28 IST" duration-ms="0" status="PASS">
          <reporter-output>
          </reporter-output>
        </test-method> <!-- CaptureScreenshotofFailedTest -->
        <test-method is-config="true" signature="afterclass()[pri:0, instance:amazonTestNGPackage.VerifyAccountsAndLists@198b6731]" started-at="2024-05-02T07:59:28 IST" name="afterclass" finished-at="2024-05-02T07:59:28 IST" duration-ms="6" status="PASS">
          <reporter-output>
          </reporter-output>
        </test-method> <!-- afterclass -->
        <test-method is-config="true" signature="closeBrowser()[pri:0, instance:amazonTestNGPackage.VerifyAccountsAndLists@198b6731]" started-at="2024-05-02T08:04:55 IST" name="closeBrowser" finished-at="2024-05-02T08:05:16 IST" duration-ms="21273" status="PASS">
          <reporter-output>
          </reporter-output>
        </test-method> <!-- closeBrowser -->
      </class> <!-- amazonTestNGPackage.VerifyAccountsAndLists -->
      <class name="testclasses.TestNGTest">
        <test-method is-config="true" signature="beforeClass()[pri:0, instance:testclasses.TestNGTest@7c6908d7]" started-at="2024-05-02T07:58:13 IST" name="beforeClass" finished-at="2024-05-02T07:58:13 IST" duration-ms="7" status="PASS">
          <reporter-output>
          </reporter-output>
        </test-method> <!-- beforeClass -->
        <test-method is-config="true" signature="beforeMethod()[pri:0, instance:testclasses.TestNGTest@7c6908d7]" started-at="2024-05-02T07:58:13 IST" name="beforeMethod" finished-at="2024-05-02T07:58:13 IST" duration-ms="0" status="PASS">
          <reporter-output>
          </reporter-output>
        </test-method> <!-- beforeMethod -->
        <test-method signature="test()[pri:0, instance:testclasses.TestNGTest@7c6908d7]" started-at="2024-05-02T07:58:13 IST" name="test" finished-at="2024-05-02T07:58:13 IST" duration-ms="62" status="PASS">
          <reporter-output>
          </reporter-output>
        </test-method> <!-- test -->
        <test-method is-config="true" signature="afterMethod()[pri:0, instance:testclasses.TestNGTest@7c6908d7]" started-at="2024-05-02T07:58:13 IST" name="afterMethod" finished-at="2024-05-02T07:58:13 IST" duration-ms="8" status="PASS">
          <reporter-output>
          </reporter-output>
        </test-method> <!-- afterMethod -->
        <test-method is-config="true" signature="afterClass()[pri:0, instance:testclasses.TestNGTest@7c6908d7]" started-at="2024-05-02T07:58:13 IST" name="afterClass" finished-at="2024-05-02T07:58:13 IST" duration-ms="1" status="PASS">
          <reporter-output>
          </reporter-output>
        </test-method> <!-- afterClass -->
      </class> <!-- testclasses.TestNGTest -->
      <class name="amazonTestNGPackage.VerifyIncreaseInQuantityNumberOnAddingSameItem">
        <test-method is-config="true" signature="launchBrowser(java.lang.String)[pri:0, instance:amazonTestNGPackage.VerifyIncreaseInQuantityNumberOnAddingSameItem@3c9754d8]" started-at="2024-05-02T07:56:17 IST" name="launchBrowser" finished-at="2024-05-02T07:56:23 IST" duration-ms="6435" status="PASS">
          <params>
            <param index="0">
              <value>
                <![CDATA[Edge]]>
              </value>
            </param>
          </params>
          <reporter-output>
          </reporter-output>
        </test-method> <!-- launchBrowser -->
        <test-method is-config="true" signature="InitilisationOfPom()[pri:0, instance:amazonTestNGPackage.VerifyIncreaseInQuantityNumberOnAddingSameItem@3c9754d8]" started-at="2024-05-02T07:58:13 IST" name="InitilisationOfPom" finished-at="2024-05-02T07:58:13 IST" duration-ms="3" status="PASS">
          <reporter-output>
          </reporter-output>
        </test-method> <!-- InitilisationOfPom -->
        <test-method is-config="true" signature="Signup()[pri:0, instance:amazonTestNGPackage.VerifyIncreaseInQuantityNumberOnAddingSameItem@3c9754d8]" started-at="2024-05-02T07:58:13 IST" name="Signup" finished-at="2024-05-02T07:58:43 IST" duration-ms="30290" status="PASS">
          <reporter-output>
          </reporter-output>
        </test-method> <!-- Signup -->
        <test-method signature="verification()[pri:0, instance:amazonTestNGPackage.VerifyIncreaseInQuantityNumberOnAddingSameItem@3c9754d8]" started-at="2024-05-02T07:58:43 IST" name="verification" finished-at="2024-05-02T08:00:47 IST" duration-ms="123998" status="PASS">
          <reporter-output>
          </reporter-output>
        </test-method> <!-- verification -->
        <test-method is-config="true" signature="CaptureScreenshotofFailedTest()[pri:0, instance:amazonTestNGPackage.VerifyIncreaseInQuantityNumberOnAddingSameItem@3c9754d8]" started-at="2024-05-02T08:00:47 IST" name="CaptureScreenshotofFailedTest" finished-at="2024-05-02T08:00:47 IST" duration-ms="0" status="PASS">
          <reporter-output>
          </reporter-output>
        </test-method> <!-- CaptureScreenshotofFailedTest -->
        <test-method is-config="true" signature="afterclass()[pri:0, instance:amazonTestNGPackage.VerifyIncreaseInQuantityNumberOnAddingSameItem@3c9754d8]" started-at="2024-05-02T08:00:47 IST" name="afterclass" finished-at="2024-05-02T08:00:47 IST" duration-ms="0" status="PASS">
          <reporter-output>
          </reporter-output>
        </test-method> <!-- afterclass -->
        <test-method is-config="true" signature="closeBrowser()[pri:0, instance:amazonTestNGPackage.VerifyIncreaseInQuantityNumberOnAddingSameItem@3c9754d8]" started-at="2024-05-02T08:05:23 IST" name="closeBrowser" finished-at="2024-05-02T08:05:24 IST" duration-ms="1430" status="PASS">
          <reporter-output>
          </reporter-output>
        </test-method> <!-- closeBrowser -->
      </class> <!-- amazonTestNGPackage.VerifyIncreaseInQuantityNumberOnAddingSameItem -->
    </test> <!-- Edge Test -->
  </suite> <!-- Suite -->
</testng-results>
