<?xml version="1.0" encoding="UTF-8"?>
<!-- Generated by org.testng.reporters.JUnitXMLReporter -->
<testsuite ignored="0" hostname="DESKTOP-FSSQCH0" failures="1" tests="9" name="Chrome Test" time="568.389" errors="0" timestamp="2024-05-02T08:05:29 IST">
  <testcase classname="amazonTestNGPackage.VerifyElementsPresentOnScreen" name="@BeforeTest launchBrowser" time="215.11">
    <failure type="org.openqa.selenium.SessionNotCreatedException" message="Could not start a new session. Possible causes are invalid address of the remote server or browser start-up failure. 
Host info: host: &amp;apos;DESKTOP-FSSQCH0&amp;apos;, ip: &amp;apos;192.168.1.6&amp;apos;">
      <![CDATA[org.openqa.selenium.SessionNotCreatedException: Could not start a new session. Possible causes are invalid address of the remote server or browser start-up failure. 
Host info: host: 'DESKTOP-FSSQCH0', ip: '192.168.1.6'
at org.openqa.selenium.remote.RemoteWebDriver.execute(RemoteWebDriver.java:536)
at org.openqa.selenium.remote.RemoteWebDriver.startSession(RemoteWebDriver.java:232)
at org.openqa.selenium.remote.RemoteWebDriver.<init>(RemoteWebDriver.java:161)
at org.openqa.selenium.firefox.FirefoxDriver.<init>(FirefoxDriver.java:155)
at org.openqa.selenium.firefox.FirefoxDriver.<init>(FirefoxDriver.java:150)
at org.openqa.selenium.firefox.FirefoxDriver.<init>(FirefoxDriver.java:133)
at org.openqa.selenium.firefox.FirefoxDriver.<init>(FirefoxDriver.java:128)
at org.openqa.selenium.firefox.FirefoxDriver.<init>(FirefoxDriver.java:113)
at org.openqa.selenium.firefox.FirefoxDriver.<init>(FirefoxDriver.java:103)
at browsersetting.Browsers.openFirefoxBrowser(Browsers.java:17)
at amazonTestNGPackage.VerifyElementsPresentOnScreen.launchBrowser(VerifyElementsPresentOnScreen.java:35)
at java.base/java.util.concurrent.FutureTask.run(FutureTask.java:317)
at java.base/java.util.concurrent.ThreadPoolExecutor.runWorker(ThreadPoolExecutor.java:1144)
at java.base/java.util.concurrent.ThreadPoolExecutor$Worker.run(ThreadPoolExecutor.java:642)
at java.base/java.lang.Thread.run(Thread.java:1623)
Caused by: org.openqa.selenium.TimeoutException: java.util.concurrent.TimeoutException
Build info: version: '4.19.1', revision: 'abe0ee07dc'
System info: os.name: 'Windows 11', os.arch: 'amd64', os.version: '10.0', java.version: '20.0.1'
Driver info: driver.version: FirefoxDriver
at org.openqa.selenium.remote.http.jdk.JdkHttpClient.execute0(JdkHttpClient.java:396)
at org.openqa.selenium.remote.http.AddSeleniumUserAgent.lambda$apply$0(AddSeleniumUserAgent.java:42)
at org.openqa.selenium.remote.http.Filter.lambda$andFinally$1(Filter.java:55)
at org.openqa.selenium.remote.http.jdk.JdkHttpClient.execute(JdkHttpClient.java:352)
at org.openqa.selenium.remote.ProtocolHandshake.createSession(ProtocolHandshake.java:89)
at org.openqa.selenium.remote.ProtocolHandshake.createSession(ProtocolHandshake.java:75)
at org.openqa.selenium.remote.ProtocolHandshake.createSession(ProtocolHandshake.java:61)
at org.openqa.selenium.remote.HttpCommandExecutor.execute(HttpCommandExecutor.java:162)
at org.openqa.selenium.remote.service.DriverCommandExecutor.invokeExecute(DriverCommandExecutor.java:216)
at org.openqa.selenium.remote.service.DriverCommandExecutor.execute(DriverCommandExecutor.java:174)
at org.openqa.selenium.remote.RemoteWebDriver.execute(RemoteWebDriver.java:518)
... 27 more
Caused by: java.util.concurrent.TimeoutException
at java.base/java.util.concurrent.CompletableFuture.timedGet(CompletableFuture.java:1960)
at java.base/java.util.concurrent.CompletableFuture.get(CompletableFuture.java:2095)
at org.openqa.selenium.remote.http.jdk.JdkHttpClient.execute0(JdkHttpClient.java:379)
... 37 more
... Removed 13 stack frames]]>
    </failure>
  </testcase> <!-- @BeforeTest launchBrowser -->
  <testcase classname="amazonTestNGPackage.VerifyIncreaseInQuantityNumberOnAddingSameItem" name="@BeforeTest launchBrowser" time="-1.714617210929E9">
    <skipped/>
  </testcase> <!-- @BeforeTest launchBrowser -->
  <testcase classname="amazonTestNGPackage.VerifyProductRating" name="@BeforeTest launchBrowser" time="-1.714617210948E9">
    <skipped/>
  </testcase> <!-- @BeforeTest launchBrowser -->
  <testcase classname="amazonTestNGPackage.VerifyRemoveElementAddedInCart" name="@BeforeTest launchBrowser" time="-1.714617210959E9">
    <skipped/>
  </testcase> <!-- @BeforeTest launchBrowser -->
  <testcase classname="amazonTestNGPackage.VerifyScrollingDownActionForShareButton" name="@BeforeTest launchBrowser" time="-1.714617210997E9">
    <skipped/>
  </testcase> <!-- @BeforeTest launchBrowser -->
  <testcase classname="amazonTestNGPackage.VerifyTotalAmountIsDisplyedToUser" name="@BeforeTest launchBrowser" time="-1.714617211315E9">
    <skipped/>
  </testcase> <!-- @BeforeTest launchBrowser -->
  <testcase classname="amazonTestNGPackage.VerifyScrollingDownActionForShareButton" name="@BeforeClass InitilisationOfPom" time="-1.714617212433E9">
    <skipped/>
  </testcase> <!-- @BeforeClass InitilisationOfPom -->
  <testcase classname="amazonTestNGPackage.VerifyScrollingDownActionForShareButton" name="@BeforeMethod Signup" time="-1.714617212451E9">
    <skipped/>
  </testcase> <!-- @BeforeMethod Signup -->
  <testcase classname="amazonTestNGPackage.VerifyScrollingDownActionForShareButton" name="@AfterMethod CaptureScreenshotofFailedTest" time="-1.714617212728E9">
    <skipped/>
  </testcase> <!-- @AfterMethod CaptureScreenshotofFailedTest -->
  <testcase classname="amazonTestNGPackage.VerifyScrollingDownActionForShareButton" name="@AfterClass afterclass" time="-1.714617212731E9">
    <skipped/>
  </testcase> <!-- @AfterClass afterclass -->
  <testcase classname="testclasses.TestNGTest" name="@BeforeClass beforeClass" time="-1.714617213961E9">
    <skipped/>
  </testcase> <!-- @BeforeClass beforeClass -->
  <testcase classname="amazonTestNGPackage.VerifyAccountsAndLists" name="@BeforeClass InitilisationOfPom" time="-1.714617213962E9">
    <skipped/>
  </testcase> <!-- @BeforeClass InitilisationOfPom -->
  <testcase classname="amazonTestNGPackage.VerifyAccountsAndLists" name="@BeforeMethod Signup" time="-1.714617214178E9">
    <skipped/>
  </testcase> <!-- @BeforeMethod Signup -->
  <testcase classname="amazonTestNGPackage.VerifyAccountsAndLists" name="@AfterMethod CaptureScreenshotofFailedTest" time="-1.7146172142E9">
    <skipped/>
  </testcase> <!-- @AfterMethod CaptureScreenshotofFailedTest -->
  <testcase classname="amazonTestNGPackage.VerifyAccountsAndLists" name="@AfterClass afterclass" time="-1.714617214204E9">
    <skipped/>
  </testcase> <!-- @AfterClass afterclass -->
  <testcase classname="amazonTestNGPackage.VerifyIncreaseInQuantityNumberOnAddingSameItem" name="@BeforeClass InitilisationOfPom" time="-1.714617214212E9">
    <skipped/>
  </testcase> <!-- @BeforeClass InitilisationOfPom -->
  <testcase classname="amazonTestNGPackage.VerifyIncreaseInQuantityNumberOnAddingSameItem" name="@BeforeMethod Signup" time="-1.714617215201E9">
    <skipped/>
  </testcase> <!-- @BeforeMethod Signup -->
  <testcase classname="amazonTestNGPackage.VerifyIncreaseInQuantityNumberOnAddingSameItem" name="@AfterMethod CaptureScreenshotofFailedTest" time="-1.714617215215E9">
    <skipped/>
  </testcase> <!-- @AfterMethod CaptureScreenshotofFailedTest -->
  <testcase classname="amazonTestNGPackage.VerifyIncreaseInQuantityNumberOnAddingSameItem" name="@AfterClass afterclass" time="-1.714617215219E9">
    <skipped/>
  </testcase> <!-- @AfterClass afterclass -->
  <testcase classname="amazonTestNGPackage.VerifyTotalAmountIsDisplyedToUser" name="@BeforeClass InitilisationOfPom" time="-1.714617215223E9">
    <skipped/>
  </testcase> <!-- @BeforeClass InitilisationOfPom -->
  <testcase classname="amazonTestNGPackage.VerifyTotalAmountIsDisplyedToUser" name="@BeforeMethod Signup" time="-1.714617215227E9">
    <skipped/>
  </testcase> <!-- @BeforeMethod Signup -->
  <testcase classname="testclasses.TestNGTest" name="@BeforeMethod beforeMethod" time="-1.714617215268E9">
    <skipped/>
  </testcase> <!-- @BeforeMethod beforeMethod -->
  <testcase classname="testclasses.TestNGTest" name="@AfterMethod afterMethod" time="-1.714617215283E9">
    <skipped/>
  </testcase> <!-- @AfterMethod afterMethod -->
  <testcase classname="testclasses.TestNGTest" name="@AfterClass afterClass" time="-1.714617215287E9">
    <skipped/>
  </testcase> <!-- @AfterClass afterClass -->
  <testcase classname="amazonTestNGPackage.VerifyElementsPresentOnScreen" name="@BeforeClass InitilisationOfPom" time="-1.714617215294E9">
    <skipped/>
  </testcase> <!-- @BeforeClass InitilisationOfPom -->
  <testcase classname="amazonTestNGPackage.VerifyProductRating" name="@BeforeClass InitilisationOfPom" time="-1.714617215266E9">
    <skipped/>
  </testcase> <!-- @BeforeClass InitilisationOfPom -->
  <testcase classname="amazonTestNGPackage.VerifyProductRating" name="@BeforeMethod Signup" time="-1.714617215315E9">
    <skipped/>
  </testcase> <!-- @BeforeMethod Signup -->
  <testcase classname="amazonTestNGPackage.VerifyProductRating" name="@AfterMethod CaptureScreenshotofFailedTest" time="-1.714617215363E9">
    <skipped/>
  </testcase> <!-- @AfterMethod CaptureScreenshotofFailedTest -->
  <testcase classname="amazonTestNGPackage.VerifyProductRating" name="@AfterClass afterclass" time="-1.714617215426E9">
    <skipped/>
  </testcase> <!-- @AfterClass afterclass -->
  <testcase classname="amazonTestNGPackage.VerifyRemoveElementAddedInCart" name="@BeforeClass InitilisationOfPom" time="-1.714617215486E9">
    <skipped/>
  </testcase> <!-- @BeforeClass InitilisationOfPom -->
  <testcase classname="amazonTestNGPackage.VerifyRemoveElementAddedInCart" name="@BeforeMethod Signup" time="-1.714617215747E9">
    <skipped/>
  </testcase> <!-- @BeforeMethod Signup -->
  <testcase classname="amazonTestNGPackage.VerifyRemoveElementAddedInCart" name="@AfterMethod CaptureScreenshotofFailedTest" time="-1.71461721576E9">
    <skipped/>
  </testcase> <!-- @AfterMethod CaptureScreenshotofFailedTest -->
  <testcase classname="amazonTestNGPackage.VerifyRemoveElementAddedInCart" name="@AfterClass afterclass" time="-1.714617215764E9">
    <skipped/>
  </testcase> <!-- @AfterClass afterclass -->
  <testcase classname="amazonTestNGPackage.VerifyAddToCartScenario" name="@BeforeClass InitilisationOfPom" time="-1.714617215767E9">
    <skipped/>
  </testcase> <!-- @BeforeClass InitilisationOfPom -->
  <testcase classname="amazonTestNGPackage.VerifyAddToCartScenario" name="@BeforeMethod Signup" time="-1.71461721577E9">
    <skipped/>
  </testcase> <!-- @BeforeMethod Signup -->
  <testcase classname="amazonTestNGPackage.VerifyAddToCartScenario" name="@AfterMethod CaptureScreenshotofFailedTest" time="-1.71461721578E9">
    <skipped/>
  </testcase> <!-- @AfterMethod CaptureScreenshotofFailedTest -->
  <testcase classname="amazonTestNGPackage.VerifyAddToCartScenario" name="@AfterClass afterclass" time="-1.714617215782E9">
    <skipped/>
  </testcase> <!-- @AfterClass afterclass -->
  <testcase classname="amazonTestNGPackage.VerifyTotalAmountIsDisplyedToUser" name="@AfterMethod CaptureScreenshotofFailedTest" time="-1.714617215237E9">
    <skipped/>
  </testcase> <!-- @AfterMethod CaptureScreenshotofFailedTest -->
  <testcase classname="amazonTestNGPackage.VerifyElementsPresentOnScreen" name="@BeforeMethod Signup" time="-1.714617217344E9">
    <skipped/>
  </testcase> <!-- @BeforeMethod Signup -->
  <testcase classname="amazonTestNGPackage.VerifyTotalAmountIsDisplyedToUser" name="@AfterClass afterclass" time="-1.714617217348E9">
    <skipped/>
  </testcase> <!-- @AfterClass afterclass -->
  <testcase classname="amazonTestNGPackage.VerifyElementsPresentOnScreen" name="@AfterMethod CaptureScreenshotofFailedTest" time="-1.714617217364E9">
    <skipped/>
  </testcase> <!-- @AfterMethod CaptureScreenshotofFailedTest -->
  <testcase classname="amazonTestNGPackage.VerifyElementsPresentOnScreen" name="@AfterClass afterclass" time="-1.714617217365E9">
    <skipped/>
  </testcase> <!-- @AfterClass afterclass -->
  <testcase classname="amazonTestNGPackage.VerifyAccountsAndLists" name="@AfterTest closeBrowser" time="-1.714617217369E9">
    <skipped/>
  </testcase> <!-- @AfterTest closeBrowser -->
  <testcase classname="amazonTestNGPackage.VerifyAddToCartScenario" name="@AfterTest closeBrowser" time="-1.714617217379E9">
    <skipped/>
  </testcase> <!-- @AfterTest closeBrowser -->
  <testcase classname="amazonTestNGPackage.VerifyElementsPresentOnScreen" name="@AfterTest closeBrowser" time="-1.714617217381E9">
    <skipped/>
  </testcase> <!-- @AfterTest closeBrowser -->
  <testcase classname="amazonTestNGPackage.VerifyIncreaseInQuantityNumberOnAddingSameItem" name="@AfterTest closeBrowser" time="-1.714617217402E9">
    <skipped/>
  </testcase> <!-- @AfterTest closeBrowser -->
  <testcase classname="amazonTestNGPackage.VerifyProductRating" name="@AfterTest closeBrowser" time="-1.714617217464E9">
    <skipped/>
  </testcase> <!-- @AfterTest closeBrowser -->
  <testcase classname="amazonTestNGPackage.VerifyRemoveElementAddedInCart" name="@AfterTest closeBrowser" time="-1.71461721748E9">
    <skipped/>
  </testcase> <!-- @AfterTest closeBrowser -->
  <testcase classname="amazonTestNGPackage.VerifyScrollingDownActionForShareButton" name="@AfterTest closeBrowser" time="-1.714617217561E9">
    <skipped/>
  </testcase> <!-- @AfterTest closeBrowser -->
  <testcase classname="amazonTestNGPackage.VerifyTotalAmountIsDisplyedToUser" name="@AfterTest closeBrowser" time="-1.714617217578E9">
    <skipped/>
  </testcase> <!-- @AfterTest closeBrowser -->
  <testcase classname="testclasses.TestNGTest" name="test" time="0.015"/>
  <testcase classname="amazonTestNGPackage.VerifyScrollingDownActionForShareButton" name="clickAccountsAndLists" time="26.382"/>
  <testcase classname="amazonTestNGPackage.VerifyAccountsAndLists" name="clickAccountsAndLists" time="31.41"/>
  <testcase classname="amazonTestNGPackage.VerifyIncreaseInQuantityNumberOnAddingSameItem" name="verification" time="137.777"/>
  <testcase classname="amazonTestNGPackage.VerifyTotalAmountIsDisplyedToUser" name="verifyTotalAmountDisplayed" time="210.548"/>
  <testcase classname="amazonTestNGPackage.VerifyProductRating" name="checkAutoSuggestion" time="205.594"/>
  <testcase classname="amazonTestNGPackage.VerifyElementsPresentOnScreen" name="checkAutoSuggestion" time="124.964"/>
  <testcase classname="amazonTestNGPackage.VerifyAddToCartScenario" name="verifyAddToCart" time="63.64">
    <failure type="org.openqa.selenium.ElementNotInteractableException" message="element not interactable
  (Session info: chrome=124.0.6367.92)
Build info: version: &amp;apos;4.19.1&amp;apos;, revision: &amp;apos;abe0ee07dc&amp;apos;
System info: os.name: &amp;apos;Windows 11&amp;apos;, os.arch: &amp;apos;amd64&amp;apos;, os.version: &amp;apos;10.0&amp;apos;, java.version: &amp;apos;20.0.1&amp;apos;
Driver info: org.openqa.selenium.chrome.ChromeDriver
Command: [037e1f4d0fb4b103644e0bbade3a7aee, clickElement {id=f.4C763272D7A5A26EFF3829FAF41A7B11.d.0E39E97277950EB4F4D7B443261208BC.e.98}]
Capabilities {acceptInsecureCerts: false, browserName: chrome, browserVersion: 124.0.6367.92, chrome: {chromedriverVersion: 124.0.6367.91 (51df0e5e17a8..., userDataDir: C:\Users\Admin\AppData\Loca...}, fedcm:accounts: true, goog:chromeOptions: {debuggerAddress: localhost:52073}, networkConnectionEnabled: false, pageLoadStrategy: normal, platformName: windows, proxy: Proxy(), se:cdp: ws://localhost:52073/devtoo..., se:cdpVersion: 124.0.6367.92, setWindowRect: true, strictFileInteractability: false, timeouts: {implicit: 0, pageLoad: 300000, script: 30000}, unhandledPromptBehavior: dismiss and notify, webauthn:extension:credBlob: true, webauthn:extension:largeBlob: true, webauthn:extension:minPinLength: true, webauthn:extension:prf: true, webauthn:virtualAuthenticators: true}
Element: [[ChromeDriver: chrome on windows (037e1f4d0fb4b103644e0bbade3a7aee)] -&amp;gt; xpath: (//div[2]//span//a//img[@class=&amp;apos;s-image&amp;apos;])[1]]
Session ID: 037e1f4d0fb4b103644e0bbade3a7aee">
      <![CDATA[org.openqa.selenium.ElementNotInteractableException: element not interactable
  (Session info: chrome=124.0.6367.92)
Build info: version: '4.19.1', revision: 'abe0ee07dc'
System info: os.name: 'Windows 11', os.arch: 'amd64', os.version: '10.0', java.version: '20.0.1'
Driver info: org.openqa.selenium.chrome.ChromeDriver
Command: [037e1f4d0fb4b103644e0bbade3a7aee, clickElement {id=f.4C763272D7A5A26EFF3829FAF41A7B11.d.0E39E97277950EB4F4D7B443261208BC.e.98}]
Capabilities {acceptInsecureCerts: false, browserName: chrome, browserVersion: 124.0.6367.92, chrome: {chromedriverVersion: 124.0.6367.91 (51df0e5e17a8..., userDataDir: C:\Users\Admin\AppData\Loca...}, fedcm:accounts: true, goog:chromeOptions: {debuggerAddress: localhost:52073}, networkConnectionEnabled: false, pageLoadStrategy: normal, platformName: windows, proxy: Proxy(), se:cdp: ws://localhost:52073/devtoo..., se:cdpVersion: 124.0.6367.92, setWindowRect: true, strictFileInteractability: false, timeouts: {implicit: 0, pageLoad: 300000, script: 30000}, unhandledPromptBehavior: dismiss and notify, webauthn:extension:credBlob: true, webauthn:extension:largeBlob: true, webauthn:extension:minPinLength: true, webauthn:extension:prf: true, webauthn:virtualAuthenticators: true}
Element: [[ChromeDriver: chrome on windows (037e1f4d0fb4b103644e0bbade3a7aee)] -> xpath: (//div[2]//span//a//img[@class='s-image'])[1]]
Session ID: 037e1f4d0fb4b103644e0bbade3a7aee
at org.openqa.selenium.remote.ErrorCodec.decode(ErrorCodec.java:167)
at org.openqa.selenium.remote.codec.w3c.W3CHttpResponseCodec.decode(W3CHttpResponseCodec.java:138)
at org.openqa.selenium.remote.codec.w3c.W3CHttpResponseCodec.decode(W3CHttpResponseCodec.java:50)
at org.openqa.selenium.remote.HttpCommandExecutor.execute(HttpCommandExecutor.java:190)
at org.openqa.selenium.remote.service.DriverCommandExecutor.invokeExecute(DriverCommandExecutor.java:216)
at org.openqa.selenium.remote.service.DriverCommandExecutor.execute(DriverCommandExecutor.java:174)
at org.openqa.selenium.remote.RemoteWebDriver.execute(RemoteWebDriver.java:518)
at org.openqa.selenium.remote.RemoteWebElement.execute(RemoteWebElement.java:223)
at org.openqa.selenium.remote.RemoteWebElement.click(RemoteWebElement.java:76)
at org.openqa.selenium.support.pagefactory.internal.LocatingElementHandler.invoke(LocatingElementHandler.java:51)
at jdk.proxy2/jdk.proxy2.$Proxy18.click(Unknown Source)
at pom.AddToCartScenario.chooseYourPurse(AddToCartScenario.java:41)
at amazonTestNGPackage.VerifyAddToCartScenario.verifyAddToCart(VerifyAddToCartScenario.java:66)
at java.base/java.util.concurrent.ThreadPoolExecutor.runWorker(ThreadPoolExecutor.java:1144)
at java.base/java.util.concurrent.ThreadPoolExecutor$Worker.run(ThreadPoolExecutor.java:642)
at java.base/java.lang.Thread.run(Thread.java:1623)
... Removed 15 stack frames]]>
    </failure>
  </testcase> <!-- verifyAddToCart -->
  <testcase classname="amazonTestNGPackage.VerifyRemoveElementAddedInCart" name="methods" time="249.06"/>
</testsuite> <!-- Chrome Test -->
