<?xml version="1.0" encoding="UTF-8"?>
<!-- Generated by org.testng.reporters.JUnitXMLReporter -->
<testsuite ignored="0" hostname="DESKTOP-FSSQCH0" failures="0" tests="9" name="Firefox Test" time="20.973" errors="0" timestamp="2024-05-04T10:53:42 IST">
  <testcase classname="amazonTestNGPackage.VerifyAccountsAndLists" name="@BeforeTest launchBrowser" time="20.776">
    <failure type="org.openqa.selenium.SessionNotCreatedException" message="Could not start a new session. Response code 500. Message: Failed to decode response from marionette 
Host info: host: &amp;apos;DESKTOP-FSSQCH0&amp;apos;, ip: &amp;apos;192.168.1.4&amp;apos;
Build info: version: &amp;apos;4.19.1&amp;apos;, revision: &amp;apos;abe0ee07dc&amp;apos;
System info: os.name: &amp;apos;Windows 11&amp;apos;, os.arch: &amp;apos;amd64&amp;apos;, os.version: &amp;apos;10.0&amp;apos;, java.version: &amp;apos;20.0.1&amp;apos;
Driver info: org.openqa.selenium.firefox.FirefoxDriver
Command: [null, newSession {capabilities=[Capabilities {acceptInsecureCerts: true, browserName: firefox, moz:debuggerAddress: true, moz:firefoxOptions: {binary: C:\Users\Admin\.cache\selen...}}]}]">
      <![CDATA[org.openqa.selenium.SessionNotCreatedException: Could not start a new session. Response code 500. Message: Failed to decode response from marionette 
Host info: host: 'DESKTOP-FSSQCH0', ip: '192.168.1.4'
Build info: version: '4.19.1', revision: 'abe0ee07dc'
System info: os.name: 'Windows 11', os.arch: 'amd64', os.version: '10.0', java.version: '20.0.1'
Driver info: org.openqa.selenium.firefox.FirefoxDriver
Command: [null, newSession {capabilities=[Capabilities {acceptInsecureCerts: true, browserName: firefox, moz:debuggerAddress: true, moz:firefoxOptions: {binary: C:\Users\Admin\.cache\selen...}}]}]
at org.openqa.selenium.remote.ProtocolHandshake.createSession(ProtocolHandshake.java:114)
at org.openqa.selenium.remote.ProtocolHandshake.createSession(ProtocolHandshake.java:75)
at org.openqa.selenium.remote.ProtocolHandshake.createSession(ProtocolHandshake.java:61)
at org.openqa.selenium.remote.HttpCommandExecutor.execute(HttpCommandExecutor.java:162)
at org.openqa.selenium.remote.service.DriverCommandExecutor.invokeExecute(DriverCommandExecutor.java:216)
at org.openqa.selenium.remote.service.DriverCommandExecutor.execute(DriverCommandExecutor.java:174)
at org.openqa.selenium.remote.RemoteWebDriver.execute(RemoteWebDriver.java:518)
at org.openqa.selenium.remote.RemoteWebDriver.startSession(RemoteWebDriver.java:232)
at org.openqa.selenium.remote.RemoteWebDriver.<init>(RemoteWebDriver.java:161)
at org.openqa.selenium.firefox.FirefoxDriver.<init>(FirefoxDriver.java:155)
at org.openqa.selenium.firefox.FirefoxDriver.<init>(FirefoxDriver.java:150)
at org.openqa.selenium.firefox.FirefoxDriver.<init>(FirefoxDriver.java:133)
at org.openqa.selenium.firefox.FirefoxDriver.<init>(FirefoxDriver.java:128)
at org.openqa.selenium.firefox.FirefoxDriver.<init>(FirefoxDriver.java:113)
at org.openqa.selenium.firefox.FirefoxDriver.<init>(FirefoxDriver.java:103)
at browsersetting.Browsers.openFirefoxBrowser(Browsers.java:17)
at amazonTestNGPackage.VerifyAccountsAndLists.launchBrowser(VerifyAccountsAndLists.java:38)
at java.base/java.util.concurrent.FutureTask.run(FutureTask.java:317)
at java.base/java.util.concurrent.ThreadPoolExecutor.runWorker(ThreadPoolExecutor.java:1144)
at java.base/java.util.concurrent.ThreadPoolExecutor$Worker.run(ThreadPoolExecutor.java:642)
at java.base/java.lang.Thread.run(Thread.java:1623)
... Removed 13 stack frames]]>
    </failure>
  </testcase> <!-- @BeforeTest launchBrowser -->
  <testcase classname="amazonTestNGPackage.VerifyAddToCartScenario" name="@BeforeTest launchBrowser" time="-1.71480022207E9">
    <skipped/>
  </testcase> <!-- @BeforeTest launchBrowser -->
  <testcase classname="amazonTestNGPackage.VerifyElementsPresentOnScreen" name="@BeforeTest launchBrowser" time="-1.71480022207E9">
    <skipped/>
  </testcase> <!-- @BeforeTest launchBrowser -->
  <testcase classname="amazonTestNGPackage.VerifyIncreaseInQuantityNumberOnAddingSameItem" name="@BeforeTest launchBrowser" time="-1.714800222086E9">
    <skipped/>
  </testcase> <!-- @BeforeTest launchBrowser -->
  <testcase classname="amazonTestNGPackage.VerifyProductRating" name="@BeforeTest launchBrowser" time="-1.714800222086E9">
    <skipped/>
  </testcase> <!-- @BeforeTest launchBrowser -->
  <testcase classname="amazonTestNGPackage.VerifyRemoveElementAddedInCart" name="@BeforeTest launchBrowser" time="-1.714800222086E9">
    <skipped/>
  </testcase> <!-- @BeforeTest launchBrowser -->
  <testcase classname="amazonTestNGPackage.VerifyScrollingDownActionForShareButton" name="@BeforeTest launchBrowser" time="-1.714800222086E9">
    <skipped/>
  </testcase> <!-- @BeforeTest launchBrowser -->
  <testcase classname="amazonTestNGPackage.VerifyTotalAmountIsDisplyedToUser" name="@BeforeTest launchBrowser" time="-1.714800222086E9">
    <skipped/>
  </testcase> <!-- @BeforeTest launchBrowser -->
  <testcase classname="amazonTestNGPackage.VerifyAccountsAndLists" name="@BeforeClass InitilisationOfPom" time="-1.714800222118E9">
    <skipped/>
  </testcase> <!-- @BeforeClass InitilisationOfPom -->
  <testcase classname="testclasses.TestNGTest" name="@BeforeClass beforeClass" time="-1.714800222118E9">
    <skipped/>
  </testcase> <!-- @BeforeClass beforeClass -->
  <testcase classname="amazonTestNGPackage.VerifyScrollingDownActionForShareButton" name="@BeforeClass InitilisationOfPom" time="-1.714800222118E9">
    <skipped/>
  </testcase> <!-- @BeforeClass InitilisationOfPom -->
  <testcase classname="testclasses.TestNGTest" name="@BeforeMethod beforeMethod" time="-1.71480022215E9">
    <skipped/>
  </testcase> <!-- @BeforeMethod beforeMethod -->
  <testcase classname="amazonTestNGPackage.VerifyScrollingDownActionForShareButton" name="@BeforeMethod Signup" time="-1.71480022215E9">
    <skipped/>
  </testcase> <!-- @BeforeMethod Signup -->
  <testcase classname="amazonTestNGPackage.VerifyAccountsAndLists" name="@BeforeMethod Signup" time="-1.71480022215E9">
    <skipped/>
  </testcase> <!-- @BeforeMethod Signup -->
  <testcase classname="amazonTestNGPackage.VerifyAccountsAndLists" name="@AfterMethod CaptureScreenshotofFailedTest" time="-1.71480022216E9">
    <skipped/>
  </testcase> <!-- @AfterMethod CaptureScreenshotofFailedTest -->
  <testcase classname="testclasses.TestNGTest" name="@AfterMethod afterMethod" time="-1.71480022216E9">
    <skipped/>
  </testcase> <!-- @AfterMethod afterMethod -->
  <testcase classname="amazonTestNGPackage.VerifyScrollingDownActionForShareButton" name="@AfterMethod CaptureScreenshotofFailedTest" time="-1.714800222166E9">
    <skipped/>
  </testcase> <!-- @AfterMethod CaptureScreenshotofFailedTest -->
  <testcase classname="amazonTestNGPackage.VerifyAccountsAndLists" name="@AfterClass afterclass" time="-1.714800222166E9">
    <skipped/>
  </testcase> <!-- @AfterClass afterclass -->
  <testcase classname="testclasses.TestNGTest" name="@AfterClass afterClass" time="-1.714800222166E9">
    <skipped/>
  </testcase> <!-- @AfterClass afterClass -->
  <testcase classname="amazonTestNGPackage.VerifyIncreaseInQuantityNumberOnAddingSameItem" name="@BeforeClass InitilisationOfPom" time="-1.714800222166E9">
    <skipped/>
  </testcase> <!-- @BeforeClass InitilisationOfPom -->
  <testcase classname="amazonTestNGPackage.VerifyScrollingDownActionForShareButton" name="@AfterClass afterclass" time="-1.714800222166E9">
    <skipped/>
  </testcase> <!-- @AfterClass afterclass -->
  <testcase classname="amazonTestNGPackage.VerifyIncreaseInQuantityNumberOnAddingSameItem" name="@BeforeMethod Signup" time="-1.714800222166E9">
    <skipped/>
  </testcase> <!-- @BeforeMethod Signup -->
  <testcase classname="amazonTestNGPackage.VerifyTotalAmountIsDisplyedToUser" name="@BeforeClass InitilisationOfPom" time="-1.714800222166E9">
    <skipped/>
  </testcase> <!-- @BeforeClass InitilisationOfPom -->
  <testcase classname="amazonTestNGPackage.VerifyProductRating" name="@BeforeClass InitilisationOfPom" time="-1.714800222182E9">
    <skipped/>
  </testcase> <!-- @BeforeClass InitilisationOfPom -->
  <testcase classname="amazonTestNGPackage.VerifyProductRating" name="@BeforeMethod Signup" time="-1.714800222186E9">
    <skipped/>
  </testcase> <!-- @BeforeMethod Signup -->
  <testcase classname="amazonTestNGPackage.VerifyTotalAmountIsDisplyedToUser" name="@BeforeMethod Signup" time="-1.714800222186E9">
    <skipped/>
  </testcase> <!-- @BeforeMethod Signup -->
  <testcase classname="amazonTestNGPackage.VerifyIncreaseInQuantityNumberOnAddingSameItem" name="@AfterMethod CaptureScreenshotofFailedTest" time="-1.714800222187E9">
    <skipped/>
  </testcase> <!-- @AfterMethod CaptureScreenshotofFailedTest -->
  <testcase classname="amazonTestNGPackage.VerifyIncreaseInQuantityNumberOnAddingSameItem" name="@AfterClass afterclass" time="-1.714800222189E9">
    <skipped/>
  </testcase> <!-- @AfterClass afterclass -->
  <testcase classname="amazonTestNGPackage.VerifyTotalAmountIsDisplyedToUser" name="@AfterMethod CaptureScreenshotofFailedTest" time="-1.714800222189E9">
    <skipped/>
  </testcase> <!-- @AfterMethod CaptureScreenshotofFailedTest -->
  <testcase classname="amazonTestNGPackage.VerifyProductRating" name="@AfterMethod CaptureScreenshotofFailedTest" time="-1.714800222198E9">
    <skipped/>
  </testcase> <!-- @AfterMethod CaptureScreenshotofFailedTest -->
  <testcase classname="amazonTestNGPackage.VerifyTotalAmountIsDisplyedToUser" name="@AfterClass afterclass" time="-1.714800222199E9">
    <skipped/>
  </testcase> <!-- @AfterClass afterclass -->
  <testcase classname="amazonTestNGPackage.VerifyElementsPresentOnScreen" name="@BeforeClass InitilisationOfPom" time="-1.714800222199E9">
    <skipped/>
  </testcase> <!-- @BeforeClass InitilisationOfPom -->
  <testcase classname="amazonTestNGPackage.VerifyRemoveElementAddedInCart" name="@BeforeClass InitilisationOfPom" time="-1.714800222199E9">
    <skipped/>
  </testcase> <!-- @BeforeClass InitilisationOfPom -->
  <testcase classname="amazonTestNGPackage.VerifyProductRating" name="@AfterClass afterclass" time="-1.714800222199E9">
    <skipped/>
  </testcase> <!-- @AfterClass afterclass -->
  <testcase classname="amazonTestNGPackage.VerifyRemoveElementAddedInCart" name="@BeforeMethod Signup" time="-1.714800222199E9">
    <skipped/>
  </testcase> <!-- @BeforeMethod Signup -->
  <testcase classname="amazonTestNGPackage.VerifyAddToCartScenario" name="@BeforeClass InitilisationOfPom" time="-1.714800222199E9">
    <skipped/>
  </testcase> <!-- @BeforeClass InitilisationOfPom -->
  <testcase classname="amazonTestNGPackage.VerifyElementsPresentOnScreen" name="@BeforeMethod Signup" time="-1.714800222199E9">
    <skipped/>
  </testcase> <!-- @BeforeMethod Signup -->
  <testcase classname="amazonTestNGPackage.VerifyAddToCartScenario" name="@BeforeMethod Signup" time="-1.714800222199E9">
    <skipped/>
  </testcase> <!-- @BeforeMethod Signup -->
  <testcase classname="amazonTestNGPackage.VerifyRemoveElementAddedInCart" name="@AfterMethod CaptureScreenshotofFailedTest" time="-1.714800222214E9">
    <skipped/>
  </testcase> <!-- @AfterMethod CaptureScreenshotofFailedTest -->
  <testcase classname="amazonTestNGPackage.VerifyElementsPresentOnScreen" name="@AfterMethod CaptureScreenshotofFailedTest" time="-1.714800222214E9">
    <skipped/>
  </testcase> <!-- @AfterMethod CaptureScreenshotofFailedTest -->
  <testcase classname="amazonTestNGPackage.VerifyRemoveElementAddedInCart" name="@AfterClass afterclass" time="-1.714800222214E9">
    <skipped/>
  </testcase> <!-- @AfterClass afterclass -->
  <testcase classname="amazonTestNGPackage.VerifyAddToCartScenario" name="@AfterMethod CaptureScreenshotofFailedTest" time="-1.714800222214E9">
    <skipped/>
  </testcase> <!-- @AfterMethod CaptureScreenshotofFailedTest -->
  <testcase classname="amazonTestNGPackage.VerifyElementsPresentOnScreen" name="@AfterClass afterclass" time="-1.71480022223E9">
    <skipped/>
  </testcase> <!-- @AfterClass afterclass -->
  <testcase classname="amazonTestNGPackage.VerifyAddToCartScenario" name="@AfterClass afterclass" time="-1.71480022223E9">
    <skipped/>
  </testcase> <!-- @AfterClass afterclass -->
  <testcase classname="amazonTestNGPackage.VerifyAccountsAndLists" name="@AfterTest closeBrowser" time="-1.71480022223E9">
    <skipped/>
  </testcase> <!-- @AfterTest closeBrowser -->
  <testcase classname="amazonTestNGPackage.VerifyAddToCartScenario" name="@AfterTest closeBrowser" time="-1.71480022223E9">
    <skipped/>
  </testcase> <!-- @AfterTest closeBrowser -->
  <testcase classname="amazonTestNGPackage.VerifyElementsPresentOnScreen" name="@AfterTest closeBrowser" time="-1.71480022223E9">
    <skipped/>
  </testcase> <!-- @AfterTest closeBrowser -->
  <testcase classname="amazonTestNGPackage.VerifyIncreaseInQuantityNumberOnAddingSameItem" name="@AfterTest closeBrowser" time="-1.71480022223E9">
    <skipped/>
  </testcase> <!-- @AfterTest closeBrowser -->
  <testcase classname="amazonTestNGPackage.VerifyProductRating" name="@AfterTest closeBrowser" time="-1.71480022223E9">
    <skipped/>
  </testcase> <!-- @AfterTest closeBrowser -->
  <testcase classname="amazonTestNGPackage.VerifyRemoveElementAddedInCart" name="@AfterTest closeBrowser" time="-1.714800222246E9">
    <skipped/>
  </testcase> <!-- @AfterTest closeBrowser -->
  <testcase classname="amazonTestNGPackage.VerifyScrollingDownActionForShareButton" name="@AfterTest closeBrowser" time="-1.714800222246E9">
    <skipped/>
  </testcase> <!-- @AfterTest closeBrowser -->
  <testcase classname="amazonTestNGPackage.VerifyTotalAmountIsDisplyedToUser" name="@AfterTest closeBrowser" time="-1.714800222246E9">
    <skipped/>
  </testcase> <!-- @AfterTest closeBrowser -->
  <testcase classname="testclasses.TestNGTest" name="test" time="0.0">
    <skipped/>
  </testcase> <!-- test -->
  <testcase classname="amazonTestNGPackage.VerifyAccountsAndLists" name="clickAccountsAndLists" time="0.0">
    <skipped/>
  </testcase> <!-- clickAccountsAndLists -->
  <testcase classname="amazonTestNGPackage.VerifyScrollingDownActionForShareButton" name="clickAccountsAndLists" time="0.0">
    <skipped/>
  </testcase> <!-- clickAccountsAndLists -->
  <testcase classname="amazonTestNGPackage.VerifyIncreaseInQuantityNumberOnAddingSameItem" name="verification" time="0.0">
    <skipped/>
  </testcase> <!-- verification -->
  <testcase classname="amazonTestNGPackage.VerifyTotalAmountIsDisplyedToUser" name="verifyTotalAmountDisplayed" time="0.0">
    <skipped/>
  </testcase> <!-- verifyTotalAmountDisplayed -->
  <testcase classname="amazonTestNGPackage.VerifyProductRating" name="checkAutoSuggestion" time="0.0">
    <skipped/>
  </testcase> <!-- checkAutoSuggestion -->
  <testcase classname="amazonTestNGPackage.VerifyRemoveElementAddedInCart" name="methods" time="0.0">
    <skipped/>
  </testcase> <!-- methods -->
  <testcase classname="amazonTestNGPackage.VerifyElementsPresentOnScreen" name="checkAutoSuggestion" time="0.0">
    <skipped/>
  </testcase> <!-- checkAutoSuggestion -->
  <testcase classname="amazonTestNGPackage.VerifyAddToCartScenario" name="verifyAddToCart" time="0.0">
    <skipped/>
  </testcase> <!-- verifyAddToCart -->
</testsuite> <!-- Firefox Test -->
