<?xml version="1.0" encoding="UTF-8"?>
<!-- Generated by org.testng.reporters.JUnitXMLReporter -->
<testsuite ignored="0" hostname="DESKTOP-FSSQCH0" failures="0" tests="9" name="Test" time="0.105" errors="0" timestamp="2024-04-28T12:53:12 IST">
  <testcase classname="amazonTestNGPackage.VerifyAccountsAndLists" name="@BeforeTest launchBrowser" time="-1.714288992426E9">
    <failure type="org.testng.TestNGException" message="
Parameter &amp;apos;browser&amp;apos; is required by BeforeTest on method launchBrowser but has not been marked @Optional or defined
in C:\Users\Admin\eclipse-workspace\Amazon_Functional_Testing\Amazon_RegressionSuit.xml">
      <![CDATA[org.testng.TestNGException: 
Parameter 'browser' is required by BeforeTest on method launchBrowser but has not been marked @Optional or defined
in C:\Users\Admin\eclipse-workspace\Amazon_Functional_Testing\Amazon_RegressionSuit.xml
... Removed 21 stack frames]]>
    </failure>
  </testcase> <!-- @BeforeTest launchBrowser -->
  <testcase classname="amazonTestNGPackage.VerifyAddToCartScenario" name="@BeforeTest launchBrowser" time="-1.71428899244E9">
    <skipped/>
  </testcase> <!-- @BeforeTest launchBrowser -->
  <testcase classname="amazonTestNGPackage.VerifyElementsPresentOnScreen" name="@BeforeTest launchBrowser" time="-1.714288992443E9">
    <skipped/>
  </testcase> <!-- @BeforeTest launchBrowser -->
  <testcase classname="amazonTestNGPackage.VerifyIncreaseInQuantityNumberOnAddingSameItem" name="@BeforeTest launchBrowser" time="-1.714288992444E9">
    <skipped/>
  </testcase> <!-- @BeforeTest launchBrowser -->
  <testcase classname="amazonTestNGPackage.VerifyProductRating" name="@BeforeTest launchBrowser" time="-1.714288992445E9">
    <skipped/>
  </testcase> <!-- @BeforeTest launchBrowser -->
  <testcase classname="amazonTestNGPackage.VerifyRemoveElementAddedInCart" name="@BeforeTest launchBrowser" time="-1.714288992446E9">
    <skipped/>
  </testcase> <!-- @BeforeTest launchBrowser -->
  <testcase classname="amazonTestNGPackage.VerifyScrollingDownActionForShareButton" name="@BeforeTest launchBrowser" time="-1.714288992446E9">
    <skipped/>
  </testcase> <!-- @BeforeTest launchBrowser -->
  <testcase classname="amazonTestNGPackage.VerifyTotalAmountIsDisplyedToUser" name="@BeforeTest launchBrowser" time="-1.714288992447E9">
    <skipped/>
  </testcase> <!-- @BeforeTest launchBrowser -->
  <testcase classname="amazonTestNGPackage.VerifyRemoveElementAddedInCart" name="@BeforeClass InitilisationOfPom" time="-1.714288992465E9">
    <skipped/>
  </testcase> <!-- @BeforeClass InitilisationOfPom -->
  <testcase classname="amazonTestNGPackage.VerifyRemoveElementAddedInCart" name="@BeforeMethod Signup" time="-1.714288992475E9">
    <skipped/>
  </testcase> <!-- @BeforeMethod Signup -->
  <testcase classname="amazonTestNGPackage.VerifyRemoveElementAddedInCart" name="@AfterMethod CaptureScreenshotofFailedTest" time="-1.71428899248E9">
    <skipped/>
  </testcase> <!-- @AfterMethod CaptureScreenshotofFailedTest -->
  <testcase classname="amazonTestNGPackage.VerifyRemoveElementAddedInCart" name="@AfterClass afterclass" time="-1.714288992482E9">
    <skipped/>
  </testcase> <!-- @AfterClass afterclass -->
  <testcase classname="amazonTestNGPackage.VerifyElementsPresentOnScreen" name="@BeforeClass InitilisationOfPom" time="-1.714288992484E9">
    <skipped/>
  </testcase> <!-- @BeforeClass InitilisationOfPom -->
  <testcase classname="amazonTestNGPackage.VerifyElementsPresentOnScreen" name="@BeforeMethod Signup" time="-1.714288992485E9">
    <skipped/>
  </testcase> <!-- @BeforeMethod Signup -->
  <testcase classname="amazonTestNGPackage.VerifyElementsPresentOnScreen" name="@AfterMethod CaptureScreenshotofFailedTest" time="-1.714288992487E9">
    <skipped/>
  </testcase> <!-- @AfterMethod CaptureScreenshotofFailedTest -->
  <testcase classname="amazonTestNGPackage.VerifyElementsPresentOnScreen" name="@AfterClass afterclass" time="-1.714288992488E9">
    <skipped/>
  </testcase> <!-- @AfterClass afterclass -->
  <testcase classname="amazonTestNGPackage.VerifyScrollingDownActionForShareButton" name="@BeforeClass InitilisationOfPom" time="-1.714288992489E9">
    <skipped/>
  </testcase> <!-- @BeforeClass InitilisationOfPom -->
  <testcase classname="amazonTestNGPackage.VerifyScrollingDownActionForShareButton" name="@BeforeMethod Signup" time="-1.71428899249E9">
    <skipped/>
  </testcase> <!-- @BeforeMethod Signup -->
  <testcase classname="amazonTestNGPackage.VerifyScrollingDownActionForShareButton" name="@AfterMethod CaptureScreenshotofFailedTest" time="-1.714288992493E9">
    <skipped/>
  </testcase> <!-- @AfterMethod CaptureScreenshotofFailedTest -->
  <testcase classname="amazonTestNGPackage.VerifyScrollingDownActionForShareButton" name="@AfterClass afterclass" time="-1.714288992493E9">
    <skipped/>
  </testcase> <!-- @AfterClass afterclass -->
  <testcase classname="amazonTestNGPackage.VerifyTotalAmountIsDisplyedToUser" name="@BeforeClass InitilisationOfPom" time="-1.714288992494E9">
    <skipped/>
  </testcase> <!-- @BeforeClass InitilisationOfPom -->
  <testcase classname="amazonTestNGPackage.VerifyTotalAmountIsDisplyedToUser" name="@BeforeMethod Signup" time="-1.714288992494E9">
    <skipped/>
  </testcase> <!-- @BeforeMethod Signup -->
  <testcase classname="amazonTestNGPackage.VerifyTotalAmountIsDisplyedToUser" name="@AfterMethod CaptureScreenshotofFailedTest" time="-1.714288992496E9">
    <skipped/>
  </testcase> <!-- @AfterMethod CaptureScreenshotofFailedTest -->
  <testcase classname="amazonTestNGPackage.VerifyTotalAmountIsDisplyedToUser" name="@AfterClass afterclass" time="-1.714288992497E9">
    <skipped/>
  </testcase> <!-- @AfterClass afterclass -->
  <testcase classname="amazonTestNGPackage.VerifyAddToCartScenario" name="@BeforeClass InitilisationOfPom" time="-1.714288992498E9">
    <skipped/>
  </testcase> <!-- @BeforeClass InitilisationOfPom -->
  <testcase classname="amazonTestNGPackage.VerifyAddToCartScenario" name="@BeforeMethod Signup" time="-1.714288992499E9">
    <skipped/>
  </testcase> <!-- @BeforeMethod Signup -->
  <testcase classname="amazonTestNGPackage.VerifyAddToCartScenario" name="@AfterMethod CaptureScreenshotofFailedTest" time="-1.714288992501E9">
    <skipped/>
  </testcase> <!-- @AfterMethod CaptureScreenshotofFailedTest -->
  <testcase classname="amazonTestNGPackage.VerifyAddToCartScenario" name="@AfterClass afterclass" time="-1.714288992503E9">
    <skipped/>
  </testcase> <!-- @AfterClass afterclass -->
  <testcase classname="amazonTestNGPackage.VerifyProductRating" name="@BeforeClass InitilisationOfPom" time="-1.714288992504E9">
    <skipped/>
  </testcase> <!-- @BeforeClass InitilisationOfPom -->
  <testcase classname="amazonTestNGPackage.VerifyProductRating" name="@BeforeMethod Signup" time="-1.714288992504E9">
    <skipped/>
  </testcase> <!-- @BeforeMethod Signup -->
  <testcase classname="amazonTestNGPackage.VerifyProductRating" name="@AfterMethod CaptureScreenshotofFailedTest" time="-1.714288992506E9">
    <skipped/>
  </testcase> <!-- @AfterMethod CaptureScreenshotofFailedTest -->
  <testcase classname="amazonTestNGPackage.VerifyProductRating" name="@AfterClass afterclass" time="-1.714288992507E9">
    <skipped/>
  </testcase> <!-- @AfterClass afterclass -->
  <testcase classname="amazonTestNGPackage.VerifyAccountsAndLists" name="@BeforeClass InitilisationOfPom" time="-1.714288992507E9">
    <skipped/>
  </testcase> <!-- @BeforeClass InitilisationOfPom -->
  <testcase classname="amazonTestNGPackage.VerifyAccountsAndLists" name="@BeforeMethod Signup" time="-1.714288992508E9">
    <skipped/>
  </testcase> <!-- @BeforeMethod Signup -->
  <testcase classname="amazonTestNGPackage.VerifyAccountsAndLists" name="@AfterMethod CaptureScreenshotofFailedTest" time="-1.714288992511E9">
    <skipped/>
  </testcase> <!-- @AfterMethod CaptureScreenshotofFailedTest -->
  <testcase classname="amazonTestNGPackage.VerifyAccountsAndLists" name="@AfterClass afterclass" time="-1.714288992512E9">
    <skipped/>
  </testcase> <!-- @AfterClass afterclass -->
  <testcase classname="testclasses.TestNGTest" name="@BeforeClass beforeClass" time="-1.714288992513E9">
    <skipped/>
  </testcase> <!-- @BeforeClass beforeClass -->
  <testcase classname="testclasses.TestNGTest" name="@BeforeMethod beforeMethod" time="-1.714288992514E9">
    <skipped/>
  </testcase> <!-- @BeforeMethod beforeMethod -->
  <testcase classname="testclasses.TestNGTest" name="@AfterMethod afterMethod" time="-1.714288992517E9">
    <skipped/>
  </testcase> <!-- @AfterMethod afterMethod -->
  <testcase classname="testclasses.TestNGTest" name="@AfterClass afterClass" time="-1.714288992518E9">
    <skipped/>
  </testcase> <!-- @AfterClass afterClass -->
  <testcase classname="amazonTestNGPackage.VerifyIncreaseInQuantityNumberOnAddingSameItem" name="@BeforeClass InitilisationOfPom" time="-1.714288992519E9">
    <skipped/>
  </testcase> <!-- @BeforeClass InitilisationOfPom -->
  <testcase classname="amazonTestNGPackage.VerifyIncreaseInQuantityNumberOnAddingSameItem" name="@BeforeMethod Signup" time="-1.71428899252E9">
    <skipped/>
  </testcase> <!-- @BeforeMethod Signup -->
  <testcase classname="amazonTestNGPackage.VerifyIncreaseInQuantityNumberOnAddingSameItem" name="@AfterMethod CaptureScreenshotofFailedTest" time="-1.714288992522E9">
    <skipped/>
  </testcase> <!-- @AfterMethod CaptureScreenshotofFailedTest -->
  <testcase classname="amazonTestNGPackage.VerifyIncreaseInQuantityNumberOnAddingSameItem" name="@AfterClass afterclass" time="-1.714288992523E9">
    <skipped/>
  </testcase> <!-- @AfterClass afterclass -->
  <testcase classname="amazonTestNGPackage.VerifyAccountsAndLists" name="@AfterTest closeBrowser" time="-1.714288992523E9">
    <skipped/>
  </testcase> <!-- @AfterTest closeBrowser -->
  <testcase classname="amazonTestNGPackage.VerifyAddToCartScenario" name="@AfterTest closeBrowser" time="-1.714288992523E9">
    <skipped/>
  </testcase> <!-- @AfterTest closeBrowser -->
  <testcase classname="amazonTestNGPackage.VerifyElementsPresentOnScreen" name="@AfterTest closeBrowser" time="-1.714288992524E9">
    <skipped/>
  </testcase> <!-- @AfterTest closeBrowser -->
  <testcase classname="amazonTestNGPackage.VerifyIncreaseInQuantityNumberOnAddingSameItem" name="@AfterTest closeBrowser" time="-1.714288992525E9">
    <skipped/>
  </testcase> <!-- @AfterTest closeBrowser -->
  <testcase classname="amazonTestNGPackage.VerifyProductRating" name="@AfterTest closeBrowser" time="-1.714288992525E9">
    <skipped/>
  </testcase> <!-- @AfterTest closeBrowser -->
  <testcase classname="amazonTestNGPackage.VerifyRemoveElementAddedInCart" name="@AfterTest closeBrowser" time="-1.714288992525E9">
    <skipped/>
  </testcase> <!-- @AfterTest closeBrowser -->
  <testcase classname="amazonTestNGPackage.VerifyScrollingDownActionForShareButton" name="@AfterTest closeBrowser" time="-1.714288992526E9">
    <skipped/>
  </testcase> <!-- @AfterTest closeBrowser -->
  <testcase classname="amazonTestNGPackage.VerifyTotalAmountIsDisplyedToUser" name="@AfterTest closeBrowser" time="-1.714288992526E9">
    <skipped/>
  </testcase> <!-- @AfterTest closeBrowser -->
  <testcase classname="amazonTestNGPackage.VerifyRemoveElementAddedInCart" name="methods" time="0.0">
    <skipped/>
  </testcase> <!-- methods -->
  <testcase classname="amazonTestNGPackage.VerifyElementsPresentOnScreen" name="checkAutoSuggestion" time="0.0">
    <skipped/>
  </testcase> <!-- checkAutoSuggestion -->
  <testcase classname="amazonTestNGPackage.VerifyScrollingDownActionForShareButton" name="clickAccountsAndLists" time="0.0">
    <skipped/>
  </testcase> <!-- clickAccountsAndLists -->
  <testcase classname="amazonTestNGPackage.VerifyTotalAmountIsDisplyedToUser" name="verifyTotalAmountDisplayed" time="0.0">
    <skipped/>
  </testcase> <!-- verifyTotalAmountDisplayed -->
  <testcase classname="amazonTestNGPackage.VerifyAddToCartScenario" name="verifyAddToCart" time="0.0">
    <skipped/>
  </testcase> <!-- verifyAddToCart -->
  <testcase classname="amazonTestNGPackage.VerifyProductRating" name="checkAutoSuggestion" time="0.0">
    <skipped/>
  </testcase> <!-- checkAutoSuggestion -->
  <testcase classname="amazonTestNGPackage.VerifyAccountsAndLists" name="clickAccountsAndLists" time="0.001">
    <skipped/>
  </testcase> <!-- clickAccountsAndLists -->
  <testcase classname="testclasses.TestNGTest" name="test" time="0.0">
    <skipped/>
  </testcase> <!-- test -->
  <testcase classname="amazonTestNGPackage.VerifyIncreaseInQuantityNumberOnAddingSameItem" name="verification" time="0.0">
    <skipped/>
  </testcase> <!-- verification -->
</testsuite> <!-- Test -->
