<html>
<head>
<title>TestNG:  Test</title>
<link href="../testng.css" rel="stylesheet" type="text/css" />
<link href="../my-testng.css" rel="stylesheet" type="text/css" />

<style type="text/css">
.log { display: none;} 
.stack-trace { display: none;} 
</style>
<script type="text/javascript">
<!--
function flip(e) {
  current = e.style.display;
  if (current == 'block') {
    e.style.display = 'none';
    return 0;
  }
  else {
    e.style.display = 'block';
    return 1;
  }
}

function toggleBox(szDivId, elem, msg1, msg2)
{
  var res = -1;  if (document.getElementById) {
    res = flip(document.getElementById(szDivId));
  }
  else if (document.all) {
    // this is the way old msie versions work
    res = flip(document.all[szDivId]);
  }
  if(elem) {
    if(res == 0) elem.innerHTML = msg1; else elem.innerHTML = msg2;
  }

}

function toggleAllBoxes() {
  if (document.getElementsByTagName) {
    d = document.getElementsByTagName('div');
    for (i = 0; i < d.length; i++) {
      if (d[i].className == 'log') {
        flip(d[i]);
      }
    }
  }
}

// -->
</script>

</head>
<body>
<h2 align='center'>Test</h2><table border='1' align="center">
<tr>
<td>Tests passed/Failed/Skipped:</td><td>0/0/9</td>
</tr><tr>
<td>Started on:</td><td>Sun Apr 28 12:53:12 IST 2024</td>
</tr>
<tr><td>Total time:</td><td>0 seconds (105 ms)</td>
</tr><tr>
<td>Included groups:</td><td></td>
</tr><tr>
<td>Excluded groups:</td><td></td>
</tr>
</table><p/>
<small><i>(Hover the method name to see the test class name)</i></small><p/>
<table width='100%' border='1' class='invocation-failed'>
<tr><td colspan='4' align='center'><b>FAILED CONFIGURATIONS</b></td></tr>
<tr><td><b>Test method</b></td>
<td width="30%"><b>Exception</b></td>
<td width="10%"><b>Time (seconds)</b></td>
<td><b>Instance</b></td>
</tr>
<tr>
<td title='amazonTestNGPackage.VerifyAccountsAndLists.launchBrowser()'><b>launchBrowser</b><br>Test class: amazonTestNGPackage.VerifyAccountsAndLists</td>
<td><div><pre>org.testng.TestNGException: 
Parameter &apos;browser&apos; is required by BeforeTest on method launchBrowser but has not been marked @Optional or defined
in C:\Users\Admin\eclipse-workspace\Amazon_Functional_Testing\Amazon_RegressionSuit.xml
... Removed 21 stack frames</pre></div><a href='#' onClick='toggleBox("stack-trace20049680", this, "Click to show all stack frames", "Click to hide stack frames")'>Click to show all stack frames</a>
<div class='stack-trace' id='stack-trace20049680'><pre>org.testng.TestNGException: 
Parameter &apos;browser&apos; is required by BeforeTest on method launchBrowser but has not been marked @Optional or defined
in C:\Users\Admin\eclipse-workspace\Amazon_Functional_Testing\Amazon_RegressionSuit.xml
	at org.testng.internal.Parameters.createParams(Parameters.java:270)
	at org.testng.internal.Parameters.createParametersForMethod(Parameters.java:358)
	at org.testng.internal.Parameters.createParameters(Parameters.java:700)
	at org.testng.internal.Parameters.createConfigurationParameters(Parameters.java:168)
	at org.testng.internal.ConfigInvoker.invokeConfigurations(ConfigInvoker.java:302)
	at org.testng.TestRunner.invokeTestConfigurations(TestRunner.java:637)
	at org.testng.TestRunner.beforeRun(TestRunner.java:627)
	at org.testng.TestRunner.run(TestRunner.java:589)
	at org.testng.SuiteRunner.runTest(SuiteRunner.java:377)
	at org.testng.SuiteRunner.runSequentially(SuiteRunner.java:371)
	at org.testng.SuiteRunner.privateRun(SuiteRunner.java:332)
	at org.testng.SuiteRunner.run(SuiteRunner.java:276)
	at org.testng.SuiteRunnerWorker.runSuite(SuiteRunnerWorker.java:53)
	at org.testng.SuiteRunnerWorker.run(SuiteRunnerWorker.java:96)
	at org.testng.TestNG.runSuitesSequentially(TestNG.java:1212)
	at org.testng.TestNG.runSuitesLocally(TestNG.java:1134)
	at org.testng.TestNG.runSuites(TestNG.java:1063)
	at org.testng.TestNG.run(TestNG.java:1031)
	at org.testng.remote.AbstractRemoteTestNG.run(AbstractRemoteTestNG.java:115)
	at org.testng.remote.RemoteTestNG.initAndRun(RemoteTestNG.java:293)
	at org.testng.remote.RemoteTestNG.main(RemoteTestNG.java:91)
</pre></div></td>
<td>-1714288992</td>
<td>amazonTestNGPackage.VerifyAccountsAndLists@74235045</td></tr>
</table><p>
<table width='100%' border='1' class='invocation-skipped'>
<tr><td colspan='4' align='center'><b>SKIPPED CONFIGURATIONS</b></td></tr>
<tr><td><b>Test method</b></td>
<td width="30%"><b>Exception</b></td>
<td width="10%"><b>Time (seconds)</b></td>
<td><b>Instance</b></td>
</tr>
<tr>
<td title='amazonTestNGPackage.VerifyAccountsAndLists.closeBrowser()'><b>closeBrowser</b><br>Test class: amazonTestNGPackage.VerifyAccountsAndLists</td>
<td></td>
<td>-1714288992</td>
<td>amazonTestNGPackage.VerifyAccountsAndLists@74235045</td></tr>
<tr>
<td title='amazonTestNGPackage.VerifyRemoveElementAddedInCart.InitilisationOfPom()'><b>InitilisationOfPom</b><br>Test class: amazonTestNGPackage.VerifyRemoveElementAddedInCart</td>
<td></td>
<td>-1714288992</td>
<td>amazonTestNGPackage.VerifyRemoveElementAddedInCart@59474f18</td></tr>
<tr>
<td title='amazonTestNGPackage.VerifyScrollingDownActionForShareButton.afterclass()'><b>afterclass</b><br>Test class: amazonTestNGPackage.VerifyScrollingDownActionForShareButton</td>
<td></td>
<td>-1714288992</td>
<td>amazonTestNGPackage.VerifyScrollingDownActionForShareButton@639c2c1d</td></tr>
<tr>
<td title='amazonTestNGPackage.VerifyRemoveElementAddedInCart.launchBrowser()'><b>launchBrowser</b><br>Test class: amazonTestNGPackage.VerifyRemoveElementAddedInCart</td>
<td></td>
<td>-1714288992</td>
<td>amazonTestNGPackage.VerifyRemoveElementAddedInCart@59474f18</td></tr>
<tr>
<td title='amazonTestNGPackage.VerifyRemoveElementAddedInCart.closeBrowser()'><b>closeBrowser</b><br>Test class: amazonTestNGPackage.VerifyRemoveElementAddedInCart</td>
<td></td>
<td>-1714288992</td>
<td>amazonTestNGPackage.VerifyRemoveElementAddedInCart@59474f18</td></tr>
<tr>
<td title='testclasses.TestNGTest.afterClass()'><b>afterClass</b><br>Test class: testclasses.TestNGTest</td>
<td></td>
<td>-1714288992</td>
<td>testclasses.TestNGTest@618b19ad</td></tr>
<tr>
<td title='amazonTestNGPackage.VerifyAccountsAndLists.InitilisationOfPom()'><b>InitilisationOfPom</b><br>Test class: amazonTestNGPackage.VerifyAccountsAndLists</td>
<td></td>
<td>-1714288992</td>
<td>amazonTestNGPackage.VerifyAccountsAndLists@74235045</td></tr>
<tr>
<td title='amazonTestNGPackage.VerifyElementsPresentOnScreen.CaptureScreenshotofFailedTest()'><b>CaptureScreenshotofFailedTest</b><br>Test class: amazonTestNGPackage.VerifyElementsPresentOnScreen</td>
<td></td>
<td>-1714288992</td>
<td>amazonTestNGPackage.VerifyElementsPresentOnScreen@515c6049</td></tr>
<tr>
<td title='amazonTestNGPackage.VerifyElementsPresentOnScreen.InitilisationOfPom()'><b>InitilisationOfPom</b><br>Test class: amazonTestNGPackage.VerifyElementsPresentOnScreen</td>
<td></td>
<td>-1714288992</td>
<td>amazonTestNGPackage.VerifyElementsPresentOnScreen@515c6049</td></tr>
<tr>
<td title='amazonTestNGPackage.VerifyTotalAmountIsDisplyedToUser.afterclass()'><b>afterclass</b><br>Test class: amazonTestNGPackage.VerifyTotalAmountIsDisplyedToUser</td>
<td></td>
<td>-1714288992</td>
<td>amazonTestNGPackage.VerifyTotalAmountIsDisplyedToUser@5fe94a96</td></tr>
<tr>
<td title='testclasses.TestNGTest.afterMethod()'><b>afterMethod</b><br>Test class: testclasses.TestNGTest</td>
<td></td>
<td>-1714288992</td>
<td>testclasses.TestNGTest@618b19ad</td></tr>
<tr>
<td title='amazonTestNGPackage.VerifyIncreaseInQuantityNumberOnAddingSameItem.launchBrowser()'><b>launchBrowser</b><br>Test class: amazonTestNGPackage.VerifyIncreaseInQuantityNumberOnAddingSameItem</td>
<td></td>
<td>-1714288992</td>
<td>amazonTestNGPackage.VerifyIncreaseInQuantityNumberOnAddingSameItem@2d3379b4</td></tr>
<tr>
<td title='amazonTestNGPackage.VerifyRemoveElementAddedInCart.CaptureScreenshotofFailedTest()'><b>CaptureScreenshotofFailedTest</b><br>Test class: amazonTestNGPackage.VerifyRemoveElementAddedInCart</td>
<td></td>
<td>-1714288992</td>
<td>amazonTestNGPackage.VerifyRemoveElementAddedInCart@59474f18</td></tr>
<tr>
<td title='amazonTestNGPackage.VerifyAddToCartScenario.CaptureScreenshotofFailedTest()'><b>CaptureScreenshotofFailedTest</b><br>Test class: amazonTestNGPackage.VerifyAddToCartScenario</td>
<td></td>
<td>-1714288992</td>
<td>amazonTestNGPackage.VerifyAddToCartScenario@443118b0</td></tr>
<tr>
<td title='amazonTestNGPackage.VerifyTotalAmountIsDisplyedToUser.launchBrowser()'><b>launchBrowser</b><br>Test class: amazonTestNGPackage.VerifyTotalAmountIsDisplyedToUser</td>
<td></td>
<td>-1714288992</td>
<td>amazonTestNGPackage.VerifyTotalAmountIsDisplyedToUser@5fe94a96</td></tr>
<tr>
<td title='amazonTestNGPackage.VerifyIncreaseInQuantityNumberOnAddingSameItem.afterclass()'><b>afterclass</b><br>Test class: amazonTestNGPackage.VerifyIncreaseInQuantityNumberOnAddingSameItem</td>
<td></td>
<td>-1714288992</td>
<td>amazonTestNGPackage.VerifyIncreaseInQuantityNumberOnAddingSameItem@2d3379b4</td></tr>
<tr>
<td title='amazonTestNGPackage.VerifyAddToCartScenario.InitilisationOfPom()'><b>InitilisationOfPom</b><br>Test class: amazonTestNGPackage.VerifyAddToCartScenario</td>
<td></td>
<td>-1714288992</td>
<td>amazonTestNGPackage.VerifyAddToCartScenario@443118b0</td></tr>
<tr>
<td title='testclasses.TestNGTest.beforeMethod()'><b>beforeMethod</b><br>Test class: testclasses.TestNGTest</td>
<td></td>
<td>-1714288992</td>
<td>testclasses.TestNGTest@618b19ad</td></tr>
<tr>
<td title='amazonTestNGPackage.VerifyTotalAmountIsDisplyedToUser.Signup()'><b>Signup</b><br>Test class: amazonTestNGPackage.VerifyTotalAmountIsDisplyedToUser</td>
<td></td>
<td>-1714288992</td>
<td>amazonTestNGPackage.VerifyTotalAmountIsDisplyedToUser@5fe94a96</td></tr>
<tr>
<td title='amazonTestNGPackage.VerifyAccountsAndLists.Signup()'><b>Signup</b><br>Test class: amazonTestNGPackage.VerifyAccountsAndLists</td>
<td></td>
<td>-1714288992</td>
<td>amazonTestNGPackage.VerifyAccountsAndLists@74235045</td></tr>
<tr>
<td title='amazonTestNGPackage.VerifyScrollingDownActionForShareButton.InitilisationOfPom()'><b>InitilisationOfPom</b><br>Test class: amazonTestNGPackage.VerifyScrollingDownActionForShareButton</td>
<td></td>
<td>-1714288992</td>
<td>amazonTestNGPackage.VerifyScrollingDownActionForShareButton@639c2c1d</td></tr>
<tr>
<td title='amazonTestNGPackage.VerifyElementsPresentOnScreen.Signup()'><b>Signup</b><br>Test class: amazonTestNGPackage.VerifyElementsPresentOnScreen</td>
<td></td>
<td>-1714288992</td>
<td>amazonTestNGPackage.VerifyElementsPresentOnScreen@515c6049</td></tr>
<tr>
<td title='amazonTestNGPackage.VerifyScrollingDownActionForShareButton.CaptureScreenshotofFailedTest()'><b>CaptureScreenshotofFailedTest</b><br>Test class: amazonTestNGPackage.VerifyScrollingDownActionForShareButton</td>
<td></td>
<td>-1714288992</td>
<td>amazonTestNGPackage.VerifyScrollingDownActionForShareButton@639c2c1d</td></tr>
<tr>
<td title='amazonTestNGPackage.VerifyScrollingDownActionForShareButton.launchBrowser()'><b>launchBrowser</b><br>Test class: amazonTestNGPackage.VerifyScrollingDownActionForShareButton</td>
<td></td>
<td>-1714288992</td>
<td>amazonTestNGPackage.VerifyScrollingDownActionForShareButton@639c2c1d</td></tr>
<tr>
<td title='amazonTestNGPackage.VerifyElementsPresentOnScreen.closeBrowser()'><b>closeBrowser</b><br>Test class: amazonTestNGPackage.VerifyElementsPresentOnScreen</td>
<td></td>
<td>-1714288992</td>
<td>amazonTestNGPackage.VerifyElementsPresentOnScreen@515c6049</td></tr>
<tr>
<td title='amazonTestNGPackage.VerifyIncreaseInQuantityNumberOnAddingSameItem.InitilisationOfPom()'><b>InitilisationOfPom</b><br>Test class: amazonTestNGPackage.VerifyIncreaseInQuantityNumberOnAddingSameItem</td>
<td></td>
<td>-1714288992</td>
<td>amazonTestNGPackage.VerifyIncreaseInQuantityNumberOnAddingSameItem@2d3379b4</td></tr>
<tr>
<td title='amazonTestNGPackage.VerifyTotalAmountIsDisplyedToUser.InitilisationOfPom()'><b>InitilisationOfPom</b><br>Test class: amazonTestNGPackage.VerifyTotalAmountIsDisplyedToUser</td>
<td></td>
<td>-1714288992</td>
<td>amazonTestNGPackage.VerifyTotalAmountIsDisplyedToUser@5fe94a96</td></tr>
<tr>
<td title='amazonTestNGPackage.VerifyRemoveElementAddedInCart.Signup()'><b>Signup</b><br>Test class: amazonTestNGPackage.VerifyRemoveElementAddedInCart</td>
<td></td>
<td>-1714288992</td>
<td>amazonTestNGPackage.VerifyRemoveElementAddedInCart@59474f18</td></tr>
<tr>
<td title='amazonTestNGPackage.VerifyAccountsAndLists.CaptureScreenshotofFailedTest()'><b>CaptureScreenshotofFailedTest</b><br>Test class: amazonTestNGPackage.VerifyAccountsAndLists</td>
<td></td>
<td>-1714288992</td>
<td>amazonTestNGPackage.VerifyAccountsAndLists@74235045</td></tr>
<tr>
<td title='amazonTestNGPackage.VerifyScrollingDownActionForShareButton.closeBrowser()'><b>closeBrowser</b><br>Test class: amazonTestNGPackage.VerifyScrollingDownActionForShareButton</td>
<td></td>
<td>-1714288992</td>
<td>amazonTestNGPackage.VerifyScrollingDownActionForShareButton@639c2c1d</td></tr>
<tr>
<td title='amazonTestNGPackage.VerifyProductRating.afterclass()'><b>afterclass</b><br>Test class: amazonTestNGPackage.VerifyProductRating</td>
<td></td>
<td>-1714288992</td>
<td>amazonTestNGPackage.VerifyProductRating@765d7657</td></tr>
<tr>
<td title='amazonTestNGPackage.VerifyAddToCartScenario.closeBrowser()'><b>closeBrowser</b><br>Test class: amazonTestNGPackage.VerifyAddToCartScenario</td>
<td></td>
<td>-1714288992</td>
<td>amazonTestNGPackage.VerifyAddToCartScenario@443118b0</td></tr>
<tr>
<td title='amazonTestNGPackage.VerifyProductRating.Signup()'><b>Signup</b><br>Test class: amazonTestNGPackage.VerifyProductRating</td>
<td></td>
<td>-1714288992</td>
<td>amazonTestNGPackage.VerifyProductRating@765d7657</td></tr>
<tr>
<td title='amazonTestNGPackage.VerifyProductRating.CaptureScreenshotofFailedTest()'><b>CaptureScreenshotofFailedTest</b><br>Test class: amazonTestNGPackage.VerifyProductRating</td>
<td></td>
<td>-1714288992</td>
<td>amazonTestNGPackage.VerifyProductRating@765d7657</td></tr>
<tr>
<td title='amazonTestNGPackage.VerifyProductRating.closeBrowser()'><b>closeBrowser</b><br>Test class: amazonTestNGPackage.VerifyProductRating</td>
<td></td>
<td>-1714288992</td>
<td>amazonTestNGPackage.VerifyProductRating@765d7657</td></tr>
<tr>
<td title='amazonTestNGPackage.VerifyAddToCartScenario.Signup()'><b>Signup</b><br>Test class: amazonTestNGPackage.VerifyAddToCartScenario</td>
<td></td>
<td>-1714288992</td>
<td>amazonTestNGPackage.VerifyAddToCartScenario@443118b0</td></tr>
<tr>
<td title='testclasses.TestNGTest.beforeClass()'><b>beforeClass</b><br>Test class: testclasses.TestNGTest</td>
<td></td>
<td>-1714288992</td>
<td>testclasses.TestNGTest@618b19ad</td></tr>
<tr>
<td title='amazonTestNGPackage.VerifyIncreaseInQuantityNumberOnAddingSameItem.closeBrowser()'><b>closeBrowser</b><br>Test class: amazonTestNGPackage.VerifyIncreaseInQuantityNumberOnAddingSameItem</td>
<td></td>
<td>-1714288992</td>
<td>amazonTestNGPackage.VerifyIncreaseInQuantityNumberOnAddingSameItem@2d3379b4</td></tr>
<tr>
<td title='amazonTestNGPackage.VerifyIncreaseInQuantityNumberOnAddingSameItem.CaptureScreenshotofFailedTest()'><b>CaptureScreenshotofFailedTest</b><br>Test class: amazonTestNGPackage.VerifyIncreaseInQuantityNumberOnAddingSameItem</td>
<td></td>
<td>-1714288992</td>
<td>amazonTestNGPackage.VerifyIncreaseInQuantityNumberOnAddingSameItem@2d3379b4</td></tr>
<tr>
<td title='amazonTestNGPackage.VerifyElementsPresentOnScreen.launchBrowser()'><b>launchBrowser</b><br>Test class: amazonTestNGPackage.VerifyElementsPresentOnScreen</td>
<td></td>
<td>-1714288992</td>
<td>amazonTestNGPackage.VerifyElementsPresentOnScreen@515c6049</td></tr>
<tr>
<td title='amazonTestNGPackage.VerifyProductRating.InitilisationOfPom()'><b>InitilisationOfPom</b><br>Test class: amazonTestNGPackage.VerifyProductRating</td>
<td></td>
<td>-1714288992</td>
<td>amazonTestNGPackage.VerifyProductRating@765d7657</td></tr>
<tr>
<td title='amazonTestNGPackage.VerifyRemoveElementAddedInCart.afterclass()'><b>afterclass</b><br>Test class: amazonTestNGPackage.VerifyRemoveElementAddedInCart</td>
<td></td>
<td>-1714288992</td>
<td>amazonTestNGPackage.VerifyRemoveElementAddedInCart@59474f18</td></tr>
<tr>
<td title='amazonTestNGPackage.VerifyTotalAmountIsDisplyedToUser.CaptureScreenshotofFailedTest()'><b>CaptureScreenshotofFailedTest</b><br>Test class: amazonTestNGPackage.VerifyTotalAmountIsDisplyedToUser</td>
<td></td>
<td>-1714288992</td>
<td>amazonTestNGPackage.VerifyTotalAmountIsDisplyedToUser@5fe94a96</td></tr>
<tr>
<td title='amazonTestNGPackage.VerifyElementsPresentOnScreen.afterclass()'><b>afterclass</b><br>Test class: amazonTestNGPackage.VerifyElementsPresentOnScreen</td>
<td></td>
<td>-1714288992</td>
<td>amazonTestNGPackage.VerifyElementsPresentOnScreen@515c6049</td></tr>
<tr>
<td title='amazonTestNGPackage.VerifyAccountsAndLists.afterclass()'><b>afterclass</b><br>Test class: amazonTestNGPackage.VerifyAccountsAndLists</td>
<td></td>
<td>-1714288992</td>
<td>amazonTestNGPackage.VerifyAccountsAndLists@74235045</td></tr>
<tr>
<td title='amazonTestNGPackage.VerifyScrollingDownActionForShareButton.Signup()'><b>Signup</b><br>Test class: amazonTestNGPackage.VerifyScrollingDownActionForShareButton</td>
<td></td>
<td>-1714288992</td>
<td>amazonTestNGPackage.VerifyScrollingDownActionForShareButton@639c2c1d</td></tr>
<tr>
<td title='amazonTestNGPackage.VerifyIncreaseInQuantityNumberOnAddingSameItem.Signup()'><b>Signup</b><br>Test class: amazonTestNGPackage.VerifyIncreaseInQuantityNumberOnAddingSameItem</td>
<td></td>
<td>-1714288992</td>
<td>amazonTestNGPackage.VerifyIncreaseInQuantityNumberOnAddingSameItem@2d3379b4</td></tr>
<tr>
<td title='amazonTestNGPackage.VerifyProductRating.launchBrowser()'><b>launchBrowser</b><br>Test class: amazonTestNGPackage.VerifyProductRating</td>
<td></td>
<td>-1714288992</td>
<td>amazonTestNGPackage.VerifyProductRating@765d7657</td></tr>
<tr>
<td title='amazonTestNGPackage.VerifyAddToCartScenario.afterclass()'><b>afterclass</b><br>Test class: amazonTestNGPackage.VerifyAddToCartScenario</td>
<td></td>
<td>-1714288992</td>
<td>amazonTestNGPackage.VerifyAddToCartScenario@443118b0</td></tr>
<tr>
<td title='amazonTestNGPackage.VerifyTotalAmountIsDisplyedToUser.closeBrowser()'><b>closeBrowser</b><br>Test class: amazonTestNGPackage.VerifyTotalAmountIsDisplyedToUser</td>
<td></td>
<td>-1714288992</td>
<td>amazonTestNGPackage.VerifyTotalAmountIsDisplyedToUser@5fe94a96</td></tr>
<tr>
<td title='amazonTestNGPackage.VerifyAddToCartScenario.launchBrowser()'><b>launchBrowser</b><br>Test class: amazonTestNGPackage.VerifyAddToCartScenario</td>
<td></td>
<td>-1714288992</td>
<td>amazonTestNGPackage.VerifyAddToCartScenario@443118b0</td></tr>
</table><p>
<table width='100%' border='1' class='invocation-skipped'>
<tr><td colspan='4' align='center'><b>SKIPPED TESTS</b></td></tr>
<tr><td><b>Test method</b></td>
<td width="30%"><b>Exception</b></td>
<td width="10%"><b>Time (seconds)</b></td>
<td><b>Instance</b></td>
</tr>
<tr>
<td title='testclasses.TestNGTest.test()'><b>test</b><br>Test class: testclasses.TestNGTest</td>
<td><div><pre>org.testng.TestNGException: 
Parameter &apos;browser&apos; is required by BeforeTest on method launchBrowser but has not been marked @Optional or defined
in C:\Users\Admin\eclipse-workspace\Amazon_Functional_Testing\Amazon_RegressionSuit.xml
... Removed 21 stack frames</pre></div><a href='#' onClick='toggleBox("stack-trace1631086936", this, "Click to show all stack frames", "Click to hide stack frames")'>Click to show all stack frames</a>
<div class='stack-trace' id='stack-trace1631086936'><pre>org.testng.TestNGException: 
Parameter &apos;browser&apos; is required by BeforeTest on method launchBrowser but has not been marked @Optional or defined
in C:\Users\Admin\eclipse-workspace\Amazon_Functional_Testing\Amazon_RegressionSuit.xml
	at org.testng.internal.Parameters.createParams(Parameters.java:270)
	at org.testng.internal.Parameters.createParametersForMethod(Parameters.java:358)
	at org.testng.internal.Parameters.createParameters(Parameters.java:700)
	at org.testng.internal.Parameters.createConfigurationParameters(Parameters.java:168)
	at org.testng.internal.ConfigInvoker.invokeConfigurations(ConfigInvoker.java:302)
	at org.testng.TestRunner.invokeTestConfigurations(TestRunner.java:637)
	at org.testng.TestRunner.beforeRun(TestRunner.java:627)
	at org.testng.TestRunner.run(TestRunner.java:589)
	at org.testng.SuiteRunner.runTest(SuiteRunner.java:377)
	at org.testng.SuiteRunner.runSequentially(SuiteRunner.java:371)
	at org.testng.SuiteRunner.privateRun(SuiteRunner.java:332)
	at org.testng.SuiteRunner.run(SuiteRunner.java:276)
	at org.testng.SuiteRunnerWorker.runSuite(SuiteRunnerWorker.java:53)
	at org.testng.SuiteRunnerWorker.run(SuiteRunnerWorker.java:96)
	at org.testng.TestNG.runSuitesSequentially(TestNG.java:1212)
	at org.testng.TestNG.runSuitesLocally(TestNG.java:1134)
	at org.testng.TestNG.runSuites(TestNG.java:1063)
	at org.testng.TestNG.run(TestNG.java:1031)
	at org.testng.remote.AbstractRemoteTestNG.run(AbstractRemoteTestNG.java:115)
	at org.testng.remote.RemoteTestNG.initAndRun(RemoteTestNG.java:293)
	at org.testng.remote.RemoteTestNG.main(RemoteTestNG.java:91)
</pre></div></td>
<td>0</td>
<td>testclasses.TestNGTest@618b19ad</td></tr>
<tr>
<td title='amazonTestNGPackage.VerifyTotalAmountIsDisplyedToUser.verifyTotalAmountDisplayed()'><b>verifyTotalAmountDisplayed</b><br>Test class: amazonTestNGPackage.VerifyTotalAmountIsDisplyedToUser</td>
<td><div><pre>org.testng.TestNGException: 
Parameter &apos;browser&apos; is required by BeforeTest on method launchBrowser but has not been marked @Optional or defined
in C:\Users\Admin\eclipse-workspace\Amazon_Functional_Testing\Amazon_RegressionSuit.xml
... Removed 21 stack frames</pre></div><a href='#' onClick='toggleBox("stack-trace1437941060", this, "Click to show all stack frames", "Click to hide stack frames")'>Click to show all stack frames</a>
<div class='stack-trace' id='stack-trace1437941060'><pre>org.testng.TestNGException: 
Parameter &apos;browser&apos; is required by BeforeTest on method launchBrowser but has not been marked @Optional or defined
in C:\Users\Admin\eclipse-workspace\Amazon_Functional_Testing\Amazon_RegressionSuit.xml
	at org.testng.internal.Parameters.createParams(Parameters.java:270)
	at org.testng.internal.Parameters.createParametersForMethod(Parameters.java:358)
	at org.testng.internal.Parameters.createParameters(Parameters.java:700)
	at org.testng.internal.Parameters.createConfigurationParameters(Parameters.java:168)
	at org.testng.internal.ConfigInvoker.invokeConfigurations(ConfigInvoker.java:302)
	at org.testng.TestRunner.invokeTestConfigurations(TestRunner.java:637)
	at org.testng.TestRunner.beforeRun(TestRunner.java:627)
	at org.testng.TestRunner.run(TestRunner.java:589)
	at org.testng.SuiteRunner.runTest(SuiteRunner.java:377)
	at org.testng.SuiteRunner.runSequentially(SuiteRunner.java:371)
	at org.testng.SuiteRunner.privateRun(SuiteRunner.java:332)
	at org.testng.SuiteRunner.run(SuiteRunner.java:276)
	at org.testng.SuiteRunnerWorker.runSuite(SuiteRunnerWorker.java:53)
	at org.testng.SuiteRunnerWorker.run(SuiteRunnerWorker.java:96)
	at org.testng.TestNG.runSuitesSequentially(TestNG.java:1212)
	at org.testng.TestNG.runSuitesLocally(TestNG.java:1134)
	at org.testng.TestNG.runSuites(TestNG.java:1063)
	at org.testng.TestNG.run(TestNG.java:1031)
	at org.testng.remote.AbstractRemoteTestNG.run(AbstractRemoteTestNG.java:115)
	at org.testng.remote.RemoteTestNG.initAndRun(RemoteTestNG.java:293)
	at org.testng.remote.RemoteTestNG.main(RemoteTestNG.java:91)
</pre></div></td>
<td>0</td>
<td>amazonTestNGPackage.VerifyTotalAmountIsDisplyedToUser@5fe94a96</td></tr>
<tr>
<td title='amazonTestNGPackage.VerifyRemoveElementAddedInCart.methods()'><b>methods</b><br>Test class: amazonTestNGPackage.VerifyRemoveElementAddedInCart</td>
<td><div><pre>org.testng.TestNGException: 
Parameter &apos;browser&apos; is required by BeforeTest on method launchBrowser but has not been marked @Optional or defined
in C:\Users\Admin\eclipse-workspace\Amazon_Functional_Testing\Amazon_RegressionSuit.xml
... Removed 21 stack frames</pre></div><a href='#' onClick='toggleBox("stack-trace2123444693", this, "Click to show all stack frames", "Click to hide stack frames")'>Click to show all stack frames</a>
<div class='stack-trace' id='stack-trace2123444693'><pre>org.testng.TestNGException: 
Parameter &apos;browser&apos; is required by BeforeTest on method launchBrowser but has not been marked @Optional or defined
in C:\Users\Admin\eclipse-workspace\Amazon_Functional_Testing\Amazon_RegressionSuit.xml
	at org.testng.internal.Parameters.createParams(Parameters.java:270)
	at org.testng.internal.Parameters.createParametersForMethod(Parameters.java:358)
	at org.testng.internal.Parameters.createParameters(Parameters.java:700)
	at org.testng.internal.Parameters.createConfigurationParameters(Parameters.java:168)
	at org.testng.internal.ConfigInvoker.invokeConfigurations(ConfigInvoker.java:302)
	at org.testng.TestRunner.invokeTestConfigurations(TestRunner.java:637)
	at org.testng.TestRunner.beforeRun(TestRunner.java:627)
	at org.testng.TestRunner.run(TestRunner.java:589)
	at org.testng.SuiteRunner.runTest(SuiteRunner.java:377)
	at org.testng.SuiteRunner.runSequentially(SuiteRunner.java:371)
	at org.testng.SuiteRunner.privateRun(SuiteRunner.java:332)
	at org.testng.SuiteRunner.run(SuiteRunner.java:276)
	at org.testng.SuiteRunnerWorker.runSuite(SuiteRunnerWorker.java:53)
	at org.testng.SuiteRunnerWorker.run(SuiteRunnerWorker.java:96)
	at org.testng.TestNG.runSuitesSequentially(TestNG.java:1212)
	at org.testng.TestNG.runSuitesLocally(TestNG.java:1134)
	at org.testng.TestNG.runSuites(TestNG.java:1063)
	at org.testng.TestNG.run(TestNG.java:1031)
	at org.testng.remote.AbstractRemoteTestNG.run(AbstractRemoteTestNG.java:115)
	at org.testng.remote.RemoteTestNG.initAndRun(RemoteTestNG.java:293)
	at org.testng.remote.RemoteTestNG.main(RemoteTestNG.java:91)
</pre></div></td>
<td>0</td>
<td>amazonTestNGPackage.VerifyRemoveElementAddedInCart@59474f18</td></tr>
<tr>
<td title='amazonTestNGPackage.VerifyScrollingDownActionForShareButton.clickAccountsAndLists()'><b>clickAccountsAndLists</b><br>Test class: amazonTestNGPackage.VerifyScrollingDownActionForShareButton</td>
<td><div><pre>org.testng.TestNGException: 
Parameter &apos;browser&apos; is required by BeforeTest on method launchBrowser but has not been marked @Optional or defined
in C:\Users\Admin\eclipse-workspace\Amazon_Functional_Testing\Amazon_RegressionSuit.xml
... Removed 21 stack frames</pre></div><a href='#' onClick='toggleBox("stack-trace680712932", this, "Click to show all stack frames", "Click to hide stack frames")'>Click to show all stack frames</a>
<div class='stack-trace' id='stack-trace680712932'><pre>org.testng.TestNGException: 
Parameter &apos;browser&apos; is required by BeforeTest on method launchBrowser but has not been marked @Optional or defined
in C:\Users\Admin\eclipse-workspace\Amazon_Functional_Testing\Amazon_RegressionSuit.xml
	at org.testng.internal.Parameters.createParams(Parameters.java:270)
	at org.testng.internal.Parameters.createParametersForMethod(Parameters.java:358)
	at org.testng.internal.Parameters.createParameters(Parameters.java:700)
	at org.testng.internal.Parameters.createConfigurationParameters(Parameters.java:168)
	at org.testng.internal.ConfigInvoker.invokeConfigurations(ConfigInvoker.java:302)
	at org.testng.TestRunner.invokeTestConfigurations(TestRunner.java:637)
	at org.testng.TestRunner.beforeRun(TestRunner.java:627)
	at org.testng.TestRunner.run(TestRunner.java:589)
	at org.testng.SuiteRunner.runTest(SuiteRunner.java:377)
	at org.testng.SuiteRunner.runSequentially(SuiteRunner.java:371)
	at org.testng.SuiteRunner.privateRun(SuiteRunner.java:332)
	at org.testng.SuiteRunner.run(SuiteRunner.java:276)
	at org.testng.SuiteRunnerWorker.runSuite(SuiteRunnerWorker.java:53)
	at org.testng.SuiteRunnerWorker.run(SuiteRunnerWorker.java:96)
	at org.testng.TestNG.runSuitesSequentially(TestNG.java:1212)
	at org.testng.TestNG.runSuitesLocally(TestNG.java:1134)
	at org.testng.TestNG.runSuites(TestNG.java:1063)
	at org.testng.TestNG.run(TestNG.java:1031)
	at org.testng.remote.AbstractRemoteTestNG.run(AbstractRemoteTestNG.java:115)
	at org.testng.remote.RemoteTestNG.initAndRun(RemoteTestNG.java:293)
	at org.testng.remote.RemoteTestNG.main(RemoteTestNG.java:91)
</pre></div></td>
<td>0</td>
<td>amazonTestNGPackage.VerifyScrollingDownActionForShareButton@639c2c1d</td></tr>
<tr>
<td title='amazonTestNGPackage.VerifyAccountsAndLists.clickAccountsAndLists()'><b>clickAccountsAndLists</b><br>Test class: amazonTestNGPackage.VerifyAccountsAndLists</td>
<td><div><pre>org.testng.TestNGException: 
Parameter &apos;browser&apos; is required by BeforeTest on method launchBrowser but has not been marked @Optional or defined
in C:\Users\Admin\eclipse-workspace\Amazon_Functional_Testing\Amazon_RegressionSuit.xml
... Removed 21 stack frames</pre></div><a href='#' onClick='toggleBox("stack-trace1301352406", this, "Click to show all stack frames", "Click to hide stack frames")'>Click to show all stack frames</a>
<div class='stack-trace' id='stack-trace1301352406'><pre>org.testng.TestNGException: 
Parameter &apos;browser&apos; is required by BeforeTest on method launchBrowser but has not been marked @Optional or defined
in C:\Users\Admin\eclipse-workspace\Amazon_Functional_Testing\Amazon_RegressionSuit.xml
	at org.testng.internal.Parameters.createParams(Parameters.java:270)
	at org.testng.internal.Parameters.createParametersForMethod(Parameters.java:358)
	at org.testng.internal.Parameters.createParameters(Parameters.java:700)
	at org.testng.internal.Parameters.createConfigurationParameters(Parameters.java:168)
	at org.testng.internal.ConfigInvoker.invokeConfigurations(ConfigInvoker.java:302)
	at org.testng.TestRunner.invokeTestConfigurations(TestRunner.java:637)
	at org.testng.TestRunner.beforeRun(TestRunner.java:627)
	at org.testng.TestRunner.run(TestRunner.java:589)
	at org.testng.SuiteRunner.runTest(SuiteRunner.java:377)
	at org.testng.SuiteRunner.runSequentially(SuiteRunner.java:371)
	at org.testng.SuiteRunner.privateRun(SuiteRunner.java:332)
	at org.testng.SuiteRunner.run(SuiteRunner.java:276)
	at org.testng.SuiteRunnerWorker.runSuite(SuiteRunnerWorker.java:53)
	at org.testng.SuiteRunnerWorker.run(SuiteRunnerWorker.java:96)
	at org.testng.TestNG.runSuitesSequentially(TestNG.java:1212)
	at org.testng.TestNG.runSuitesLocally(TestNG.java:1134)
	at org.testng.TestNG.runSuites(TestNG.java:1063)
	at org.testng.TestNG.run(TestNG.java:1031)
	at org.testng.remote.AbstractRemoteTestNG.run(AbstractRemoteTestNG.java:115)
	at org.testng.remote.RemoteTestNG.initAndRun(RemoteTestNG.java:293)
	at org.testng.remote.RemoteTestNG.main(RemoteTestNG.java:91)
</pre></div></td>
<td>0</td>
<td>amazonTestNGPackage.VerifyAccountsAndLists@74235045</td></tr>
<tr>
<td title='amazonTestNGPackage.VerifyAddToCartScenario.verifyAddToCart()'><b>verifyAddToCart</b><br>Test class: amazonTestNGPackage.VerifyAddToCartScenario</td>
<td><div><pre>org.testng.TestNGException: 
Parameter &apos;browser&apos; is required by BeforeTest on method launchBrowser but has not been marked @Optional or defined
in C:\Users\Admin\eclipse-workspace\Amazon_Functional_Testing\Amazon_RegressionSuit.xml
... Removed 21 stack frames</pre></div><a href='#' onClick='toggleBox("stack-trace81412691", this, "Click to show all stack frames", "Click to hide stack frames")'>Click to show all stack frames</a>
<div class='stack-trace' id='stack-trace81412691'><pre>org.testng.TestNGException: 
Parameter &apos;browser&apos; is required by BeforeTest on method launchBrowser but has not been marked @Optional or defined
in C:\Users\Admin\eclipse-workspace\Amazon_Functional_Testing\Amazon_RegressionSuit.xml
	at org.testng.internal.Parameters.createParams(Parameters.java:270)
	at org.testng.internal.Parameters.createParametersForMethod(Parameters.java:358)
	at org.testng.internal.Parameters.createParameters(Parameters.java:700)
	at org.testng.internal.Parameters.createConfigurationParameters(Parameters.java:168)
	at org.testng.internal.ConfigInvoker.invokeConfigurations(ConfigInvoker.java:302)
	at org.testng.TestRunner.invokeTestConfigurations(TestRunner.java:637)
	at org.testng.TestRunner.beforeRun(TestRunner.java:627)
	at org.testng.TestRunner.run(TestRunner.java:589)
	at org.testng.SuiteRunner.runTest(SuiteRunner.java:377)
	at org.testng.SuiteRunner.runSequentially(SuiteRunner.java:371)
	at org.testng.SuiteRunner.privateRun(SuiteRunner.java:332)
	at org.testng.SuiteRunner.run(SuiteRunner.java:276)
	at org.testng.SuiteRunnerWorker.runSuite(SuiteRunnerWorker.java:53)
	at org.testng.SuiteRunnerWorker.run(SuiteRunnerWorker.java:96)
	at org.testng.TestNG.runSuitesSequentially(TestNG.java:1212)
	at org.testng.TestNG.runSuitesLocally(TestNG.java:1134)
	at org.testng.TestNG.runSuites(TestNG.java:1063)
	at org.testng.TestNG.run(TestNG.java:1031)
	at org.testng.remote.AbstractRemoteTestNG.run(AbstractRemoteTestNG.java:115)
	at org.testng.remote.RemoteTestNG.initAndRun(RemoteTestNG.java:293)
	at org.testng.remote.RemoteTestNG.main(RemoteTestNG.java:91)
</pre></div></td>
<td>0</td>
<td>amazonTestNGPackage.VerifyAddToCartScenario@443118b0</td></tr>
<tr>
<td title='amazonTestNGPackage.VerifyElementsPresentOnScreen.checkAutoSuggestion()'><b>checkAutoSuggestion</b><br>Test class: amazonTestNGPackage.VerifyElementsPresentOnScreen</td>
<td><div><pre>org.testng.TestNGException: 
Parameter &apos;browser&apos; is required by BeforeTest on method launchBrowser but has not been marked @Optional or defined
in C:\Users\Admin\eclipse-workspace\Amazon_Functional_Testing\Amazon_RegressionSuit.xml
... Removed 21 stack frames</pre></div><a href='#' onClick='toggleBox("stack-trace236840983", this, "Click to show all stack frames", "Click to hide stack frames")'>Click to show all stack frames</a>
<div class='stack-trace' id='stack-trace236840983'><pre>org.testng.TestNGException: 
Parameter &apos;browser&apos; is required by BeforeTest on method launchBrowser but has not been marked @Optional or defined
in C:\Users\Admin\eclipse-workspace\Amazon_Functional_Testing\Amazon_RegressionSuit.xml
	at org.testng.internal.Parameters.createParams(Parameters.java:270)
	at org.testng.internal.Parameters.createParametersForMethod(Parameters.java:358)
	at org.testng.internal.Parameters.createParameters(Parameters.java:700)
	at org.testng.internal.Parameters.createConfigurationParameters(Parameters.java:168)
	at org.testng.internal.ConfigInvoker.invokeConfigurations(ConfigInvoker.java:302)
	at org.testng.TestRunner.invokeTestConfigurations(TestRunner.java:637)
	at org.testng.TestRunner.beforeRun(TestRunner.java:627)
	at org.testng.TestRunner.run(TestRunner.java:589)
	at org.testng.SuiteRunner.runTest(SuiteRunner.java:377)
	at org.testng.SuiteRunner.runSequentially(SuiteRunner.java:371)
	at org.testng.SuiteRunner.privateRun(SuiteRunner.java:332)
	at org.testng.SuiteRunner.run(SuiteRunner.java:276)
	at org.testng.SuiteRunnerWorker.runSuite(SuiteRunnerWorker.java:53)
	at org.testng.SuiteRunnerWorker.run(SuiteRunnerWorker.java:96)
	at org.testng.TestNG.runSuitesSequentially(TestNG.java:1212)
	at org.testng.TestNG.runSuitesLocally(TestNG.java:1134)
	at org.testng.TestNG.runSuites(TestNG.java:1063)
	at org.testng.TestNG.run(TestNG.java:1031)
	at org.testng.remote.AbstractRemoteTestNG.run(AbstractRemoteTestNG.java:115)
	at org.testng.remote.RemoteTestNG.initAndRun(RemoteTestNG.java:293)
	at org.testng.remote.RemoteTestNG.main(RemoteTestNG.java:91)
</pre></div></td>
<td>0</td>
<td>amazonTestNGPackage.VerifyElementsPresentOnScreen@515c6049</td></tr>
<tr>
<td title='amazonTestNGPackage.VerifyProductRating.checkAutoSuggestion()'><b>checkAutoSuggestion</b><br>Test class: amazonTestNGPackage.VerifyProductRating</td>
<td><div><pre>org.testng.TestNGException: 
Parameter &apos;browser&apos; is required by BeforeTest on method launchBrowser but has not been marked @Optional or defined
in C:\Users\Admin\eclipse-workspace\Amazon_Functional_Testing\Amazon_RegressionSuit.xml
... Removed 21 stack frames</pre></div><a href='#' onClick='toggleBox("stack-trace1997353766", this, "Click to show all stack frames", "Click to hide stack frames")'>Click to show all stack frames</a>
<div class='stack-trace' id='stack-trace1997353766'><pre>org.testng.TestNGException: 
Parameter &apos;browser&apos; is required by BeforeTest on method launchBrowser but has not been marked @Optional or defined
in C:\Users\Admin\eclipse-workspace\Amazon_Functional_Testing\Amazon_RegressionSuit.xml
	at org.testng.internal.Parameters.createParams(Parameters.java:270)
	at org.testng.internal.Parameters.createParametersForMethod(Parameters.java:358)
	at org.testng.internal.Parameters.createParameters(Parameters.java:700)
	at org.testng.internal.Parameters.createConfigurationParameters(Parameters.java:168)
	at org.testng.internal.ConfigInvoker.invokeConfigurations(ConfigInvoker.java:302)
	at org.testng.TestRunner.invokeTestConfigurations(TestRunner.java:637)
	at org.testng.TestRunner.beforeRun(TestRunner.java:627)
	at org.testng.TestRunner.run(TestRunner.java:589)
	at org.testng.SuiteRunner.runTest(SuiteRunner.java:377)
	at org.testng.SuiteRunner.runSequentially(SuiteRunner.java:371)
	at org.testng.SuiteRunner.privateRun(SuiteRunner.java:332)
	at org.testng.SuiteRunner.run(SuiteRunner.java:276)
	at org.testng.SuiteRunnerWorker.runSuite(SuiteRunnerWorker.java:53)
	at org.testng.SuiteRunnerWorker.run(SuiteRunnerWorker.java:96)
	at org.testng.TestNG.runSuitesSequentially(TestNG.java:1212)
	at org.testng.TestNG.runSuitesLocally(TestNG.java:1134)
	at org.testng.TestNG.runSuites(TestNG.java:1063)
	at org.testng.TestNG.run(TestNG.java:1031)
	at org.testng.remote.AbstractRemoteTestNG.run(AbstractRemoteTestNG.java:115)
	at org.testng.remote.RemoteTestNG.initAndRun(RemoteTestNG.java:293)
	at org.testng.remote.RemoteTestNG.main(RemoteTestNG.java:91)
</pre></div></td>
<td>0</td>
<td>amazonTestNGPackage.VerifyProductRating@765d7657</td></tr>
<tr>
<td title='amazonTestNGPackage.VerifyIncreaseInQuantityNumberOnAddingSameItem.verification()'><b>verification</b><br>Test class: amazonTestNGPackage.VerifyIncreaseInQuantityNumberOnAddingSameItem</td>
<td><div><pre>org.testng.TestNGException: 
Parameter &apos;browser&apos; is required by BeforeTest on method launchBrowser but has not been marked @Optional or defined
in C:\Users\Admin\eclipse-workspace\Amazon_Functional_Testing\Amazon_RegressionSuit.xml
... Removed 21 stack frames</pre></div><a href='#' onClick='toggleBox("stack-trace278240974", this, "Click to show all stack frames", "Click to hide stack frames")'>Click to show all stack frames</a>
<div class='stack-trace' id='stack-trace278240974'><pre>org.testng.TestNGException: 
Parameter &apos;browser&apos; is required by BeforeTest on method launchBrowser but has not been marked @Optional or defined
in C:\Users\Admin\eclipse-workspace\Amazon_Functional_Testing\Amazon_RegressionSuit.xml
	at org.testng.internal.Parameters.createParams(Parameters.java:270)
	at org.testng.internal.Parameters.createParametersForMethod(Parameters.java:358)
	at org.testng.internal.Parameters.createParameters(Parameters.java:700)
	at org.testng.internal.Parameters.createConfigurationParameters(Parameters.java:168)
	at org.testng.internal.ConfigInvoker.invokeConfigurations(ConfigInvoker.java:302)
	at org.testng.TestRunner.invokeTestConfigurations(TestRunner.java:637)
	at org.testng.TestRunner.beforeRun(TestRunner.java:627)
	at org.testng.TestRunner.run(TestRunner.java:589)
	at org.testng.SuiteRunner.runTest(SuiteRunner.java:377)
	at org.testng.SuiteRunner.runSequentially(SuiteRunner.java:371)
	at org.testng.SuiteRunner.privateRun(SuiteRunner.java:332)
	at org.testng.SuiteRunner.run(SuiteRunner.java:276)
	at org.testng.SuiteRunnerWorker.runSuite(SuiteRunnerWorker.java:53)
	at org.testng.SuiteRunnerWorker.run(SuiteRunnerWorker.java:96)
	at org.testng.TestNG.runSuitesSequentially(TestNG.java:1212)
	at org.testng.TestNG.runSuitesLocally(TestNG.java:1134)
	at org.testng.TestNG.runSuites(TestNG.java:1063)
	at org.testng.TestNG.run(TestNG.java:1031)
	at org.testng.remote.AbstractRemoteTestNG.run(AbstractRemoteTestNG.java:115)
	at org.testng.remote.RemoteTestNG.initAndRun(RemoteTestNG.java:293)
	at org.testng.remote.RemoteTestNG.main(RemoteTestNG.java:91)
</pre></div></td>
<td>0</td>
<td>amazonTestNGPackage.VerifyIncreaseInQuantityNumberOnAddingSameItem@2d3379b4</td></tr>
</table><p>
</body>
</html>